#
# A fatal error has been detected by the Java Runtime Environment:
#
#  EXCEPTION_ACCESS_VIOLATION (0xc0000005) at pc=0x0000022e85ca1066, pid=6876, tid=0x0000000000002cac
#
# JRE version: Java(TM) SE Runtime Environment (8.0_261-b12) (build 1.8.0_261-b12)
# Java VM: Java HotSpot(TM) 64-Bit Server VM (25.261-b12 mixed mode windows-amd64 compressed oops)
# Problematic frame:
# C  [OpenAL64.dll+0x11066]
#
# Failed to write core dump. Minidumps are not enabled by default on client versions of Windows
#
# If you would like to submit a bug report, please visit:
#   http://bugreport.java.com/bugreport/crash.jsp
# The crash happened outside the Java Virtual Machine in native code.
# See problematic frame for where to report the bug.
#

---------------  T H R E A D  ---------------

Current thread (0x0000022ecc680000):  JavaThread "Client thread" [_thread_in_native, id=11436, stack(0x00000085d7200000,0x00000085d7300000)]

siginfo: ExceptionCode=0xc0000005, reading address 0x0000022e957aa004

Registers:
RAX=0x0000000000000004, RBX=0x0000022e898b0090, RCX=0x0000022e957aa008, RDX=0x0000022e957aa004
RSP=0x00000085d72fd960, RBP=0x00000000000000ff, RSI=0x0000022e957a999c, RDI=0x0000000000000000
R8 =0x000000000000019a, R9 =0x0000022e957a999c, R10=0x0000022ece3c9b02, R11=0x000000005ae49e30
R12=0x0000000000000001, R13=0x0000022e9d6ab3a0, R14=0x00000085d72fdaf8, R15=0x0000022ecc680000
RIP=0x0000022e85ca1066, EFLAGS=0x0000000000010202

Top of Stack: (sp=0x00000085d72fd960)
0x00000085d72fd960:   fffffffe00000000 0000022ecc680000
0x00000085d72fd970:   0000022e9d6ab3a0 0000000000000000
0x00000085d72fd980:   0000022e9d6ab3a0 0000000000000000
0x00000085d72fd990:   0000022ecc680000 00000085d72fdaf8
0x00000085d72fd9a0:   00000085d72fdac0 000000005ace28eb
0x00000085d72fd9b0:   00000085d72fd9e0 0000000000000013
0x00000085d72fd9c0:   0000022ecc651e40 0000022ecc6805c0
0x00000085d72fd9d0:   0000022ecc680000 00000085d72fdaf8
0x00000085d72fd9e0:   0000022e9d6ab3a0 0000000000000000
0x00000085d72fd9f0:   0000022e957a999c 00000006c8a367d0
0x00000085d72fda00:   00000085d72fdac0 0000022e85ca248f
0x00000085d72fda10:   0000022e898b0090 0000022e898b0090
0x00000085d72fda20:   0000022e0000ac44 0000022e00000004
0x00000085d72fda30:   0000000000000010 0000022ece3c9b2e
0x00000085d72fda40:   0000022e9d6ab3a0 0000022ece3c9825
0x00000085d72fda50:   0000022e9d6ab3a0 00000085d72fdac0 

Instructions: (pc=0x0000022e85ca1066)
0x0000022e85ca1046:   41 2b ec 81 3a 03 00 02 00 75 09 8b 01 89 84 24
0x0000022e85ca1056:   c8 00 00 00 49 83 c0 02 48 83 c1 08 4a 8d 14 86
0x0000022e85ca1066:   39 3a 75 af 4c 8d 84 24 c0 00 00 00 48 8d 15 d7
0x0000022e85ca1076:   2b 03 00 33 c9 e8 58 5f 00 00 b8 40 1f 00 00 4c 


Register to memory mapping:

RAX=0x0000000000000004 is an unknown value
RBX=0x0000022e898b0090 is an unknown value
RCX=0x0000022e957aa008 is an unknown value
RDX=0x0000022e957aa004 is an unknown value
RSP=0x00000085d72fd960 is pointing into the stack for thread: 0x0000022ecc680000
RBP=0x00000000000000ff is an unknown value
RSI=0x0000022e957a999c is an unknown value
RDI=0x0000000000000000 is an unknown value
R8 =0x000000000000019a is an unknown value
R9 =0x0000022e957a999c is an unknown value
R10=0x0000022ece3c9b02 is at code_begin+962 in an Interpreter codelet
method entry point (kind = native)  [0x0000022ece3c9740, 0x0000022ece3ca260]  2848 bytes
R11=0x000000005ae49e30 is an unknown value
R12=0x0000000000000001 is an unknown value
R13={method} {0x0000022e9d6ab3a8} 'nalcCreateContext' '(JJ)J' in 'org/lwjgl/openal/ALC10'
R14=0x00000085d72fdaf8 is pointing into the stack for thread: 0x0000022ecc680000
R15=0x0000022ecc680000 is a thread


Stack: [0x00000085d7200000,0x00000085d7300000],  sp=0x00000085d72fd960,  free space=1014k
Native frames: (J=compiled Java code, j=interpreted, Vv=VM code, C=native code)
C  [OpenAL64.dll+0x11066]
C  [OpenAL64.dll+0x1248f]
C  0x0000022ece3c9b2e

Java frames: (J=compiled Java code, j=interpreted, Vv=VM code)
j  org.lwjgl.openal.ALC10.nalcCreateContext(JJ)J+0
j  org.lwjgl.openal.ALC10.alcCreateContext(Lorg/lwjgl/openal/ALCdevice;Ljava/nio/IntBuffer;)Lorg/lwjgl/openal/ALCcontext;+8
j  org.lwjgl.openal.AL.init(Ljava/lang/String;IIZZ)V+69
j  org.lwjgl.openal.AL.create(Ljava/lang/String;IIZZ)V+246
j  org.lwjgl.openal.AL.create(Ljava/lang/String;IIZ)V+5
j  org.lwjgl.openal.AL.create()V+6
j  org.orecruncher.dsurround.client.sound.SoundEngine.configureSound(Lnet/minecraftforge/client/event/sound/SoundSetupEvent;)V+18
j  net.minecraftforge.fml.common.eventhandler.ASMEventHandler_562_SoundEngine_configureSound_SoundSetupEvent.invoke(Lnet/minecraftforge/fml/common/eventhandler/Event;)V+5
J 15024 C2 net.minecraftforge.fml.common.eventhandler.EventBus.post(Lnet/minecraftforge/fml/common/eventhandler/Event;)Z (99 bytes) @ 0x0000022ed06401e0 [0x0000022ed06400e0+0x100]
j  net.minecraft.client.audio.SoundManager.<init>(Lnet/minecraft/client/audio/SoundHandler;Lnet/minecraft/client/settings/GameSettings;)V+102
j  net.minecraft.client.audio.SoundHandler.<init>(Lnet/minecraft/client/resources/IResourceManager;Lnet/minecraft/client/settings/GameSettings;)V+27
j  net.minecraft.client.Minecraft.func_71384_a()V+380
j  net.minecraft.client.Minecraft.func_99999_d()V+6
j  net.minecraft.client.main.Main.main([Ljava/lang/String;)V+1094
v  ~StubRoutines::call_stub
J 2680  sun.reflect.NativeMethodAccessorImpl.invoke0(Ljava/lang/reflect/Method;Ljava/lang/Object;[Ljava/lang/Object;)Ljava/lang/Object; (0 bytes) @ 0x0000022eced21bbf [0x0000022eced21b40+0x7f]
J 2679 C1 sun.reflect.NativeMethodAccessorImpl.invoke(Ljava/lang/Object;[Ljava/lang/Object;)Ljava/lang/Object; (104 bytes) @ 0x0000022eced2bbdc [0x0000022eced2a9c0+0x121c]
J 2001 C1 sun.reflect.DelegatingMethodAccessorImpl.invoke(Ljava/lang/Object;[Ljava/lang/Object;)Ljava/lang/Object; (10 bytes) @ 0x0000022ecea439cc [0x0000022ecea438c0+0x10c]
J 2000 C1 java.lang.reflect.Method.invoke(Ljava/lang/Object;[Ljava/lang/Object;)Ljava/lang/Object; (62 bytes) @ 0x0000022ecea44174 [0x0000022ecea43d80+0x3f4]
j  net.minecraft.launchwrapper.Launch.launch([Ljava/lang/String;)V+661
j  net.minecraft.launchwrapper.Launch.main([Ljava/lang/String;)V+8
v  ~StubRoutines::call_stub
j  sun.reflect.NativeMethodAccessorImpl.invoke0(Ljava/lang/reflect/Method;Ljava/lang/Object;[Ljava/lang/Object;)Ljava/lang/Object;+0
j  sun.reflect.NativeMethodAccessorImpl.invoke(Ljava/lang/Object;[Ljava/lang/Object;)Ljava/lang/Object;+100
j  sun.reflect.DelegatingMethodAccessorImpl.invoke(Ljava/lang/Object;[Ljava/lang/Object;)Ljava/lang/Object;+6
j  java.lang.reflect.Method.invoke(Ljava/lang/Object;[Ljava/lang/Object;)Ljava/lang/Object;+56
j  org.multimc.onesix.OneSixLauncher.launchWithMainClass()I+232
j  org.multimc.onesix.OneSixLauncher.launch(Lorg/multimc/ParamBucket;)I+67
j  org.multimc.EntryPoint.listen()I+160
j  org.multimc.EntryPoint.main([Ljava/lang/String;)V+9
v  ~StubRoutines::call_stub

---------------  P R O C E S S  ---------------

Java Threads: ( => current thread )
  0x0000022e88c81000 JavaThread "Thread-11" daemon [_thread_blocked, id=14016, stack(0x00000085d9700000,0x00000085d9800000)]
  0x0000022e88c80800 JavaThread "Thread-10" daemon [_thread_blocked, id=15096, stack(0x00000085d9600000,0x00000085d9700000)]
  0x0000022e88c7d800 JavaThread "File IO Thread" [_thread_blocked, id=7076, stack(0x00000085d7000000,0x00000085d7100000)]
  0x0000022e88c7a800 JavaThread "pool-2-thread-1" [_thread_blocked, id=11236, stack(0x00000085d6f00000,0x00000085d7000000)]
  0x0000022e88c78800 JavaThread "Culling Thread" daemon [_thread_blocked, id=13856, stack(0x00000085d8900000,0x00000085d8a00000)]
  0x0000022eee84a800 JavaThread "LWJGL Timer" daemon [_thread_blocked, id=15204, stack(0x00000085d9300000,0x00000085d9400000)]
  0x0000022eee849800 JavaThread "Thread-3" [_thread_blocked, id=4108, stack(0x00000085d9200000,0x00000085d9300000)]
  0x0000022eee844800 JavaThread "Java2D Disposer" daemon [_thread_blocked, id=12156, stack(0x00000085d8c00000,0x00000085d8d00000)]
  0x0000022eeb21d000 JavaThread "Timer hack thread" daemon [_thread_blocked, id=5096, stack(0x00000085d8b00000,0x00000085d8c00000)]
  0x0000022eeb21c000 JavaThread "Snooper Timer" daemon [_thread_blocked, id=14376, stack(0x00000085d8a00000,0x00000085d8b00000)]
  0x0000022eeac81000 JavaThread "Service Thread" daemon [_thread_blocked, id=11700, stack(0x00000085d8700000,0x00000085d8800000)]
  0x0000022eeac1a000 JavaThread "C1 CompilerThread2" daemon [_thread_blocked, id=15316, stack(0x00000085d8600000,0x00000085d8700000)]
  0x0000022eeac0a000 JavaThread "C2 CompilerThread1" daemon [_thread_blocked, id=14396, stack(0x00000085d8500000,0x00000085d8600000)]
  0x0000022eeac06000 JavaThread "C2 CompilerThread0" daemon [_thread_blocked, id=5376, stack(0x00000085d8400000,0x00000085d8500000)]
  0x0000022eeac05000 JavaThread "Attach Listener" daemon [_thread_blocked, id=11408, stack(0x00000085d8300000,0x00000085d8400000)]
  0x0000022eeac02800 JavaThread "Signal Dispatcher" daemon [_thread_blocked, id=13336, stack(0x00000085d8200000,0x00000085d8300000)]
  0x0000022eeac01800 JavaThread "Surrogate Locker Thread (Concurrent GC)" daemon [_thread_blocked, id=6564, stack(0x00000085d8100000,0x00000085d8200000)]
  0x0000022eeabe6000 JavaThread "Finalizer" daemon [_thread_blocked, id=11532, stack(0x00000085d8000000,0x00000085d8100000)]
  0x0000022eeabd9800 JavaThread "Reference Handler" daemon [_thread_blocked, id=8552, stack(0x00000085d7f00000,0x00000085d8000000)]
=>0x0000022ecc680000 JavaThread "Client thread" [_thread_in_native, id=11436, stack(0x00000085d7200000,0x00000085d7300000)]

Other Threads:
  0x0000022eeabd4800 VMThread [stack: 0x00000085d7e00000,0x00000085d7f00000] [id=5572]
  0x0000022eeac88000 WatcherThread [stack: 0x00000085d8800000,0x00000085d8900000] [id=7576]

VM state:not at safepoint (normal execution)

VM Mutex/Monitor currently owned by a thread: None

heap address: 0x00000006c6000000, size: 4000 MB, Compressed Oops mode: Zero based, Oop shift amount: 3
Narrow klass base: 0x0000000000000000, Narrow klass shift: 3
Compressed class space size: 1073741824 Address: 0x00000007c0000000

Heap:
 garbage-first heap   total 4096000K, used 1767296K [0x00000006c6000000, 0x00000006c80003e8, 0x00000007c0000000)
  region size 32768K, 30 young (983040K), 5 survivors (163840K)
 Metaspace       used 192420K, capacity 197079K, committed 197272K, reserved 1210368K
  class space    used 34846K, capacity 36430K, committed 36556K, reserved 1048576K

Heap Regions: (Y=young(eden), SU=young(survivor), HS=humongous(starts), HC=humongous(continues), CS=collection set, F=free, TS=gc time stamp, PTAMS=previous top-at-mark-start, NTAMS=next top-at-mark-start)
AC   0 HS    TS     0 PTAMS 0x00000006c7000010 NTAMS 0x00000006c7000010 space 32768K,  50% used [0x00000006c6000000, 0x00000006c8000000)
AC   0  O    TS     0 PTAMS 0x00000006ca000000 NTAMS 0x00000006ca000000 space 32768K, 100% used [0x00000006c8000000, 0x00000006ca000000)
AC   0  O    TS     0 PTAMS 0x00000006cc000000 NTAMS 0x00000006cc000000 space 32768K, 100% used [0x00000006ca000000, 0x00000006cc000000)
AC   0  O    TS     0 PTAMS 0x00000006ce000000 NTAMS 0x00000006ce000000 space 32768K, 100% used [0x00000006cc000000, 0x00000006ce000000)
AC   0  O    TS     0 PTAMS 0x00000006d0000000 NTAMS 0x00000006d0000000 space 32768K, 100% used [0x00000006ce000000, 0x00000006d0000000)
AC   0  O    TS     0 PTAMS 0x00000006d2000000 NTAMS 0x00000006d2000000 space 32768K, 100% used [0x00000006d0000000, 0x00000006d2000000)
AC   0  O    TS     0 PTAMS 0x00000006d4000000 NTAMS 0x00000006d4000000 space 32768K, 100% used [0x00000006d2000000, 0x00000006d4000000)
AC   0  O    TS     0 PTAMS 0x00000006d6000000 NTAMS 0x00000006d6000000 space 32768K, 100% used [0x00000006d4000000, 0x00000006d6000000)
AC   0  O    TS     0 PTAMS 0x00000006d8000000 NTAMS 0x00000006d8000000 space 32768K, 100% used [0x00000006d6000000, 0x00000006d8000000)
AC   0  O    TS     0 PTAMS 0x00000006da000000 NTAMS 0x00000006da000000 space 32768K, 100% used [0x00000006d8000000, 0x00000006da000000)
AC   0  O    TS     0 PTAMS 0x00000006dc000000 NTAMS 0x00000006dc000000 space 32768K, 100% used [0x00000006da000000, 0x00000006dc000000)
AC   0  O    TS     0 PTAMS 0x00000006de000000 NTAMS 0x00000006de000000 space 32768K, 100% used [0x00000006dc000000, 0x00000006de000000)
AC   0  O    TS     0 PTAMS 0x00000006e0000000 NTAMS 0x00000006e0000000 space 32768K, 100% used [0x00000006de000000, 0x00000006e0000000)
AC   0  O    TS     0 PTAMS 0x00000006e2000000 NTAMS 0x00000006e2000000 space 32768K, 100% used [0x00000006e0000000, 0x00000006e2000000)
AC   0  O    TS     0 PTAMS 0x00000006e4000000 NTAMS 0x00000006e4000000 space 32768K, 100% used [0x00000006e2000000, 0x00000006e4000000)
AC   0  O    TS     0 PTAMS 0x00000006e6000000 NTAMS 0x00000006e6000000 space 32768K, 100% used [0x00000006e4000000, 0x00000006e6000000)
AC   0  O    TS     0 PTAMS 0x00000006e8000000 NTAMS 0x00000006e8000000 space 32768K, 100% used [0x00000006e6000000, 0x00000006e8000000)
AC   0  O    TS     0 PTAMS 0x00000006ea000000 NTAMS 0x00000006ea000000 space 32768K, 100% used [0x00000006e8000000, 0x00000006ea000000)
AC   0  O    TS     0 PTAMS 0x00000006ec000000 NTAMS 0x00000006ec000000 space 32768K, 100% used [0x00000006ea000000, 0x00000006ec000000)
AC   0  O    TS     0 PTAMS 0x00000006ee000000 NTAMS 0x00000006ee000000 space 32768K, 100% used [0x00000006ec000000, 0x00000006ee000000)
AC   0  O    TS     0 PTAMS 0x00000006f0000000 NTAMS 0x00000006f0000000 space 32768K, 100% used [0x00000006ee000000, 0x00000006f0000000)
AC   0  O    TS     0 PTAMS 0x00000006f2000000 NTAMS 0x00000006f2000000 space 32768K, 100% used [0x00000006f0000000, 0x00000006f2000000)
AC   0  O    TS     0 PTAMS 0x00000006f4000000 NTAMS 0x00000006f4000000 space 32768K, 100% used [0x00000006f2000000, 0x00000006f4000000)
AC   0  O    TS     0 PTAMS 0x00000006f6000000 NTAMS 0x00000006f6000000 space 32768K, 100% used [0x00000006f4000000, 0x00000006f6000000)
AC   0  O    TS     0 PTAMS 0x00000006f8000000 NTAMS 0x00000006f8000000 space 32768K, 100% used [0x00000006f6000000, 0x00000006f8000000)
AC   0  O    TS     0 PTAMS 0x00000006f9de0000 NTAMS 0x00000006f9de0000 space 32768K,  93% used [0x00000006f8000000, 0x00000006fa000000)
AC   0  F    TS     0 PTAMS 0x00000006fa000000 NTAMS 0x00000006fa000000 space 32768K,   0% used [0x00000006fa000000, 0x00000006fc000000)
AC   0  F    TS     0 PTAMS 0x00000006fc000000 NTAMS 0x00000006fc000000 space 32768K,   0% used [0x00000006fc000000, 0x00000006fe000000)
AC   0  F    TS     0 PTAMS 0x00000006fe000000 NTAMS 0x00000006fe000000 space 32768K,   0% used [0x00000006fe000000, 0x0000000700000000)
AC   0  F    TS     0 PTAMS 0x0000000700000000 NTAMS 0x0000000700000000 space 32768K,   0% used [0x0000000700000000, 0x0000000702000000)
AC   0  F    TS     0 PTAMS 0x0000000702000000 NTAMS 0x0000000702000000 space 32768K,   0% used [0x0000000702000000, 0x0000000704000000)
AC   0  F    TS     0 PTAMS 0x0000000704000000 NTAMS 0x0000000704000000 space 32768K,   0% used [0x0000000704000000, 0x0000000706000000)
AC   0  F    TS     0 PTAMS 0x0000000706000000 NTAMS 0x0000000706000000 space 32768K,   0% used [0x0000000706000000, 0x0000000708000000)
AC   0  F    TS     0 PTAMS 0x0000000708000000 NTAMS 0x0000000708000000 space 32768K,   0% used [0x0000000708000000, 0x000000070a000000)
AC   0  F    TS     0 PTAMS 0x000000070a000000 NTAMS 0x000000070a000000 space 32768K,   0% used [0x000000070a000000, 0x000000070c000000)
AC   0  F    TS     0 PTAMS 0x000000070c000000 NTAMS 0x000000070c000000 space 32768K,   0% used [0x000000070c000000, 0x000000070e000000)
AC   0  F    TS     0 PTAMS 0x000000070e000000 NTAMS 0x000000070e000000 space 32768K,   0% used [0x000000070e000000, 0x0000000710000000)
AC   0  F    TS     0 PTAMS 0x0000000710000000 NTAMS 0x0000000710000000 space 32768K,   0% used [0x0000000710000000, 0x0000000712000000)
AC   0  F    TS     0 PTAMS 0x0000000712000000 NTAMS 0x0000000712000000 space 32768K,   0% used [0x0000000712000000, 0x0000000714000000)
AC   0  F    TS     0 PTAMS 0x0000000714000000 NTAMS 0x0000000714000000 space 32768K,   0% used [0x0000000714000000, 0x0000000716000000)
AC   0  F    TS     0 PTAMS 0x0000000716000000 NTAMS 0x0000000716000000 space 32768K,   0% used [0x0000000716000000, 0x0000000718000000)
AC   0  F    TS     0 PTAMS 0x0000000718000000 NTAMS 0x0000000718000000 space 32768K,   0% used [0x0000000718000000, 0x000000071a000000)
AC   0  F    TS     0 PTAMS 0x000000071a000000 NTAMS 0x000000071a000000 space 32768K,   0% used [0x000000071a000000, 0x000000071c000000)
AC   0  F    TS     0 PTAMS 0x000000071c000000 NTAMS 0x000000071c000000 space 32768K,   0% used [0x000000071c000000, 0x000000071e000000)
AC   0  F    TS     0 PTAMS 0x000000071e000000 NTAMS 0x000000071e000000 space 32768K,   0% used [0x000000071e000000, 0x0000000720000000)
AC   0  F    TS     0 PTAMS 0x0000000720000000 NTAMS 0x0000000720000000 space 32768K,   0% used [0x0000000720000000, 0x0000000722000000)
AC   0  F    TS     0 PTAMS 0x0000000722000000 NTAMS 0x0000000722000000 space 32768K,   0% used [0x0000000722000000, 0x0000000724000000)
AC   0  F    TS     0 PTAMS 0x0000000724000000 NTAMS 0x0000000724000000 space 32768K,   0% used [0x0000000724000000, 0x0000000726000000)
AC   0  F    TS     0 PTAMS 0x0000000726000000 NTAMS 0x0000000726000000 space 32768K,   0% used [0x0000000726000000, 0x0000000728000000)
AC   0  F    TS     0 PTAMS 0x0000000728000000 NTAMS 0x0000000728000000 space 32768K,   0% used [0x0000000728000000, 0x000000072a000000)
AC   0  F    TS     0 PTAMS 0x000000072a000000 NTAMS 0x000000072a000000 space 32768K,   0% used [0x000000072a000000, 0x000000072c000000)
AC   0  F    TS     0 PTAMS 0x000000072c000000 NTAMS 0x000000072c000000 space 32768K,   0% used [0x000000072c000000, 0x000000072e000000)
AC   0  F    TS     0 PTAMS 0x000000072e000000 NTAMS 0x000000072e000000 space 32768K,   0% used [0x000000072e000000, 0x0000000730000000)
AC   0  F    TS     0 PTAMS 0x0000000730000000 NTAMS 0x0000000730000000 space 32768K,   0% used [0x0000000730000000, 0x0000000732000000)
AC   0  F    TS     0 PTAMS 0x0000000732000000 NTAMS 0x0000000732000000 space 32768K,   0% used [0x0000000732000000, 0x0000000734000000)
AC   0  F    TS     0 PTAMS 0x0000000734000000 NTAMS 0x0000000734000000 space 32768K,   0% used [0x0000000734000000, 0x0000000736000000)
AC   0  F    TS     0 PTAMS 0x0000000736000000 NTAMS 0x0000000736000000 space 32768K,   0% used [0x0000000736000000, 0x0000000738000000)
AC   0  F    TS     0 PTAMS 0x0000000738000000 NTAMS 0x0000000738000000 space 32768K,   0% used [0x0000000738000000, 0x000000073a000000)
AC   0  F    TS     0 PTAMS 0x000000073a000000 NTAMS 0x000000073a000000 space 32768K,   0% used [0x000000073a000000, 0x000000073c000000)
AC   0  F    TS     0 PTAMS 0x000000073c000000 NTAMS 0x000000073c000000 space 32768K,   0% used [0x000000073c000000, 0x000000073e000000)
AC   0  F    TS     0 PTAMS 0x000000073e000000 NTAMS 0x000000073e000000 space 32768K,   0% used [0x000000073e000000, 0x0000000740000000)
AC   0  F    TS     0 PTAMS 0x0000000740000000 NTAMS 0x0000000740000000 space 32768K,   0% used [0x0000000740000000, 0x0000000742000000)
AC   0  F    TS     0 PTAMS 0x0000000742000000 NTAMS 0x0000000742000000 space 32768K,   0% used [0x0000000742000000, 0x0000000744000000)
AC   0  F    TS     0 PTAMS 0x0000000744000000 NTAMS 0x0000000744000000 space 32768K,   0% used [0x0000000744000000, 0x0000000746000000)
AC   0  F    TS     0 PTAMS 0x0000000746000000 NTAMS 0x0000000746000000 space 32768K,   0% used [0x0000000746000000, 0x0000000748000000)
AC   0  F    TS     0 PTAMS 0x0000000748000000 NTAMS 0x0000000748000000 space 32768K,   0% used [0x0000000748000000, 0x000000074a000000)
AC   0  F    TS     0 PTAMS 0x000000074a000000 NTAMS 0x000000074a000000 space 32768K,   0% used [0x000000074a000000, 0x000000074c000000)
AC   0  F    TS     0 PTAMS 0x000000074c000000 NTAMS 0x000000074c000000 space 32768K,   0% used [0x000000074c000000, 0x000000074e000000)
AC   0  F    TS     0 PTAMS 0x000000074e000000 NTAMS 0x000000074e000000 space 32768K,   0% used [0x000000074e000000, 0x0000000750000000)
AC   0  F    TS     0 PTAMS 0x0000000750000000 NTAMS 0x0000000750000000 space 32768K,   0% used [0x0000000750000000, 0x0000000752000000)
AC   0  F    TS     0 PTAMS 0x0000000752000000 NTAMS 0x0000000752000000 space 32768K,   0% used [0x0000000752000000, 0x0000000754000000)
AC   0  F    TS     0 PTAMS 0x0000000754000000 NTAMS 0x0000000754000000 space 32768K,   0% used [0x0000000754000000, 0x0000000756000000)
AC   0  F    TS     0 PTAMS 0x0000000756000000 NTAMS 0x0000000756000000 space 32768K,   0% used [0x0000000756000000, 0x0000000758000000)
AC   0  F    TS     0 PTAMS 0x0000000758000000 NTAMS 0x0000000758000000 space 32768K,   0% used [0x0000000758000000, 0x000000075a000000)
AC   0  F    TS     0 PTAMS 0x000000075a000000 NTAMS 0x000000075a000000 space 32768K,   0% used [0x000000075a000000, 0x000000075c000000)
AC   0  F    TS     0 PTAMS 0x000000075c000000 NTAMS 0x000000075c000000 space 32768K,   0% used [0x000000075c000000, 0x000000075e000000)
AC   0  F    TS     0 PTAMS 0x000000075e000000 NTAMS 0x000000075e000000 space 32768K,   0% used [0x000000075e000000, 0x0000000760000000)
AC   0  F    TS     0 PTAMS 0x0000000760000000 NTAMS 0x0000000760000000 space 32768K,   0% used [0x0000000760000000, 0x0000000762000000)
AC   0  F    TS     0 PTAMS 0x0000000762000000 NTAMS 0x0000000762000000 space 32768K,   0% used [0x0000000762000000, 0x0000000764000000)
AC   0  F    TS     0 PTAMS 0x0000000764000000 NTAMS 0x0000000764000000 space 32768K,   0% used [0x0000000764000000, 0x0000000766000000)
AC   0  F    TS     0 PTAMS 0x0000000766000000 NTAMS 0x0000000766000000 space 32768K,   0% used [0x0000000766000000, 0x0000000768000000)
AC   0  F    TS     0 PTAMS 0x0000000768000000 NTAMS 0x0000000768000000 space 32768K,   0% used [0x0000000768000000, 0x000000076a000000)
AC   0  F    TS     0 PTAMS 0x000000076a000000 NTAMS 0x000000076a000000 space 32768K,   0% used [0x000000076a000000, 0x000000076c000000)
AC   0  F    TS     0 PTAMS 0x000000076c000000 NTAMS 0x000000076c000000 space 32768K,   0% used [0x000000076c000000, 0x000000076e000000)
AC   0  F    TS     0 PTAMS 0x000000076e000000 NTAMS 0x000000076e000000 space 32768K,   0% used [0x000000076e000000, 0x0000000770000000)
AC   0  F    TS     0 PTAMS 0x0000000770000000 NTAMS 0x0000000770000000 space 32768K,   0% used [0x0000000770000000, 0x0000000772000000)
AC   0  F    TS     0 PTAMS 0x0000000772000000 NTAMS 0x0000000772000000 space 32768K,   0% used [0x0000000772000000, 0x0000000774000000)
AC   0  F    TS     0 PTAMS 0x0000000774000000 NTAMS 0x0000000774000000 space 32768K,   0% used [0x0000000774000000, 0x0000000776000000)
AC   0  F    TS     0 PTAMS 0x0000000776000000 NTAMS 0x0000000776000000 space 32768K,   0% used [0x0000000776000000, 0x0000000778000000)
AC   0  F    TS     0 PTAMS 0x0000000778000000 NTAMS 0x0000000778000000 space 32768K,   0% used [0x0000000778000000, 0x000000077a000000)
AC   0  F    TS     0 PTAMS 0x000000077a000000 NTAMS 0x000000077a000000 space 32768K,   0% used [0x000000077a000000, 0x000000077c000000)
AC   0  F    TS     0 PTAMS 0x000000077c000000 NTAMS 0x000000077c000000 space 32768K,   0% used [0x000000077c000000, 0x000000077e000000)
AC   0  S CS TS     0 PTAMS 0x000000077e000000 NTAMS 0x000000077e000000 space 32768K,  49% used [0x000000077e000000, 0x0000000780000000)
AC   0  S CS TS     0 PTAMS 0x0000000780000000 NTAMS 0x0000000780000000 space 32768K, 100% used [0x0000000780000000, 0x0000000782000000)
AC   0  F    TS     0 PTAMS 0x0000000782000000 NTAMS 0x0000000782000000 space 32768K,   0% used [0x0000000782000000, 0x0000000784000000)
AC   0  F    TS     0 PTAMS 0x0000000784000000 NTAMS 0x0000000784000000 space 32768K,   0% used [0x0000000784000000, 0x0000000786000000)
AC   0  F    TS     0 PTAMS 0x0000000786000000 NTAMS 0x0000000786000000 space 32768K,   0% used [0x0000000786000000, 0x0000000788000000)
AC   0  E    TS     0 PTAMS 0x0000000788000000 NTAMS 0x0000000788000000 space 32768K,   0% used [0x0000000788000000, 0x000000078a000000)
AC   0  S CS TS     0 PTAMS 0x000000078a000000 NTAMS 0x000000078a000000 space 32768K, 100% used [0x000000078a000000, 0x000000078c000000)
AC   0  S CS TS     0 PTAMS 0x000000078c000000 NTAMS 0x000000078c000000 space 32768K, 100% used [0x000000078c000000, 0x000000078e000000)
AC   0  S CS TS     0 PTAMS 0x000000078e000000 NTAMS 0x000000078e000000 space 32768K, 100% used [0x000000078e000000, 0x0000000790000000)
AC   0  E CS TS     0 PTAMS 0x0000000790000000 NTAMS 0x0000000790000000 space 32768K, 100% used [0x0000000790000000, 0x0000000792000000)
AC   0  E CS TS     0 PTAMS 0x0000000792000000 NTAMS 0x0000000792000000 space 32768K, 100% used [0x0000000792000000, 0x0000000794000000)
AC   0  E CS TS     0 PTAMS 0x0000000794000000 NTAMS 0x0000000794000000 space 32768K, 100% used [0x0000000794000000, 0x0000000796000000)
AC   0  E CS TS     0 PTAMS 0x0000000796000000 NTAMS 0x0000000796000000 space 32768K, 100% used [0x0000000796000000, 0x0000000798000000)
AC   0  E CS TS     0 PTAMS 0x0000000798000000 NTAMS 0x0000000798000000 space 32768K, 100% used [0x0000000798000000, 0x000000079a000000)
AC   0  E CS TS     0 PTAMS 0x000000079a000000 NTAMS 0x000000079a000000 space 32768K, 100% used [0x000000079a000000, 0x000000079c000000)
AC   0  E CS TS     0 PTAMS 0x000000079c000000 NTAMS 0x000000079c000000 space 32768K, 100% used [0x000000079c000000, 0x000000079e000000)
AC   0  E CS TS     0 PTAMS 0x000000079e000000 NTAMS 0x000000079e000000 space 32768K, 100% used [0x000000079e000000, 0x00000007a0000000)
AC   0  E CS TS     0 PTAMS 0x00000007a0000000 NTAMS 0x00000007a0000000 space 32768K, 100% used [0x00000007a0000000, 0x00000007a2000000)
AC   0  E CS TS     0 PTAMS 0x00000007a2000000 NTAMS 0x00000007a2000000 space 32768K, 100% used [0x00000007a2000000, 0x00000007a4000000)
AC   0  E CS TS     0 PTAMS 0x00000007a4000000 NTAMS 0x00000007a4000000 space 32768K, 100% used [0x00000007a4000000, 0x00000007a6000000)
AC   0  E CS TS     0 PTAMS 0x00000007a6000000 NTAMS 0x00000007a6000000 space 32768K, 100% used [0x00000007a6000000, 0x00000007a8000000)
AC   0  E CS TS     0 PTAMS 0x00000007a8000000 NTAMS 0x00000007a8000000 space 32768K, 100% used [0x00000007a8000000, 0x00000007aa000000)
AC   0  E CS TS     0 PTAMS 0x00000007aa000000 NTAMS 0x00000007aa000000 space 32768K, 100% used [0x00000007aa000000, 0x00000007ac000000)
AC   0  E CS TS     0 PTAMS 0x00000007ac000000 NTAMS 0x00000007ac000000 space 32768K, 100% used [0x00000007ac000000, 0x00000007ae000000)
AC   0  E CS TS     0 PTAMS 0x00000007ae000000 NTAMS 0x00000007ae000000 space 32768K, 100% used [0x00000007ae000000, 0x00000007b0000000)
AC   0  E CS TS     0 PTAMS 0x00000007b0000000 NTAMS 0x00000007b0000000 space 32768K, 100% used [0x00000007b0000000, 0x00000007b2000000)
AC   0  E CS TS     0 PTAMS 0x00000007b2000000 NTAMS 0x00000007b2000000 space 32768K, 100% used [0x00000007b2000000, 0x00000007b4000000)
AC   0  E CS TS     0 PTAMS 0x00000007b4000000 NTAMS 0x00000007b4000000 space 32768K, 100% used [0x00000007b4000000, 0x00000007b6000000)
AC   0  E CS TS     0 PTAMS 0x00000007b6000000 NTAMS 0x00000007b6000000 space 32768K, 100% used [0x00000007b6000000, 0x00000007b8000000)
AC   0  E CS TS     0 PTAMS 0x00000007b8000000 NTAMS 0x00000007b8000000 space 32768K, 100% used [0x00000007b8000000, 0x00000007ba000000)
AC   0  E CS TS     0 PTAMS 0x00000007ba000000 NTAMS 0x00000007ba000000 space 32768K, 100% used [0x00000007ba000000, 0x00000007bc000000)
AC   0  E CS TS     0 PTAMS 0x00000007bc000000 NTAMS 0x00000007bc000000 space 32768K, 100% used [0x00000007bc000000, 0x00000007be000000)
AC   0  E CS TS     0 PTAMS 0x00000007be000000 NTAMS 0x00000007be000000 space 32768K, 100% used [0x00000007be000000, 0x00000007c0000000)

Card table byte_map: [0x0000022edeb50000,0x0000022edf320000] byte_map_base: 0x0000022edb520000

Marking Bits (Prev, Next): (CMBitMap*) 0x0000022ecc6d13c0, (CMBitMap*) 0x0000022ecc6d1368
 Prev Bits: [0x0000022ee3970000, 0x0000022ee77f0000)
 Next Bits: [0x0000022edfaf0000, 0x0000022ee3970000)

Polling page: 0x0000022ecc830000

CodeCache: size=245760Kb used=41274Kb max_used=41274Kb free=204485Kb
 bounds [0x0000022ece3b0000, 0x0000022ed0c40000, 0x0000022edd3b0000]
 total_blobs=11917 nmethods=10525 adapters=1303
 compilation: enabled

Compilation events (10 events):
Event: 145.607 Thread 0x0000022eeac1a000 nmethod 15350 0x0000022ed0c09750 code [0x0000022ed0c09940, 0x0000022ed0c0a340]
Event: 145.610 Thread 0x0000022eeac06000 nmethod 15348 0x0000022ed0c35910 code [0x0000022ed0c35bc0, 0x0000022ed0c38708]
Event: 145.628 Thread 0x0000022eeac1a000 15351       1       net.minecraft.client.Minecraft::func_110442_L (5 bytes)
Event: 145.628 Thread 0x0000022eeac1a000 nmethod 15351 0x0000022ed0bfcdd0 code [0x0000022ed0bfcf20, 0x0000022ed0bfd038]
Event: 145.639 Thread 0x0000022eeac0a000 15352       4       net.minecraft.client.renderer.block.model.ModelResourceLocation::<init> (26 bytes)
Event: 145.645 Thread 0x0000022eeac1a000 15353       3       net.minecraftforge.fml.common.FMLModContainer::getSharedModDescriptor (112 bytes)
Event: 145.647 Thread 0x0000022eeac0a000 nmethod 15352 0x0000022ed0c07750 code [0x0000022ed0c078e0, 0x0000022ed0c07f78]
Event: 145.647 Thread 0x0000022eeac1a000 nmethod 15353 0x0000022ed0c19f50 code [0x0000022ed0c1a340, 0x0000022ed0c1c670]
Event: 145.647 Thread 0x0000022eeac1a000 15354       3       net.minecraftforge.fml.common.FMLModContainer::getDisplayVersion (8 bytes)
Event: 145.648 Thread 0x0000022eeac1a000 nmethod 15354 0x0000022ed0bfc990 code [0x0000022ed0bfcae0, 0x0000022ed0bfcc58]

GC Heap History (10 events):
Event: 133.009 GC heap before
{Heap before GC invocations=52 (full 0):
 garbage-first heap   total 4096000K, used 1560687K [0x00000006c6000000, 0x00000006c80003e8, 0x00000007c0000000)
  region size 32768K, 25 young (819200K), 7 survivors (229376K)
 Metaspace       used 177039K, capacity 180673K, committed 180888K, reserved 1198080K
  class space    used 31769K, capacity 32970K, committed 32972K, reserved 1048576K
Event: 133.064 GC heap after
Heap after GC invocations=53 (full 0):
 garbage-first heap   total 4096000K, used 901336K [0x00000006c6000000, 0x00000006c80003e8, 0x00000007c0000000)
  region size 32768K, 3 young (98304K), 3 survivors (98304K)
 Metaspace       used 177039K, capacity 180673K, committed 180888K, reserved 1198080K
  class space    used 31769K, capacity 32970K, committed 32972K, reserved 1048576K
}
Event: 135.450 GC heap before
{Heap before GC invocations=53 (full 0):
 garbage-first heap   total 4096000K, used 1622232K [0x00000006c6000000, 0x00000006c80003e8, 0x00000007c0000000)
  region size 32768K, 25 young (819200K), 3 survivors (98304K)
 Metaspace       used 180223K, capacity 184059K, committed 184472K, reserved 1200128K
  class space    used 32431K, capacity 33689K, committed 33740K, reserved 1048576K
Event: 135.494 GC heap after
Heap after GC invocations=54 (full 0):
 garbage-first heap   total 4096000K, used 934104K [0x00000006c6000000, 0x00000006c80003e8, 0x00000007c0000000)
  region size 32768K, 4 young (131072K), 4 survivors (131072K)
 Metaspace       used 180223K, capacity 184059K, committed 184472K, reserved 1200128K
  class space    used 32431K, capacity 33689K, committed 33740K, reserved 1048576K
}
Event: 137.953 GC heap before
{Heap before GC invocations=54 (full 0):
 garbage-first heap   total 4096000K, used 1622232K [0x00000006c6000000, 0x00000006c80003e8, 0x00000007c0000000)
  region size 32768K, 25 young (819200K), 4 survivors (131072K)
 Metaspace       used 182456K, capacity 186455K, committed 186776K, reserved 1202176K
  class space    used 32908K, capacity 34203K, committed 34252K, reserved 1048576K
Event: 138.006 GC heap after
Heap after GC invocations=55 (full 0):
 garbage-first heap   total 4096000K, used 931712K [0x00000006c6000000, 0x00000006c80003e8, 0x00000007c0000000)
  region size 32768K, 3 young (98304K), 3 survivors (98304K)
 Metaspace       used 182456K, capacity 186455K, committed 186776K, reserved 1202176K
  class space    used 32908K, capacity 34203K, committed 34252K, reserved 1048576K
}
Event: 140.658 GC heap before
{Heap before GC invocations=55 (full 0):
 garbage-first heap   total 4096000K, used 1718144K [0x00000006c6000000, 0x00000006c80003e8, 0x00000007c0000000)
  region size 32768K, 27 young (884736K), 3 survivors (98304K)
 Metaspace       used 185514K, capacity 189701K, committed 190104K, reserved 1204224K
  class space    used 33532K, capacity 34922K, committed 35020K, reserved 1048576K
Event: 140.703 GC heap after
Heap after GC invocations=56 (full 0):
 garbage-first heap   total 4096000K, used 948096K [0x00000006c6000000, 0x00000006c80003e8, 0x00000007c0000000)
  region size 32768K, 4 young (131072K), 4 survivors (131072K)
 Metaspace       used 185514K, capacity 189701K, committed 190104K, reserved 1204224K
  class space    used 33532K, capacity 34922K, committed 35020K, reserved 1048576K
}
Event: 143.032 GC heap before
{Heap before GC invocations=56 (full 0):
 garbage-first heap   total 4096000K, used 1701760K [0x00000006c6000000, 0x00000006c80003e8, 0x00000007c0000000)
  region size 32768K, 28 young (917504K), 4 survivors (131072K)
 Metaspace       used 189618K, capacity 193961K, committed 194176K, reserved 1208320K
  class space    used 34321K, capacity 35782K, committed 35788K, reserved 1048576K
Event: 143.076 GC heap after
Heap after GC invocations=57 (full 0):
 garbage-first heap   total 4096000K, used 980864K [0x00000006c6000000, 0x00000006c80003e8, 0x00000007c0000000)
  region size 32768K, 5 young (163840K), 5 survivors (163840K)
 Metaspace       used 189618K, capacity 193961K, committed 194176K, reserved 1208320K
  class space    used 34321K, capacity 35782K, committed 35788K, reserved 1048576K
}

Deoptimization events (10 events):
Event: 144.458 Thread 0x0000022ecc680000 Uncommon trap: reason=class_check action=maybe_recompile pc=0x0000022ed0109e28 method=com.google.common.reflect.TypeResolver$TypeMappingIntrospector.map(Lcom/google/common/reflect/TypeResolver$TypeVariableKey;Ljava/lang/reflect/Type;)V @ 72
Event: 144.458 Thread 0x0000022ecc680000 Uncommon trap: reason=class_check action=maybe_recompile pc=0x0000022ed0279b30 method=com.google.common.reflect.TypeResolver$TypeTable.resolveInternal(Ljava/lang/reflect/TypeVariable;Lcom/google/common/reflect/TypeResolver$TypeTable;)Ljava/lang/reflect/Ty
Event: 144.475 Thread 0x0000022ecc680000 Uncommon trap: reason=class_check action=maybe_recompile pc=0x0000022ecffb2cf4 method=net.minecraftforge.fml.common.eventhandler.EventBus$1.invoke(Lnet/minecraftforge/fml/common/eventhandler/Event;)V @ 18
Event: 144.475 Thread 0x0000022ecc680000 Uncommon trap: reason=class_check action=maybe_recompile pc=0x0000022ecffb2cf4 method=net.minecraftforge.fml.common.eventhandler.EventBus$1.invoke(Lnet/minecraftforge/fml/common/eventhandler/Event;)V @ 18
Event: 145.536 Thread 0x0000022ecc680000 Uncommon trap: reason=unstable_if action=reinterpret pc=0x0000022ecf7a3a80 method=java.io.ExpiringCache.entryFor(Ljava/lang/String;)Ljava/io/ExpiringCache$Entry; @ 39
Event: 145.550 Thread 0x0000022ecc680000 Uncommon trap: reason=bimorphic action=maybe_recompile pc=0x0000022ecf702490 method=java.util.regex.Pattern$BnM.match(Ljava/util/regex/Matcher;ILjava/lang/CharSequence;)Z @ 111
Event: 145.550 Thread 0x0000022ecc680000 Uncommon trap: reason=bimorphic action=maybe_recompile pc=0x0000022ecf702490 method=java.util.regex.Pattern$BnM.match(Ljava/util/regex/Matcher;ILjava/lang/CharSequence;)Z @ 111
Event: 145.550 Thread 0x0000022ecc680000 Uncommon trap: reason=bimorphic action=maybe_recompile pc=0x0000022ecf702490 method=java.util.regex.Pattern$BnM.match(Ljava/util/regex/Matcher;ILjava/lang/CharSequence;)Z @ 111
Event: 145.550 Thread 0x0000022ecc680000 Uncommon trap: reason=bimorphic action=maybe_recompile pc=0x0000022ecf5bc180 method=java.util.regex.Pattern$BnM.match(Ljava/util/regex/Matcher;ILjava/lang/CharSequence;)Z @ 111
Event: 145.749 Thread 0x0000022ecc680000 Uncommon trap: reason=unstable_if action=reinterpret pc=0x0000022ed08b48a8 method=net.minecraftforge.fml.common.LoadController.activeContainer()Lnet/minecraftforge/fml/common/ModContainer; @ 4

Classes redefined (0 events):
No events

Internal exceptions (10 events):
Event: 140.332 Thread 0x0000022ecc680000 Exception <a 'java/lang/NoSuchMethodError': java.lang.Object.lambda$or$2(Ljava/util/function/BiPredicate;Ljava/lang/Object;Ljava/lang/Object;)Z> (0x0000000797860ed0) thrown at [C:\jenkins\workspace\8-2-build-windows-amd64-cygwin\jdk8u261\295\hotspot\src\s
Event: 144.478 Thread 0x0000022ecc680000 Exception <a 'java/lang/IncompatibleClassChangeError': Found class java.lang.Object, but interface was expected> (0x00000007a9e1f950) thrown at [C:\jenkins\workspace\8-2-build-windows-amd64-cygwin\jdk8u261\295\hotspot\src\share\vm\interpreter\linkResolver
Event: 145.074 Thread 0x0000022e88c78000 Exception <a 'java/security/PrivilegedActionException'> (0x000000079a1071b8) thrown at [C:\jenkins\workspace\8-2-build-windows-amd64-cygwin\jdk8u261\295\hotspot\src\share\vm\prims\jvm.cpp, line 1512]
Event: 145.403 Thread 0x0000022ecc680000 Exception <a 'java/lang/NoSuchMethodError': java.lang.Object.lambda$getResourceLocations$0(Ljava/util/List;Lcom/teamacronymcoders/base/IBaseMod;Ljava/lang/String;)V> (0x0000000794baaa80) thrown at [C:\jenkins\workspace\8-2-build-windows-amd64-cygwin\jdk8u
Event: 145.751 Thread 0x0000022ecc680000 Exception <a 'java/security/PrivilegedActionException'> (0x000000079129dc00) thrown at [C:\jenkins\workspace\8-2-build-windows-amd64-cygwin\jdk8u261\295\hotspot\src\share\vm\prims\jvm.cpp, line 1512]
Event: 145.751 Thread 0x0000022ecc680000 Exception <a 'java/security/PrivilegedActionException'> (0x000000079129f0e8) thrown at [C:\jenkins\workspace\8-2-build-windows-amd64-cygwin\jdk8u261\295\hotspot\src\share\vm\prims\jvm.cpp, line 1512]
Event: 145.751 Thread 0x0000022ecc680000 Exception <a 'java/security/PrivilegedActionException'> (0x00000007912a0b28) thrown at [C:\jenkins\workspace\8-2-build-windows-amd64-cygwin\jdk8u261\295\hotspot\src\share\vm\prims\jvm.cpp, line 1512]
Event: 145.751 Thread 0x0000022ecc680000 Exception <a 'java/security/PrivilegedActionException'> (0x00000007912a2320) thrown at [C:\jenkins\workspace\8-2-build-windows-amd64-cygwin\jdk8u261\295\hotspot\src\share\vm\prims\jvm.cpp, line 1512]
Event: 145.751 Thread 0x0000022ecc680000 Exception <a 'java/security/PrivilegedActionException'> (0x00000007912a3790) thrown at [C:\jenkins\workspace\8-2-build-windows-amd64-cygwin\jdk8u261\295\hotspot\src\share\vm\prims\jvm.cpp, line 1512]
Event: 145.751 Thread 0x0000022ecc680000 Exception <a 'java/security/PrivilegedActionException'> (0x00000007912a4d78) thrown at [C:\jenkins\workspace\8-2-build-windows-amd64-cygwin\jdk8u261\295\hotspot\src\share\vm\prims\jvm.cpp, line 1512]

Events (10 events):
Event: 145.755 loading class org/lwjgl/openal/ALC10
Event: 145.755 loading class org/lwjgl/openal/ALC10 done
Event: 145.765 loading class org/lwjgl/openal/ALCdevice
Event: 145.765 loading class org/lwjgl/openal/ALCdevice done
Event: 145.766 loading class org/lwjgl/openal/ALCcontext
Event: 145.766 loading class org/lwjgl/openal/ALCcontext done
Event: 145.766 loading class org/lwjgl/openal/Util
Event: 145.766 loading class org/lwjgl/openal/Util done
Event: 145.766 loading class org/lwjgl/openal/OpenALException
Event: 145.766 loading class org/lwjgl/openal/OpenALException done


Dynamic libraries:
0x00007ff6b3120000 - 0x00007ff6b3167000 	C:\Program Files\Java\jre1.8.0_261\bin\javaw.exe
0x00007ff9d2370000 - 0x00007ff9d2568000 	C:\WINDOWS\SYSTEM32\ntdll.dll
0x00007ff9d19f0000 - 0x00007ff9d1aaf000 	C:\WINDOWS\System32\KERNEL32.DLL
0x00007ff9d0020000 - 0x00007ff9d0316000 	C:\WINDOWS\System32\KERNELBASE.dll
0x00007ff9d0ae0000 - 0x00007ff9d0b8f000 	C:\WINDOWS\System32\ADVAPI32.dll
0x00007ff9d0a40000 - 0x00007ff9d0ade000 	C:\WINDOWS\System32\msvcrt.dll
0x00007ff9d0bf0000 - 0x00007ff9d0c8c000 	C:\WINDOWS\System32\sechost.dll
0x00007ff9d1370000 - 0x00007ff9d1496000 	C:\WINDOWS\System32\RPCRT4.dll
0x00007ff9d1120000 - 0x00007ff9d12bd000 	C:\WINDOWS\System32\USER32.dll
0x00007ff9cfff0000 - 0x00007ff9d0012000 	C:\WINDOWS\System32\win32u.dll
0x00007ff9d0460000 - 0x00007ff9d048c000 	C:\WINDOWS\System32\GDI32.dll
0x00007ff9cfc00000 - 0x00007ff9cfd15000 	C:\WINDOWS\System32\gdi32full.dll
0x00007ff9cfb10000 - 0x00007ff9cfbad000 	C:\WINDOWS\System32\msvcp_win.dll
0x00007ff9cfe80000 - 0x00007ff9cff80000 	C:\WINDOWS\System32\ucrtbase.dll
0x00007ff9bd7e0000 - 0x00007ff9bda7a000 	C:\WINDOWS\WinSxS\amd64_microsoft.windows.common-controls_6595b64144ccf1df_6.0.19041.1110_none_60b5254171f9507e\COMCTL32.dll
0x00007ff9d1ba0000 - 0x00007ff9d1bd0000 	C:\WINDOWS\System32\IMM32.DLL
0x0000000180000000 - 0x0000000180007000 	C:\Program Files\Prio\prio.dll
0x00007ff9cce60000 - 0x00007ff9cce75000 	C:\Program Files\Java\jre1.8.0_261\bin\vcruntime140.dll
0x00007ff9aade0000 - 0x00007ff9aae7b000 	C:\Program Files\Java\jre1.8.0_261\bin\msvcp140.dll
0x000000005ac10000 - 0x000000005b47c000 	C:\Program Files\Java\jre1.8.0_261\bin\server\jvm.dll
0x00007ff9d0a20000 - 0x00007ff9d0a28000 	C:\WINDOWS\System32\PSAPI.DLL
0x00007ff9c4a40000 - 0x00007ff9c4a67000 	C:\WINDOWS\SYSTEM32\WINMM.dll
0x00007ff9c8450000 - 0x00007ff9c845a000 	C:\WINDOWS\SYSTEM32\VERSION.dll
0x00007ff9c99f0000 - 0x00007ff9c99f9000 	C:\WINDOWS\SYSTEM32\WSOCK32.dll
0x00007ff9d1b30000 - 0x00007ff9d1b9b000 	C:\WINDOWS\System32\WS2_32.dll
0x00007ff9ce2b0000 - 0x00007ff9ce2c2000 	C:\WINDOWS\SYSTEM32\kernel.appcore.dll
0x00007ff9c99e0000 - 0x00007ff9c99f0000 	C:\Program Files\Java\jre1.8.0_261\bin\verify.dll
0x00007ff9b4680000 - 0x00007ff9b46ab000 	C:\Program Files\Java\jre1.8.0_261\bin\java.dll
0x00007ff9c6cf0000 - 0x00007ff9c6d08000 	C:\Program Files\Java\jre1.8.0_261\bin\zip.dll
0x00007ff9d1be0000 - 0x00007ff9d2324000 	C:\WINDOWS\System32\SHELL32.dll
0x00007ff9cdb00000 - 0x00007ff9ce293000 	C:\WINDOWS\SYSTEM32\windows.storage.dll
0x00007ff9d0c90000 - 0x00007ff9d0fe4000 	C:\WINDOWS\System32\combase.dll
0x00007ff9cf4a0000 - 0x00007ff9cf4ce000 	C:\WINDOWS\SYSTEM32\Wldp.dll
0x00007ff9d1670000 - 0x00007ff9d171d000 	C:\WINDOWS\System32\SHCORE.dll
0x00007ff9d0b90000 - 0x00007ff9d0be5000 	C:\WINDOWS\System32\shlwapi.dll
0x00007ff9cf990000 - 0x00007ff9cf9af000 	C:\WINDOWS\SYSTEM32\profapi.dll
0x00007ff9c29f0000 - 0x00007ff9c2a0c000 	C:\Program Files\Java\jre1.8.0_261\bin\net.dll
0x00007ff9cf200000 - 0x00007ff9cf26a000 	C:\WINDOWS\system32\mswsock.dll
0x00007ff9aba60000 - 0x00007ff9aba77000 	C:\WINDOWS\system32\napinsp.dll
0x00007ff9aba40000 - 0x00007ff9aba5b000 	C:\WINDOWS\system32\pnrpnsp.dll
0x00007ff9c9880000 - 0x00007ff9c9895000 	C:\WINDOWS\system32\wshbth.dll
0x00007ff9cbf50000 - 0x00007ff9cbf6d000 	C:\WINDOWS\system32\NLAapi.dll
0x00007ff9ceea0000 - 0x00007ff9ceedc000 	C:\WINDOWS\SYSTEM32\IPHLPAPI.DLL
0x00007ff9ceee0000 - 0x00007ff9cefaa000 	C:\WINDOWS\SYSTEM32\DNSAPI.dll
0x00007ff9d1bd0000 - 0x00007ff9d1bd8000 	C:\WINDOWS\System32\NSI.dll
0x00007ff9aba00000 - 0x00007ff9aba12000 	C:\WINDOWS\System32\winrnr.dll
0x00007ff9c41a0000 - 0x00007ff9c41aa000 	C:\Windows\System32\rasadhlp.dll
0x00007ff9c3f00000 - 0x00007ff9c3f82000 	C:\WINDOWS\System32\fwpuclnt.dll
0x00007ff9cfa50000 - 0x00007ff9cfa77000 	C:\WINDOWS\System32\bcrypt.dll
0x00007ff9c7020000 - 0x00007ff9c7037000 	C:\WINDOWS\SYSTEM32\dhcpcsvc6.DLL
0x00007ff9c6fe0000 - 0x00007ff9c6ffd000 	C:\WINDOWS\SYSTEM32\dhcpcsvc.DLL
0x00007ff9c99d0000 - 0x00007ff9c99dd000 	C:\Program Files\Java\jre1.8.0_261\bin\management.dll
0x00007ff9bf150000 - 0x00007ff9bf163000 	C:\Program Files\Java\jre1.8.0_261\bin\nio.dll
0x00007ff9cf3f0000 - 0x00007ff9cf408000 	C:\WINDOWS\SYSTEM32\CRYPTSP.dll
0x00007ff9ceab0000 - 0x00007ff9ceae4000 	C:\WINDOWS\system32\rsaenh.dll
0x00007ff9cf950000 - 0x00007ff9cf97e000 	C:\WINDOWS\SYSTEM32\USERENV.dll
0x00007ff9cfa80000 - 0x00007ff9cfb02000 	C:\WINDOWS\System32\bcryptprimitives.dll
0x00007ff9cf410000 - 0x00007ff9cf41c000 	C:\WINDOWS\SYSTEM32\CRYPTBASE.dll
0x00007ff9b4fc0000 - 0x00007ff9b4fd8000 	C:\Program Files\Java\jre1.8.0_261\bin\unpack.dll
0x0000022ef1280000 - 0x0000022ef12d3000 	C:\Program Files (x86)\MultiMC\instances\1.12.2-Survival-Modpack\natives\lwjgl64.dll
0x00007ff998b90000 - 0x00007ff998cb5000 	C:\WINDOWS\SYSTEM32\OPENGL32.dll
0x00007ff995630000 - 0x00007ff99565c000 	C:\WINDOWS\SYSTEM32\GLU32.dll
0x00007ff9c6e00000 - 0x00007ff9c6eae000 	C:\WINDOWS\SYSTEM32\mscms.dll
0x00007ff9c6d50000 - 0x00007ff9c6d61000 	C:\WINDOWS\SYSTEM32\ColorAdapterClient.dll
0x00007ff9d14a0000 - 0x00007ff9d156d000 	C:\WINDOWS\System32\OLEAUT32.dll
0x00007ff9d12c0000 - 0x00007ff9d1369000 	C:\WINDOWS\System32\clbcatq.dll
0x00007ff9cfbb0000 - 0x00007ff9cfbfe000 	C:\WINDOWS\System32\cfgmgr32.dll
0x00007ff97f710000 - 0x00007ff97f8a4000 	C:\Program Files\Java\jre1.8.0_261\bin\awt.dll
0x00007ff9ccd40000 - 0x00007ff9ccdd1000 	C:\WINDOWS\SYSTEM32\apphelp.dll
0x00007ff9ccfc0000 - 0x00007ff9cd05e000 	C:\WINDOWS\system32\uxtheme.dll
0x00007ff9d0490000 - 0x00007ff9d05a4000 	C:\WINDOWS\System32\MSCTF.dll
0x00007ff9c3960000 - 0x00007ff9c3a59000 	C:\WINDOWS\SYSTEM32\textinputframework.dll
0x00007ff9cc8f0000 - 0x00007ff9cc9e2000 	C:\WINDOWS\System32\CoreMessaging.dll
0x00007ff9cc440000 - 0x00007ff9cc79e000 	C:\WINDOWS\System32\CoreUIComponents.dll
0x00007ff9cebd0000 - 0x00007ff9cec03000 	C:\WINDOWS\SYSTEM32\ntmarta.dll
0x00007ff9cbc00000 - 0x00007ff9cbd54000 	C:\WINDOWS\SYSTEM32\wintypes.dll
0x00007ff9ac440000 - 0x00007ff9ac46d000 	C:\WINDOWS\System32\DriverStore\FileRepository\u0390451.inf_amd64_39377efdd62734d1\B390182\atig6pxx.dll
0x00007ff96a680000 - 0x00007ff96e2b5000 	C:\WINDOWS\System32\DriverStore\FileRepository\u0390451.inf_amd64_39377efdd62734d1\B390182\atio6axx.dll
0x00007ff9d05b0000 - 0x00007ff9d0a18000 	C:\WINDOWS\System32\SETUPAPI.dll
0x00007ff9cd1f0000 - 0x00007ff9cd21f000 	C:\WINDOWS\SYSTEM32\dwmapi.dll
0x00007ff9cf820000 - 0x00007ff9cf84c000 	C:\WINDOWS\SYSTEM32\DEVOBJ.dll
0x00007ff9cff80000 - 0x00007ff9cffe7000 	C:\WINDOWS\System32\WINTRUST.dll
0x00007ff9cfd20000 - 0x00007ff9cfe7e000 	C:\WINDOWS\System32\CRYPT32.dll
0x00007ff9cf630000 - 0x00007ff9cf642000 	C:\WINDOWS\SYSTEM32\MSASN1.dll
0x00007ff9a44b0000 - 0x00007ff9a44f3000 	C:\WINDOWS\SYSTEM32\icm32.dll
0x00007ff9b1e60000 - 0x00007ff9b1ea2000 	C:\Users\Jacob\AppData\Local\Temp\jna-71328959\jna3941658339134668447.dll
0x00007ff9b45b0000 - 0x00007ff9b45d4000 	C:\Program Files\Java\jre1.8.0_261\bin\sunec.dll
0x00007ff9ca620000 - 0x00007ff9ca62d000 	C:\Program Files\Java\jre1.8.0_261\bin\sunmscapi.dll
0x00007ff9cf510000 - 0x00007ff9cf538000 	C:\WINDOWS\SYSTEM32\ncrypt.dll
0x00007ff9cf4d0000 - 0x00007ff9cf50b000 	C:\WINDOWS\SYSTEM32\NTASN1.dll
0x0000022e85c90000 - 0x0000022e85cf4000 	C:\Program Files (x86)\MultiMC\instances\1.12.2-Survival-Modpack\natives\OpenAL64.dll
0x00007ff9d0ff0000 - 0x00007ff9d111a000 	C:\WINDOWS\System32\ole32.dll
0x00007ff9ab080000 - 0x00007ff9ab11c000 	C:\WINDOWS\SYSTEM32\dsound.dll
0x00007ff9cf010000 - 0x00007ff9cf05b000 	C:\WINDOWS\SYSTEM32\powrprof.dll
0x00007ff9b1c30000 - 0x00007ff9b1c56000 	C:\WINDOWS\SYSTEM32\winmmbase.dll
0x00007ff9cee80000 - 0x00007ff9cee92000 	C:\WINDOWS\SYSTEM32\UMPDC.dll
0x00007ff9ca320000 - 0x00007ff9ca3a5000 	C:\WINDOWS\System32\MMDevApi.dll
0x00007ff9ca3d0000 - 0x00007ff9ca552000 	C:\WINDOWS\SYSTEM32\AUDIOSES.DLL
0x00007ff9cd780000 - 0x00007ff9cd964000 	C:\WINDOWS\SYSTEM32\dbghelp.dll

VM Arguments:
jvm_args: -XX:+UseG1GC -XX:+UnlockExperimentalVMOptions -XX:G1NewSizePercent=20 -XX:G1ReservePercent=20 -XX:MaxGCPauseMillis=50 -XX:G1HeapRegionSize=32M -XX:HeapDumpPath=MojangTricksIntelDriversForPerformance_javaw.exe_minecraft.exe.heapdump -Xms3999m -Xmx4000m -Duser.language=en -Djava.library.path=C:/Program Files (x86)/MultiMC/instances/1.12.2-Survival-Modpack/natives 
java_command: org.multimc.EntryPoint
java_class_path (initial): C:/Program Files (x86)/MultiMC/jars/NewLaunch.jar;C:/Program Files (x86)/MultiMC/libraries/net/java/jinput/jinput/2.0.5/jinput-2.0.5.jar;C:/Program Files (x86)/MultiMC/libraries/net/java/jutils/jutils/1.0.0/jutils-1.0.0.jar;C:/Program Files (x86)/MultiMC/libraries/org/lwjgl/lwjgl/lwjgl/2.9.4-nightly-20150209/lwjgl-2.9.4-nightly-20150209.jar;C:/Program Files (x86)/MultiMC/libraries/org/lwjgl/lwjgl/lwjgl_util/2.9.4-nightly-20150209/lwjgl_util-2.9.4-nightly-20150209.jar;C:/Program Files (x86)/MultiMC/libraries/com/mojang/patchy/1.3.9/patchy-1.3.9.jar;C:/Program Files (x86)/MultiMC/libraries/oshi-project/oshi-core/1.1/oshi-core-1.1.jar;C:/Program Files (x86)/MultiMC/libraries/net/java/dev/jna/jna/4.4.0/jna-4.4.0.jar;C:/Program Files (x86)/MultiMC/libraries/net/java/dev/jna/platform/3.4.0/platform-3.4.0.jar;C:/Program Files (x86)/MultiMC/libraries/com/ibm/icu/icu4j-core-mojang/51.2/icu4j-core-mojang-51.2.jar;C:/Program Files (x86)/MultiMC/libraries/net/sf/jopt-simple/jopt-simple/5.0.3/jopt-simple-5.0.3.jar;C:/Program Files (x86)/MultiMC/libraries/com/paulscode/codecjorbis/20101023/codecjorbis-20101023.jar;C:/Program Files (x86)/MultiMC/libraries/com/paulscode/codecwav/20101023/codecwav-20101023.jar;C:/Program Files (x86)/MultiMC/libraries/com/paulscode/libraryjavasound/20101123/libraryjavasound-20101123.jar;C:/Program Files (x86)/MultiMC/libraries/com/paulscode/librarylwjglopenal/20100824/librarylwjglopenal-20100824.jar;C:/Program Files (x86)/MultiMC/libraries/com/paulscode/soundsystem/20120107/soundsystem-20120107.jar;C:/Program Files (x86)/MultiMC/libraries/io/netty/netty-all/4.1.9.Final/netty-all-4.1.9.Final.jar;C:/Program Files (x86)/MultiMC/libraries/com/google/guava/guava/21.0/guava-21.0.jar;C:/Program Files (x86)/MultiMC/libraries/org/apache/commons/commons-lang3/3.5/commons-lang3-3.5.jar;C:/Program Files (x86)/MultiMC/libraries/commons-io/commons-io/2.5/commons-io-2.5.jar;C:/Program Files (x86)/MultiMC/libraries/commons-codec/commons-
Launcher Type: SUN_STANDARD

Environment Variables:
PATH=C:\Program Files\Common Files\Oracle\Java\javapath;C:\Program Files (x86)\NVIDIA Corporation\PhysX\Common;C:\Program Files (x86)\Razer Chroma SDK\bin;C:\Program Files\Razer Chroma SDK\bin;C:\Program Files (x86)\Razer\ChromaBroadcast\bin;C:\Program Files\Razer\ChromaBroadcast\bin;C:\Program Files (x86)\Common Files\Oracle\Java\javapath;C:\Windows\system32;C:\Windows;C:\Windows\System32\Wbem;C:\Windows\System32\WindowsPowerShell\v1.0\;C:\Windows\System32\OpenSSH\;C:\Windows\system32\config\systemprofile\AppData\Local\Microsoft\WindowsApps;;C:\WINDOWS\system32;C:\WINDOWS;C:\WINDOWS\System32\Wbem;C:\WINDOWS\System32\WindowsPowerShell\v1.0\;C:\WINDOWS\System32\OpenSSH\;C:\Program Files\Prio;C:\Program Files\dotnet\;C:\Users\Jacob\AppData\Local\Microsoft\WindowsApps;C:\Users\Jacob\AppData\Local\GitHubDesktop\bin
USERNAME=Jacob
OS=Windows_NT
PROCESSOR_IDENTIFIER=AMD64 Family 23 Model 24 Stepping 1, AuthenticAMD



---------------  S Y S T E M  ---------------

OS: Windows 10.0 , 64 bit Build 19041 (10.0.19041.3031)

CPU:total 4 (initial active 4) (4 cores per cpu, 1 threads per core) family 23 model 24 stepping 1, cmov, cx8, fxsr, mmx, sse, sse2, sse3, ssse3, sse4.1, sse4.2, popcnt, avx, avx2, aes, clmul, mmxext, 3dnowpref, lzcnt, sse4a, tsc, tscinvbit, tscinv, bmi1

Memory: 4k page, physical 16709764k(6342292k free), swap 24311940k(7075216k free)

vm_info: Java HotSpot(TM) 64-Bit Server VM (25.261-b12) for windows-amd64 JRE (1.8.0_261-b12), built on Jun 18 2020 06:56:32 by "" with unknown MS VC++:1916

time: Sat Jul  8 15:37:49 2023
timezone: Eastern Daylight Time
elapsed time: 145 seconds (0d 0h 2m 25s)

