#
# A fatal error has been detected by the Java Runtime Environment:
#
#  EXCEPTION_ACCESS_VIOLATION (0xc0000005) at pc=0x00000196afeb1066, pid=10580, tid=0x0000000000003828
#
# JRE version: Java(TM) SE Runtime Environment (8.0_261-b12) (build 1.8.0_261-b12)
# Java VM: Java HotSpot(TM) 64-Bit Server VM (25.261-b12 mixed mode windows-amd64 compressed oops)
# Problematic frame:
# C  [OpenAL64.dll+0x11066]
#
# Failed to write core dump. Minidumps are not enabled by default on client versions of Windows
#
# If you would like to submit a bug report, please visit:
#   http://bugreport.java.com/bugreport/crash.jsp
# The crash happened outside the Java Virtual Machine in native code.
# See problematic frame for where to report the bug.
#

---------------  T H R E A D  ---------------

Current thread (0x00000196aace0800):  JavaThread "Thread-13" [_thread_in_native, id=14376, stack(0x00000043a3800000,0x00000043a3900000)]

siginfo: ExceptionCode=0xc0000005, reading address 0x00000196c935c004

Registers:
RAX=0x0000000000000004, RBX=0x00000196c7df0090, RCX=0x00000196c935c008, RDX=0x00000196c935c004
RSP=0x00000043a38fed20, RBP=0x00000000000000ff, RSI=0x00000196c934e03c, RDI=0x0000000000000000
R8 =0x00000000000037f2, R9 =0x00000196c934e03c, R10=0x0000019685aa9b02, R11=0x000000006de59e30
R12=0x0000000000000001, R13=0x00000196d5492680, R14=0x00000043a38feeb8, R15=0x00000196aace0800
RIP=0x00000196afeb1066, EFLAGS=0x0000000000010202

Top of Stack: (sp=0x00000043a38fed20)
0x00000043a38fed20:   00000196a9c459b8 00000196aace0800
0x00000043a38fed30:   00000043a38fed48 0000000000000000
0x00000043a38fed40:   00000196d5492680 0000000000000000
0x00000043a38fed50:   00000196aace0800 00000043a38feeb8
0x00000043a38fed60:   00000043a38fee80 000000006dcf28eb
0x00000043a38fed70:   00000043a38feda0 0000000000000000
0x00000043a38fed80:   00000043a38fede0 0000000000000007
0x00000043a38fed90:   00000196aace0800 00000043a38feeb8
0x00000043a38feda0:   00000196d5492680 0000000000000000
0x00000043a38fedb0:   00000196c934e03c 00000006845fd1e0
0x00000043a38fedc0:   00000043a38fee80 00000196afeb248f
0x00000043a38fedd0:   00000196c7df0090 00000196c7df0090
0x00000043a38fede0:   000000430000ac44 0000019600000004
0x00000043a38fedf0:   0000000000000010 0000019685aa9b2e
0x00000043a38fee00:   00000196d5492680 00000196afb7c7fd
0x00000043a38fee10:   00000043a38fee50 00000196afb7ea80 

Instructions: (pc=0x00000196afeb1066)
0x00000196afeb1046:   41 2b ec 81 3a 03 00 02 00 75 09 8b 01 89 84 24
0x00000196afeb1056:   c8 00 00 00 49 83 c0 02 48 83 c1 08 4a 8d 14 86
0x00000196afeb1066:   39 3a 75 af 4c 8d 84 24 c0 00 00 00 48 8d 15 d7
0x00000196afeb1076:   2b 03 00 33 c9 e8 58 5f 00 00 b8 40 1f 00 00 4c 


Register to memory mapping:

RAX=0x0000000000000004 is an unknown value
RBX=0x00000196c7df0090 is an unknown value
RCX=0x00000196c935c008 is an unknown value
RDX=0x00000196c935c004 is an unknown value
RSP=0x00000043a38fed20 is pointing into the stack for thread: 0x00000196aace0800
RBP=0x00000000000000ff is an unknown value
RSI=0x00000196c934e03c is an unknown value
RDI=0x0000000000000000 is an unknown value
R8 =0x00000000000037f2 is an unknown value
R9 =0x00000196c934e03c is an unknown value
R10=0x0000019685aa9b02 is at code_begin+962 in an Interpreter codelet
method entry point (kind = native)  [0x0000019685aa9740, 0x0000019685aaa260]  2848 bytes
R11=0x000000006de59e30 is an unknown value
R12=0x0000000000000001 is an unknown value
R13={method} {0x00000196d5492688} 'nalcCreateContext' '(JJ)J' in 'org/lwjgl/openal/ALC10'
R14=0x00000043a38feeb8 is pointing into the stack for thread: 0x00000196aace0800
R15=0x00000196aace0800 is a thread


Stack: [0x00000043a3800000,0x00000043a3900000],  sp=0x00000043a38fed20,  free space=1019k
Native frames: (J=compiled Java code, j=interpreted, Vv=VM code, C=native code)
C  [OpenAL64.dll+0x11066]
C  [OpenAL64.dll+0x1248f]
C  0x0000019685aa9b2e

Java frames: (J=compiled Java code, j=interpreted, Vv=VM code)
j  org.lwjgl.openal.ALC10.nalcCreateContext(JJ)J+0
j  org.lwjgl.openal.ALC10.alcCreateContext(Lorg/lwjgl/openal/ALCdevice;Ljava/nio/IntBuffer;)Lorg/lwjgl/openal/ALCcontext;+8
j  org.lwjgl.openal.AL.init(Ljava/lang/String;IIZZ)V+69
j  org.lwjgl.openal.AL.create(Ljava/lang/String;IIZZ)V+246
j  org.lwjgl.openal.AL.create(Ljava/lang/String;IIZ)V+5
j  org.lwjgl.openal.AL.create()V+6
j  com.tmtravlr.soundfilters.ModifiedLWJGLOpenALLibrary.init()V+2
j  paulscode.sound.SoundSystem.CommandNewLibrary(Ljava/lang/Class;)V+273
j  paulscode.sound.SoundSystem.CommandQueue(Lpaulscode/sound/CommandObject;)Z+1206
j  paulscode.sound.CommandThread.run()V+51
v  ~StubRoutines::call_stub

---------------  P R O C E S S  ---------------

Java Threads: ( => current thread )
  0x00000196bb027000 JavaThread "Thread-14" [_thread_blocked, id=12056, stack(0x00000043a3900000,0x00000043a3a00000)]
=>0x00000196aace0800 JavaThread "Thread-13" [_thread_in_native, id=14376, stack(0x00000043a3800000,0x00000043a3900000)]
  0x00000196aacde000 JavaThread "Sound Library Loader" [_thread_blocked, id=13716, stack(0x00000043a3700000,0x00000043a3800000)]
  0x00000196bb024000 JavaThread "Thread-11" daemon [_thread_blocked, id=7252, stack(0x00000043a3400000,0x00000043a3500000)]
  0x00000196bb023800 JavaThread "Thread-10" daemon [_thread_blocked, id=14408, stack(0x00000043a1e00000,0x00000043a1f00000)]
  0x00000196bb028000 JavaThread "pool-2-thread-1" [_thread_blocked, id=14824, stack(0x00000043a0d00000,0x00000043a0e00000)]
  0x00000196aacdf800 JavaThread "Culling Thread" daemon [_thread_blocked, id=6208, stack(0x00000043a2700000,0x00000043a2800000)]
  0x00000196a933c800 JavaThread "LWJGL Timer" daemon [_thread_blocked, id=2856, stack(0x00000043a3100000,0x00000043a3200000)]
  0x00000196a5223000 JavaThread "Thread-3" [_thread_blocked, id=13692, stack(0x00000043a3000000,0x00000043a3100000)]
  0x00000196a852a800 JavaThread "Java2D Disposer" daemon [_thread_blocked, id=13676, stack(0x00000043a2a00000,0x00000043a2b00000)]
  0x00000196ae045800 JavaThread "Timer hack thread" daemon [_thread_blocked, id=9944, stack(0x00000043a2900000,0x00000043a2a00000)]
  0x00000196ad161800 JavaThread "Snooper Timer" daemon [_thread_blocked, id=3208, stack(0x00000043a2800000,0x00000043a2900000)]
  0x00000196a51e7000 JavaThread "Service Thread" daemon [_thread_blocked, id=11820, stack(0x00000043a2500000,0x00000043a2600000)]
  0x00000196a516a800 JavaThread "C1 CompilerThread2" daemon [_thread_blocked, id=14360, stack(0x00000043a2400000,0x00000043a2500000)]
  0x00000196a5165800 JavaThread "C2 CompilerThread1" daemon [_thread_blocked, id=6480, stack(0x00000043a2300000,0x00000043a2400000)]
  0x00000196a5164800 JavaThread "C2 CompilerThread0" daemon [_thread_blocked, id=2696, stack(0x00000043a2200000,0x00000043a2300000)]
  0x00000196a5163000 JavaThread "Attach Listener" daemon [_thread_blocked, id=264, stack(0x00000043a2100000,0x00000043a2200000)]
  0x00000196a5160000 JavaThread "Signal Dispatcher" daemon [_thread_blocked, id=14648, stack(0x00000043a2000000,0x00000043a2100000)]
  0x00000196a515f000 JavaThread "Surrogate Locker Thread (Concurrent GC)" daemon [_thread_blocked, id=13748, stack(0x00000043a1f00000,0x00000043a2000000)]
  0x00000196a5141000 JavaThread "Finalizer" daemon [_thread_blocked, id=9360, stack(0x00000043a1d00000,0x00000043a1e00000)]
  0x00000196a5139800 JavaThread "Reference Handler" daemon [_thread_blocked, id=7140, stack(0x00000043a1c00000,0x00000043a1d00000)]
  0x0000019683d10800 JavaThread "Client thread" [_thread_in_vm, id=7752, stack(0x00000043a0f00000,0x00000043a1000000)]

Other Threads:
  0x00000196a512b000 VMThread [stack: 0x00000043a1b00000,0x00000043a1c00000] [id=13728]
  0x00000196a5227000 WatcherThread [stack: 0x00000043a2600000,0x00000043a2700000] [id=5872]

VM state:not at safepoint (normal execution)

VM Mutex/Monitor currently owned by a thread:  ([mutex/lock_event])
[0x0000019683d0d860] SystemDictionary_lock - owner thread: 0x0000019683d10800

heap address: 0x0000000682000000, size: 5088 MB, Compressed Oops mode: Zero based, Oop shift amount: 3
Narrow klass base: 0x0000000000000000, Narrow klass shift: 3
Compressed class space size: 1073741824 Address: 0x00000007c0000000

Heap:
 garbage-first heap   total 5111808K, used 2118349K [0x0000000682000000, 0x00000006840004e0, 0x00000007c0000000)
  region size 32768K, 35 young (1146880K), 3 survivors (98304K)
 Metaspace       used 194307K, capacity 198894K, committed 199240K, reserved 1212416K
  class space    used 35309K, capacity 36889K, committed 36936K, reserved 1048576K

Heap Regions: (Y=young(eden), SU=young(survivor), HS=humongous(starts), HC=humongous(continues), CS=collection set, F=free, TS=gc time stamp, PTAMS=previous top-at-mark-start, NTAMS=next top-at-mark-start)
AC   0  O    TS     0 PTAMS 0x0000000684000000 NTAMS 0x0000000684000000 space 32768K, 100% used [0x0000000682000000, 0x0000000684000000)
AC   0  O    TS     0 PTAMS 0x0000000686000000 NTAMS 0x0000000686000000 space 32768K, 100% used [0x0000000684000000, 0x0000000686000000)
AC   0  O    TS     0 PTAMS 0x0000000688000000 NTAMS 0x0000000688000000 space 32768K, 100% used [0x0000000686000000, 0x0000000688000000)
AC   0  O    TS     0 PTAMS 0x000000068a000000 NTAMS 0x000000068a000000 space 32768K, 100% used [0x0000000688000000, 0x000000068a000000)
AC   0  O    TS     0 PTAMS 0x000000068c000000 NTAMS 0x000000068c000000 space 32768K, 100% used [0x000000068a000000, 0x000000068c000000)
AC   0  O    TS     0 PTAMS 0x000000068e000000 NTAMS 0x000000068e000000 space 32768K, 100% used [0x000000068c000000, 0x000000068e000000)
AC   0 HS    TS     0 PTAMS 0x000000068f000010 NTAMS 0x000000068f000010 space 32768K,  50% used [0x000000068e000000, 0x0000000690000000)
AC   0  O    TS     0 PTAMS 0x0000000692000000 NTAMS 0x0000000692000000 space 32768K, 100% used [0x0000000690000000, 0x0000000692000000)
AC   0  O    TS     0 PTAMS 0x0000000694000000 NTAMS 0x0000000694000000 space 32768K, 100% used [0x0000000692000000, 0x0000000694000000)
AC   0  O    TS     0 PTAMS 0x0000000696000000 NTAMS 0x0000000696000000 space 32768K, 100% used [0x0000000694000000, 0x0000000696000000)
AC   0  O    TS     0 PTAMS 0x0000000698000000 NTAMS 0x0000000698000000 space 32768K, 100% used [0x0000000696000000, 0x0000000698000000)
AC   0  O    TS     0 PTAMS 0x000000069a000000 NTAMS 0x000000069a000000 space 32768K, 100% used [0x0000000698000000, 0x000000069a000000)
AC   0  O    TS     0 PTAMS 0x000000069c000000 NTAMS 0x000000069c000000 space 32768K, 100% used [0x000000069a000000, 0x000000069c000000)
AC   0  O    TS     0 PTAMS 0x000000069e000000 NTAMS 0x000000069e000000 space 32768K, 100% used [0x000000069c000000, 0x000000069e000000)
AC   0  O    TS     0 PTAMS 0x00000006a0000000 NTAMS 0x00000006a0000000 space 32768K, 100% used [0x000000069e000000, 0x00000006a0000000)
AC   0  O    TS     0 PTAMS 0x00000006a2000000 NTAMS 0x00000006a2000000 space 32768K, 100% used [0x00000006a0000000, 0x00000006a2000000)
AC   0  O    TS     0 PTAMS 0x00000006a4000000 NTAMS 0x00000006a4000000 space 32768K, 100% used [0x00000006a2000000, 0x00000006a4000000)
AC   0  O    TS     0 PTAMS 0x00000006a6000000 NTAMS 0x00000006a6000000 space 32768K, 100% used [0x00000006a4000000, 0x00000006a6000000)
AC   0  O    TS     0 PTAMS 0x00000006a8000000 NTAMS 0x00000006a8000000 space 32768K, 100% used [0x00000006a6000000, 0x00000006a8000000)
AC   0  O    TS     0 PTAMS 0x00000006aa000000 NTAMS 0x00000006aa000000 space 32768K, 100% used [0x00000006a8000000, 0x00000006aa000000)
AC   0  O    TS     0 PTAMS 0x00000006ac000000 NTAMS 0x00000006ac000000 space 32768K, 100% used [0x00000006aa000000, 0x00000006ac000000)
AC   0  O    TS     0 PTAMS 0x00000006ae000000 NTAMS 0x00000006ae000000 space 32768K, 100% used [0x00000006ac000000, 0x00000006ae000000)
AC   0  O    TS     0 PTAMS 0x00000006b0000000 NTAMS 0x00000006b0000000 space 32768K, 100% used [0x00000006ae000000, 0x00000006b0000000)
AC   0  O    TS     0 PTAMS 0x00000006b2000000 NTAMS 0x00000006b2000000 space 32768K, 100% used [0x00000006b0000000, 0x00000006b2000000)
AC   0  O    TS     0 PTAMS 0x00000006b4000000 NTAMS 0x00000006b4000000 space 32768K, 100% used [0x00000006b2000000, 0x00000006b4000000)
AC   0  O    TS     0 PTAMS 0x00000006b6000000 NTAMS 0x00000006b6000000 space 32768K, 100% used [0x00000006b4000000, 0x00000006b6000000)
AC   0  O    TS     0 PTAMS 0x00000006b8000000 NTAMS 0x00000006b8000000 space 32768K, 100% used [0x00000006b6000000, 0x00000006b8000000)
AC   0  O    TS     0 PTAMS 0x00000006ba000000 NTAMS 0x00000006ba000000 space 32768K, 100% used [0x00000006b8000000, 0x00000006ba000000)
AC   0  O    TS     0 PTAMS 0x00000006bc000000 NTAMS 0x00000006bc000000 space 32768K, 100% used [0x00000006ba000000, 0x00000006bc000000)
AC   0  O    TS     0 PTAMS 0x00000006be000000 NTAMS 0x00000006be000000 space 32768K, 100% used [0x00000006bc000000, 0x00000006be000000)
AC   0  O    TS     0 PTAMS 0x00000006c0000000 NTAMS 0x00000006c0000000 space 32768K, 100% used [0x00000006be000000, 0x00000006c0000000)
AC   0  O    TS     0 PTAMS 0x00000006c14b3400 NTAMS 0x00000006c14b3400 space 32768K,  64% used [0x00000006c0000000, 0x00000006c2000000)
AC   0  F    TS     0 PTAMS 0x00000006c2000000 NTAMS 0x00000006c2000000 space 32768K,   0% used [0x00000006c2000000, 0x00000006c4000000)
AC   0  F    TS     0 PTAMS 0x00000006c4000000 NTAMS 0x00000006c4000000 space 32768K,   0% used [0x00000006c4000000, 0x00000006c6000000)
AC   0  F    TS     0 PTAMS 0x00000006c6000000 NTAMS 0x00000006c6000000 space 32768K,   0% used [0x00000006c6000000, 0x00000006c8000000)
AC   0  F    TS     0 PTAMS 0x00000006c8000000 NTAMS 0x00000006c8000000 space 32768K,   0% used [0x00000006c8000000, 0x00000006ca000000)
AC   0  F    TS     0 PTAMS 0x00000006ca000000 NTAMS 0x00000006ca000000 space 32768K,   0% used [0x00000006ca000000, 0x00000006cc000000)
AC   0  F    TS     0 PTAMS 0x00000006cc000000 NTAMS 0x00000006cc000000 space 32768K,   0% used [0x00000006cc000000, 0x00000006ce000000)
AC   0  F    TS     0 PTAMS 0x00000006ce000000 NTAMS 0x00000006ce000000 space 32768K,   0% used [0x00000006ce000000, 0x00000006d0000000)
AC   0  F    TS     0 PTAMS 0x00000006d0000000 NTAMS 0x00000006d0000000 space 32768K,   0% used [0x00000006d0000000, 0x00000006d2000000)
AC   0  F    TS     0 PTAMS 0x00000006d2000000 NTAMS 0x00000006d2000000 space 32768K,   0% used [0x00000006d2000000, 0x00000006d4000000)
AC   0  F    TS     0 PTAMS 0x00000006d4000000 NTAMS 0x00000006d4000000 space 32768K,   0% used [0x00000006d4000000, 0x00000006d6000000)
AC   0  F    TS     0 PTAMS 0x00000006d6000000 NTAMS 0x00000006d6000000 space 32768K,   0% used [0x00000006d6000000, 0x00000006d8000000)
AC   0  F    TS     0 PTAMS 0x00000006d8000000 NTAMS 0x00000006d8000000 space 32768K,   0% used [0x00000006d8000000, 0x00000006da000000)
AC   0  F    TS     0 PTAMS 0x00000006da000000 NTAMS 0x00000006da000000 space 32768K,   0% used [0x00000006da000000, 0x00000006dc000000)
AC   0  F    TS     0 PTAMS 0x00000006dc000000 NTAMS 0x00000006dc000000 space 32768K,   0% used [0x00000006dc000000, 0x00000006de000000)
AC   0  F    TS     0 PTAMS 0x00000006de000000 NTAMS 0x00000006de000000 space 32768K,   0% used [0x00000006de000000, 0x00000006e0000000)
AC   0  F    TS     0 PTAMS 0x00000006e0000000 NTAMS 0x00000006e0000000 space 32768K,   0% used [0x00000006e0000000, 0x00000006e2000000)
AC   0  F    TS     0 PTAMS 0x00000006e2000000 NTAMS 0x00000006e2000000 space 32768K,   0% used [0x00000006e2000000, 0x00000006e4000000)
AC   0  F    TS     0 PTAMS 0x00000006e4000000 NTAMS 0x00000006e4000000 space 32768K,   0% used [0x00000006e4000000, 0x00000006e6000000)
AC   0  F    TS     0 PTAMS 0x00000006e6000000 NTAMS 0x00000006e6000000 space 32768K,   0% used [0x00000006e6000000, 0x00000006e8000000)
AC   0  F    TS     0 PTAMS 0x00000006e8000000 NTAMS 0x00000006e8000000 space 32768K,   0% used [0x00000006e8000000, 0x00000006ea000000)
AC   0  F    TS     0 PTAMS 0x00000006ea000000 NTAMS 0x00000006ea000000 space 32768K,   0% used [0x00000006ea000000, 0x00000006ec000000)
AC   0  F    TS     0 PTAMS 0x00000006ec000000 NTAMS 0x00000006ec000000 space 32768K,   0% used [0x00000006ec000000, 0x00000006ee000000)
AC   0  F    TS     0 PTAMS 0x00000006ee000000 NTAMS 0x00000006ee000000 space 32768K,   0% used [0x00000006ee000000, 0x00000006f0000000)
AC   0  F    TS     0 PTAMS 0x00000006f0000000 NTAMS 0x00000006f0000000 space 32768K,   0% used [0x00000006f0000000, 0x00000006f2000000)
AC   0  F    TS     0 PTAMS 0x00000006f2000000 NTAMS 0x00000006f2000000 space 32768K,   0% used [0x00000006f2000000, 0x00000006f4000000)
AC   0  F    TS     0 PTAMS 0x00000006f4000000 NTAMS 0x00000006f4000000 space 32768K,   0% used [0x00000006f4000000, 0x00000006f6000000)
AC   0  F    TS     0 PTAMS 0x00000006f6000000 NTAMS 0x00000006f6000000 space 32768K,   0% used [0x00000006f6000000, 0x00000006f8000000)
AC   0  F    TS     0 PTAMS 0x00000006f8000000 NTAMS 0x00000006f8000000 space 32768K,   0% used [0x00000006f8000000, 0x00000006fa000000)
AC   0  F    TS     0 PTAMS 0x00000006fa000000 NTAMS 0x00000006fa000000 space 32768K,   0% used [0x00000006fa000000, 0x00000006fc000000)
AC   0  F    TS     0 PTAMS 0x00000006fc000000 NTAMS 0x00000006fc000000 space 32768K,   0% used [0x00000006fc000000, 0x00000006fe000000)
AC   0  F    TS     0 PTAMS 0x00000006fe000000 NTAMS 0x00000006fe000000 space 32768K,   0% used [0x00000006fe000000, 0x0000000700000000)
AC   0  F    TS     0 PTAMS 0x0000000700000000 NTAMS 0x0000000700000000 space 32768K,   0% used [0x0000000700000000, 0x0000000702000000)
AC   0  F    TS     0 PTAMS 0x0000000702000000 NTAMS 0x0000000702000000 space 32768K,   0% used [0x0000000702000000, 0x0000000704000000)
AC   0  F    TS     0 PTAMS 0x0000000704000000 NTAMS 0x0000000704000000 space 32768K,   0% used [0x0000000704000000, 0x0000000706000000)
AC   0  F    TS     0 PTAMS 0x0000000706000000 NTAMS 0x0000000706000000 space 32768K,   0% used [0x0000000706000000, 0x0000000708000000)
AC   0  F    TS     0 PTAMS 0x0000000708000000 NTAMS 0x0000000708000000 space 32768K,   0% used [0x0000000708000000, 0x000000070a000000)
AC   0  F    TS     0 PTAMS 0x000000070a000000 NTAMS 0x000000070a000000 space 32768K,   0% used [0x000000070a000000, 0x000000070c000000)
AC   0  F    TS     0 PTAMS 0x000000070c000000 NTAMS 0x000000070c000000 space 32768K,   0% used [0x000000070c000000, 0x000000070e000000)
AC   0  F    TS     0 PTAMS 0x000000070e000000 NTAMS 0x000000070e000000 space 32768K,   0% used [0x000000070e000000, 0x0000000710000000)
AC   0  F    TS     0 PTAMS 0x0000000710000000 NTAMS 0x0000000710000000 space 32768K,   0% used [0x0000000710000000, 0x0000000712000000)
AC   0  F    TS     0 PTAMS 0x0000000712000000 NTAMS 0x0000000712000000 space 32768K,   0% used [0x0000000712000000, 0x0000000714000000)
AC   0  F    TS     0 PTAMS 0x0000000714000000 NTAMS 0x0000000714000000 space 32768K,   0% used [0x0000000714000000, 0x0000000716000000)
AC   0  F    TS     0 PTAMS 0x0000000716000000 NTAMS 0x0000000716000000 space 32768K,   0% used [0x0000000716000000, 0x0000000718000000)
AC   0  F    TS     0 PTAMS 0x0000000718000000 NTAMS 0x0000000718000000 space 32768K,   0% used [0x0000000718000000, 0x000000071a000000)
AC   0  F    TS     0 PTAMS 0x000000071a000000 NTAMS 0x000000071a000000 space 32768K,   0% used [0x000000071a000000, 0x000000071c000000)
AC   0  F    TS     0 PTAMS 0x000000071c000000 NTAMS 0x000000071c000000 space 32768K,   0% used [0x000000071c000000, 0x000000071e000000)
AC   0  F    TS     0 PTAMS 0x000000071e000000 NTAMS 0x000000071e000000 space 32768K,   0% used [0x000000071e000000, 0x0000000720000000)
AC   0  F    TS     0 PTAMS 0x0000000720000000 NTAMS 0x0000000720000000 space 32768K,   0% used [0x0000000720000000, 0x0000000722000000)
AC   0  F    TS     0 PTAMS 0x0000000722000000 NTAMS 0x0000000722000000 space 32768K,   0% used [0x0000000722000000, 0x0000000724000000)
AC   0  F    TS     0 PTAMS 0x0000000724000000 NTAMS 0x0000000724000000 space 32768K,   0% used [0x0000000724000000, 0x0000000726000000)
AC   0  F    TS     0 PTAMS 0x0000000726000000 NTAMS 0x0000000726000000 space 32768K,   0% used [0x0000000726000000, 0x0000000728000000)
AC   0  F    TS     0 PTAMS 0x0000000728000000 NTAMS 0x0000000728000000 space 32768K,   0% used [0x0000000728000000, 0x000000072a000000)
AC   0  F    TS     0 PTAMS 0x000000072a000000 NTAMS 0x000000072a000000 space 32768K,   0% used [0x000000072a000000, 0x000000072c000000)
AC   0  F    TS     0 PTAMS 0x000000072c000000 NTAMS 0x000000072c000000 space 32768K,   0% used [0x000000072c000000, 0x000000072e000000)
AC   0  F    TS     0 PTAMS 0x000000072e000000 NTAMS 0x000000072e000000 space 32768K,   0% used [0x000000072e000000, 0x0000000730000000)
AC   0  F    TS     0 PTAMS 0x0000000730000000 NTAMS 0x0000000730000000 space 32768K,   0% used [0x0000000730000000, 0x0000000732000000)
AC   0  F    TS     0 PTAMS 0x0000000732000000 NTAMS 0x0000000732000000 space 32768K,   0% used [0x0000000732000000, 0x0000000734000000)
AC   0  F    TS     0 PTAMS 0x0000000734000000 NTAMS 0x0000000734000000 space 32768K,   0% used [0x0000000734000000, 0x0000000736000000)
AC   0  F    TS     0 PTAMS 0x0000000736000000 NTAMS 0x0000000736000000 space 32768K,   0% used [0x0000000736000000, 0x0000000738000000)
AC   0  F    TS     0 PTAMS 0x0000000738000000 NTAMS 0x0000000738000000 space 32768K,   0% used [0x0000000738000000, 0x000000073a000000)
AC   0  F    TS     0 PTAMS 0x000000073a000000 NTAMS 0x000000073a000000 space 32768K,   0% used [0x000000073a000000, 0x000000073c000000)
AC   0  F    TS     0 PTAMS 0x000000073c000000 NTAMS 0x000000073c000000 space 32768K,   0% used [0x000000073c000000, 0x000000073e000000)
AC   0  F    TS     0 PTAMS 0x000000073e000000 NTAMS 0x000000073e000000 space 32768K,   0% used [0x000000073e000000, 0x0000000740000000)
AC   0  F    TS     0 PTAMS 0x0000000740000000 NTAMS 0x0000000740000000 space 32768K,   0% used [0x0000000740000000, 0x0000000742000000)
AC   0  F    TS     0 PTAMS 0x0000000742000000 NTAMS 0x0000000742000000 space 32768K,   0% used [0x0000000742000000, 0x0000000744000000)
AC   0  F    TS     0 PTAMS 0x0000000744000000 NTAMS 0x0000000744000000 space 32768K,   0% used [0x0000000744000000, 0x0000000746000000)
AC   0  F    TS     0 PTAMS 0x0000000746000000 NTAMS 0x0000000746000000 space 32768K,   0% used [0x0000000746000000, 0x0000000748000000)
AC   0  F    TS     0 PTAMS 0x0000000748000000 NTAMS 0x0000000748000000 space 32768K,   0% used [0x0000000748000000, 0x000000074a000000)
AC   0  F    TS     0 PTAMS 0x000000074a000000 NTAMS 0x000000074a000000 space 32768K,   0% used [0x000000074a000000, 0x000000074c000000)
AC   0  F    TS     0 PTAMS 0x000000074c000000 NTAMS 0x000000074c000000 space 32768K,   0% used [0x000000074c000000, 0x000000074e000000)
AC   0  F    TS     0 PTAMS 0x000000074e000000 NTAMS 0x000000074e000000 space 32768K,   0% used [0x000000074e000000, 0x0000000750000000)
AC   0  F    TS     0 PTAMS 0x0000000750000000 NTAMS 0x0000000750000000 space 32768K,   0% used [0x0000000750000000, 0x0000000752000000)
AC   0  F    TS     0 PTAMS 0x0000000752000000 NTAMS 0x0000000752000000 space 32768K,   0% used [0x0000000752000000, 0x0000000754000000)
AC   0  F    TS     0 PTAMS 0x0000000754000000 NTAMS 0x0000000754000000 space 32768K,   0% used [0x0000000754000000, 0x0000000756000000)
AC   0  F    TS     0 PTAMS 0x0000000756000000 NTAMS 0x0000000756000000 space 32768K,   0% used [0x0000000756000000, 0x0000000758000000)
AC   0  F    TS     0 PTAMS 0x0000000758000000 NTAMS 0x0000000758000000 space 32768K,   0% used [0x0000000758000000, 0x000000075a000000)
AC   0  F    TS     0 PTAMS 0x000000075a000000 NTAMS 0x000000075a000000 space 32768K,   0% used [0x000000075a000000, 0x000000075c000000)
AC   0  F    TS     0 PTAMS 0x000000075c000000 NTAMS 0x000000075c000000 space 32768K,   0% used [0x000000075c000000, 0x000000075e000000)
AC   0  F    TS     0 PTAMS 0x000000075e000000 NTAMS 0x000000075e000000 space 32768K,   0% used [0x000000075e000000, 0x0000000760000000)
AC   0  F    TS     0 PTAMS 0x0000000760000000 NTAMS 0x0000000760000000 space 32768K,   0% used [0x0000000760000000, 0x0000000762000000)
AC   0  F    TS     0 PTAMS 0x0000000762000000 NTAMS 0x0000000762000000 space 32768K,   0% used [0x0000000762000000, 0x0000000764000000)
AC   0  F    TS     0 PTAMS 0x0000000764000000 NTAMS 0x0000000764000000 space 32768K,   0% used [0x0000000764000000, 0x0000000766000000)
AC   0  F    TS     0 PTAMS 0x0000000766000000 NTAMS 0x0000000766000000 space 32768K,   0% used [0x0000000766000000, 0x0000000768000000)
AC   0  F    TS     0 PTAMS 0x0000000768000000 NTAMS 0x0000000768000000 space 32768K,   0% used [0x0000000768000000, 0x000000076a000000)
AC   0  F    TS     0 PTAMS 0x000000076a000000 NTAMS 0x000000076a000000 space 32768K,   0% used [0x000000076a000000, 0x000000076c000000)
AC   0  F    TS     0 PTAMS 0x000000076c000000 NTAMS 0x000000076c000000 space 32768K,   0% used [0x000000076c000000, 0x000000076e000000)
AC   0  F    TS     0 PTAMS 0x000000076e000000 NTAMS 0x000000076e000000 space 32768K,   0% used [0x000000076e000000, 0x0000000770000000)
AC   0  F    TS     0 PTAMS 0x0000000770000000 NTAMS 0x0000000770000000 space 32768K,   0% used [0x0000000770000000, 0x0000000772000000)
AC   0  F    TS     0 PTAMS 0x0000000772000000 NTAMS 0x0000000772000000 space 32768K,   0% used [0x0000000772000000, 0x0000000774000000)
AC   0  E    TS     0 PTAMS 0x0000000774000000 NTAMS 0x0000000774000000 space 32768K,  50% used [0x0000000774000000, 0x0000000776000000)
AC   0  S CS TS     0 PTAMS 0x0000000776000000 NTAMS 0x0000000776000000 space 32768K,  49% used [0x0000000776000000, 0x0000000778000000)
AC   0  S CS TS     0 PTAMS 0x0000000778000000 NTAMS 0x0000000778000000 space 32768K, 100% used [0x0000000778000000, 0x000000077a000000)
AC   0  S CS TS     0 PTAMS 0x000000077a000000 NTAMS 0x000000077a000000 space 32768K, 100% used [0x000000077a000000, 0x000000077c000000)
AC   0  E CS TS     0 PTAMS 0x000000077c000000 NTAMS 0x000000077c000000 space 32768K, 100% used [0x000000077c000000, 0x000000077e000000)
AC   0  E CS TS     0 PTAMS 0x000000077e000000 NTAMS 0x000000077e000000 space 32768K, 100% used [0x000000077e000000, 0x0000000780000000)
AC   0  E CS TS     0 PTAMS 0x0000000780000000 NTAMS 0x0000000780000000 space 32768K, 100% used [0x0000000780000000, 0x0000000782000000)
AC   0  E CS TS     0 PTAMS 0x0000000782000000 NTAMS 0x0000000782000000 space 32768K, 100% used [0x0000000782000000, 0x0000000784000000)
AC   0  E CS TS     0 PTAMS 0x0000000784000000 NTAMS 0x0000000784000000 space 32768K, 100% used [0x0000000784000000, 0x0000000786000000)
AC   0  E CS TS     0 PTAMS 0x0000000786000000 NTAMS 0x0000000786000000 space 32768K, 100% used [0x0000000786000000, 0x0000000788000000)
AC   0  E CS TS     0 PTAMS 0x0000000788000000 NTAMS 0x0000000788000000 space 32768K, 100% used [0x0000000788000000, 0x000000078a000000)
AC   0  E CS TS     0 PTAMS 0x000000078a000000 NTAMS 0x000000078a000000 space 32768K, 100% used [0x000000078a000000, 0x000000078c000000)
AC   0  E CS TS     0 PTAMS 0x000000078c000000 NTAMS 0x000000078c000000 space 32768K, 100% used [0x000000078c000000, 0x000000078e000000)
AC   0  E CS TS     0 PTAMS 0x000000078e000000 NTAMS 0x000000078e000000 space 32768K, 100% used [0x000000078e000000, 0x0000000790000000)
AC   0  E CS TS     0 PTAMS 0x0000000790000000 NTAMS 0x0000000790000000 space 32768K, 100% used [0x0000000790000000, 0x0000000792000000)
AC   0  E CS TS     0 PTAMS 0x0000000792000000 NTAMS 0x0000000792000000 space 32768K, 100% used [0x0000000792000000, 0x0000000794000000)
AC   0  E CS TS     0 PTAMS 0x0000000794000000 NTAMS 0x0000000794000000 space 32768K, 100% used [0x0000000794000000, 0x0000000796000000)
AC   0  E CS TS     0 PTAMS 0x0000000796000000 NTAMS 0x0000000796000000 space 32768K, 100% used [0x0000000796000000, 0x0000000798000000)
AC   0  E CS TS     0 PTAMS 0x0000000798000000 NTAMS 0x0000000798000000 space 32768K, 100% used [0x0000000798000000, 0x000000079a000000)
AC   0  E CS TS     0 PTAMS 0x000000079a000000 NTAMS 0x000000079a000000 space 32768K, 100% used [0x000000079a000000, 0x000000079c000000)
AC   0  E CS TS     0 PTAMS 0x000000079c000000 NTAMS 0x000000079c000000 space 32768K, 100% used [0x000000079c000000, 0x000000079e000000)
AC   0  E CS TS     0 PTAMS 0x000000079e000000 NTAMS 0x000000079e000000 space 32768K, 100% used [0x000000079e000000, 0x00000007a0000000)
AC   0  E CS TS     0 PTAMS 0x00000007a0000000 NTAMS 0x00000007a0000000 space 32768K, 100% used [0x00000007a0000000, 0x00000007a2000000)
AC   0  E CS TS     0 PTAMS 0x00000007a2000000 NTAMS 0x00000007a2000000 space 32768K, 100% used [0x00000007a2000000, 0x00000007a4000000)
AC   0  E CS TS     0 PTAMS 0x00000007a4000000 NTAMS 0x00000007a4000000 space 32768K, 100% used [0x00000007a4000000, 0x00000007a6000000)
AC   0  E CS TS     0 PTAMS 0x00000007a6000000 NTAMS 0x00000007a6000000 space 32768K, 100% used [0x00000007a6000000, 0x00000007a8000000)
AC   0  E CS TS     0 PTAMS 0x00000007a8000000 NTAMS 0x00000007a8000000 space 32768K, 100% used [0x00000007a8000000, 0x00000007aa000000)
AC   0  E CS TS     0 PTAMS 0x00000007aa000000 NTAMS 0x00000007aa000000 space 32768K, 100% used [0x00000007aa000000, 0x00000007ac000000)
AC   0  E CS TS     0 PTAMS 0x00000007ac000000 NTAMS 0x00000007ac000000 space 32768K, 100% used [0x00000007ac000000, 0x00000007ae000000)
AC   0  E CS TS     0 PTAMS 0x00000007ae000000 NTAMS 0x00000007ae000000 space 32768K, 100% used [0x00000007ae000000, 0x00000007b0000000)
AC   0  E CS TS     0 PTAMS 0x00000007b0000000 NTAMS 0x00000007b0000000 space 32768K, 100% used [0x00000007b0000000, 0x00000007b2000000)
AC   0  E CS TS     0 PTAMS 0x00000007b2000000 NTAMS 0x00000007b2000000 space 32768K, 100% used [0x00000007b2000000, 0x00000007b4000000)
AC   0  E CS TS     0 PTAMS 0x00000007b4000000 NTAMS 0x00000007b4000000 space 32768K, 100% used [0x00000007b4000000, 0x00000007b6000000)
AC   0  E CS TS     0 PTAMS 0x00000007b6000000 NTAMS 0x00000007b6000000 space 32768K, 100% used [0x00000007b6000000, 0x00000007b8000000)
AC   0  E CS TS     0 PTAMS 0x00000007b8000000 NTAMS 0x00000007b8000000 space 32768K, 100% used [0x00000007b8000000, 0x00000007ba000000)

Card table byte_map: [0x0000019696670000,0x0000019697060000] byte_map_base: 0x0000019693260000

Marking Bits (Prev, Next): (CMBitMap*) 0x0000019683d6b8e8, (CMBitMap*) 0x0000019683d6b940
 Prev Bits: [0x0000019697a50000, 0x000001969c9d0000)
 Next Bits: [0x000001969c9d0000, 0x00000196a1950000)

Polling page: 0x0000019683ee0000

CodeCache: size=245760Kb used=40297Kb max_used=40647Kb free=205462Kb
 bounds [0x0000019685a90000, 0x0000019688290000, 0x0000019694a90000]
 total_blobs=11773 nmethods=10358 adapters=1327
 compilation: enabled

Compilation events (10 events):
Event: 152.657 Thread 0x00000196a5165800 15209       4       java.util.TimSort::countRunAndMakeAscending (128 bytes)
Event: 152.663 Thread 0x00000196a516a800 15215       2       net.minecraft.client.gui.FontRenderer::func_180455_b (212 bytes)
Event: 152.664 Thread 0x00000196a516a800 nmethod 15215 0x0000019688087710 code [0x0000019688087900, 0x0000019688087ce0]
Event: 152.664 Thread 0x00000196a5165800 nmethod 15209 0x0000019687703650 code [0x00000196877037a0, 0x0000019687703f18]
Event: 152.664 Thread 0x00000196a516a800 15216       2       bre.smoothfont.FontRendererHook::renderStringExitHook (102 bytes)
Event: 152.664 Thread 0x00000196a5164800 nmethod 15208 0x0000019687b5b890 code [0x0000019687b5ba60, 0x0000019687b5c210]
Event: 152.664 Thread 0x00000196a5165800 15214       4       net.minecraft.client.gui.FontRenderer::func_78265_b (26 bytes)
Event: 152.664 Thread 0x00000196a516a800 nmethod 15216 0x0000019687703090 code [0x0000019687703220, 0x0000019687703510]
Event: 152.664 Thread 0x00000196a5165800 nmethod 15214 0x0000019688080050 code [0x0000019688080180, 0x00000196880801f8]
Event: 152.666 Thread 0x00000196a5164800 15217       4       bre.smoothfont.FontRendererHook::drawStringHook (188 bytes)

GC Heap History (10 events):
Event: 133.739 GC heap before
{Heap before GC invocations=49 (full 0):
 garbage-first heap   total 5111808K, used 1971527K [0x0000000682000000, 0x00000006840004e0, 0x00000007c0000000)
  region size 32768K, 31 young (1015808K), 3 survivors (98304K)
 Metaspace       used 180219K, capacity 183950K, committed 184508K, reserved 1200128K
  class space    used 32651K, capacity 33928K, committed 33980K, reserved 1048576K
Event: 133.818 GC heap after
Heap after GC invocations=50 (full 0):
 garbage-first heap   total 5111808K, used 1109066K [0x0000000682000000, 0x00000006840004e0, 0x00000007c0000000)
  region size 32768K, 4 young (131072K), 4 survivors (131072K)
 Metaspace       used 180219K, capacity 183950K, committed 184508K, reserved 1200128K
  class space    used 32651K, capacity 33928K, committed 33980K, reserved 1048576K
}
Event: 138.009 GC heap before
{Heap before GC invocations=50 (full 0):
 garbage-first heap   total 5111808K, used 1993802K [0x0000000682000000, 0x00000006840004e0, 0x00000007c0000000)
  region size 32768K, 31 young (1015808K), 4 survivors (131072K)
 Metaspace       used 183089K, capacity 186970K, committed 187452K, reserved 1202176K
  class space    used 33263K, capacity 34566K, committed 34620K, reserved 1048576K
Event: 138.060 GC heap after
Heap after GC invocations=51 (full 0):
 garbage-first heap   total 5111808K, used 1092682K [0x0000000682000000, 0x00000006840004e0, 0x00000007c0000000)
  region size 32768K, 3 young (98304K), 3 survivors (98304K)
 Metaspace       used 183089K, capacity 186970K, committed 187452K, reserved 1202176K
  class space    used 33263K, capacity 34566K, committed 34620K, reserved 1048576K
}
Event: 141.421 GC heap before
{Heap before GC invocations=51 (full 0):
 garbage-first heap   total 5111808K, used 2010186K [0x0000000682000000, 0x00000006840004e0, 0x00000007c0000000)
  region size 32768K, 31 young (1015808K), 3 survivors (98304K)
 Metaspace       used 186776K, capacity 190808K, committed 191036K, reserved 1204224K
  class space    used 33934K, capacity 35337K, committed 35388K, reserved 1048576K
Event: 141.466 GC heap after
Heap after GC invocations=52 (full 0):
 garbage-first heap   total 5111808K, used 1125450K [0x0000000682000000, 0x00000006840004e0, 0x00000007c0000000)
  region size 32768K, 4 young (131072K), 4 survivors (131072K)
 Metaspace       used 186776K, capacity 190808K, committed 191036K, reserved 1204224K
  class space    used 33934K, capacity 35337K, committed 35388K, reserved 1048576K
}
Event: 143.101 GC heap before
{Heap before GC invocations=52 (full 0):
 garbage-first heap   total 5111808K, used 1551434K [0x0000000682000000, 0x00000006840004e0, 0x00000007c0000000)
  region size 32768K, 18 young (589824K), 4 survivors (131072K)
 Metaspace       used 188935K, capacity 193134K, committed 193340K, reserved 1206272K
  class space    used 34394K, capacity 35872K, committed 35900K, reserved 1048576K
Event: 143.147 GC heap after
Heap after GC invocations=53 (full 0):
 garbage-first heap   total 5111808K, used 1118925K [0x0000000682000000, 0x00000006840004e0, 0x00000007c0000000)
  region size 32768K, 3 young (98304K), 3 survivors (98304K)
 Metaspace       used 188935K, capacity 193134K, committed 193340K, reserved 1206272K
  class space    used 34394K, capacity 35872K, committed 35900K, reserved 1048576K
}
Event: 146.127 GC heap before
{Heap before GC invocations=54 (full 0):
 garbage-first heap   total 5111808K, used 2036429K [0x0000000682000000, 0x00000006840004e0, 0x00000007c0000000)
  region size 32768K, 31 young (1015808K), 3 survivors (98304K)
 Metaspace       used 192775K, capacity 197152K, committed 197448K, reserved 1210368K
  class space    used 35045K, capacity 36552K, committed 36680K, reserved 1048576K
Event: 146.171 GC heap after
Heap after GC invocations=55 (full 0):
 garbage-first heap   total 5111808K, used 1102541K [0x0000000682000000, 0x00000006840004e0, 0x00000007c0000000)
  region size 32768K, 3 young (98304K), 3 survivors (98304K)
 Metaspace       used 192775K, capacity 197152K, committed 197448K, reserved 1210368K
  class space    used 35045K, capacity 36552K, committed 36680K, reserved 1048576K
}

Deoptimization events (10 events):
Event: 152.456 Thread 0x0000019683d10800 Uncommon trap: reason=unstable_if action=reinterpret pc=0x0000019685c2c3e8 method=java.awt.image.MultiPixelPackedSampleModel.getPixel(II[ILjava/awt/image/DataBuffer;)[I @ 35
Event: 152.461 Thread 0x0000019683d10800 Uncommon trap: reason=bimorphic action=maybe_recompile pc=0x0000019685d807f8 method=java.util.Hashtable.addEntry(ILjava/lang/Object;Ljava/lang/Object;I)V @ 38
Event: 152.462 Thread 0x0000019683d10800 Uncommon trap: reason=unstable_if action=reinterpret pc=0x00000196862d16b4 method=java.awt.image.MultiPixelPackedSampleModel.getPixel(II[ILjava/awt/image/DataBuffer;)[I @ 35
Event: 152.475 Thread 0x0000019683d10800 Uncommon trap: reason=unstable_if action=reinterpret pc=0x0000019687a91b6c method=sun.awt.image.ByteInterleavedRaster.putByteData(IIII[B)V @ 395
Event: 152.483 Thread 0x0000019683d10800 Uncommon trap: reason=unstable_if action=reinterpret pc=0x00000196867e9fd0 method=com.sun.imageio.plugins.png.PNGImageReader.paethPredictor(III)I @ 41
Event: 152.487 Thread 0x0000019683d10800 Uncommon trap: reason=unstable_if action=reinterpret pc=0x0000019686eb7a00 method=com.sun.imageio.plugins.png.PNGImageReader.paethPredictor(III)I @ 41
Event: 152.489 Thread 0x0000019683d10800 Uncommon trap: reason=unstable_if action=reinterpret pc=0x0000019685cac28c method=java.awt.image.ComponentColorModel.getRGB(Ljava/lang/Object;)I @ 4
Event: 152.489 Thread 0x0000019683d10800 Uncommon trap: reason=unstable_if action=reinterpret pc=0x0000019685d9a5a0 method=java.awt.image.ComponentColorModel.getAlpha(Ljava/lang/Object;)I @ 4
Event: 152.489 Thread 0x0000019683d10800 Uncommon trap: reason=unstable_if action=reinterpret pc=0x00000196867e9568 method=java.awt.image.ComponentColorModel.extractComponent(Ljava/lang/Object;II)I @ 4
Event: 152.650 Thread 0x00000196aace0800 Uncommon trap: reason=unstable_if action=reinterpret pc=0x0000019686e3fd84 method=net.minecraftforge.fml.common.asm.transformers.SoundEngineFixTransformer.transform(Ljava/lang/String;Ljava/lang/String;[B)[B @ 553

Classes redefined (0 events):
No events

Internal exceptions (10 events):
Event: 147.086 Thread 0x0000019683d10800 Exception <a 'java/security/PrivilegedActionException'> (0x00000007acf558a0) thrown at [C:\jenkins\workspace\8-2-build-windows-amd64-cygwin\jdk8u261\295\hotspot\src\share\vm\prims\jvm.cpp, line 1512]
Event: 152.456 Thread 0x0000019683d10800 Implicit null exception at 0x0000019685c2c1e0 to 0x0000019685c2c3c5
Event: 152.462 Thread 0x0000019683d10800 Implicit null exception at 0x00000196862d14fc to 0x00000196862d1691
Event: 152.606 Thread 0x00000196aace0800 Exception <a 'java/lang/InterruptedException': sleep interrupted> (0x000000077f76c4b0) thrown at [C:\jenkins\workspace\8-2-build-windows-amd64-cygwin\jdk8u261\295\hotspot\src\share\vm\prims\jvm.cpp, line 3346]
Event: 152.654 Thread 0x00000196aace0800 Exception <a 'java/security/PrivilegedActionException'> (0x000000077fc5e508) thrown at [C:\jenkins\workspace\8-2-build-windows-amd64-cygwin\jdk8u261\295\hotspot\src\share\vm\prims\jvm.cpp, line 1512]
Event: 152.654 Thread 0x00000196aace0800 Exception <a 'java/security/PrivilegedActionException'> (0x000000077fc5f978) thrown at [C:\jenkins\workspace\8-2-build-windows-amd64-cygwin\jdk8u261\295\hotspot\src\share\vm\prims\jvm.cpp, line 1512]
Event: 152.654 Thread 0x00000196aace0800 Exception <a 'java/security/PrivilegedActionException'> (0x000000077fc60f60) thrown at [C:\jenkins\workspace\8-2-build-windows-amd64-cygwin\jdk8u261\295\hotspot\src\share\vm\prims\jvm.cpp, line 1512]
Event: 152.654 Thread 0x00000196aace0800 Exception <a 'java/security/PrivilegedActionException'> (0x000000077fc62730) thrown at [C:\jenkins\workspace\8-2-build-windows-amd64-cygwin\jdk8u261\295\hotspot\src\share\vm\prims\jvm.cpp, line 1512]
Event: 152.654 Thread 0x00000196aace0800 Exception <a 'java/security/PrivilegedActionException'> (0x000000077fc63ba0) thrown at [C:\jenkins\workspace\8-2-build-windows-amd64-cygwin\jdk8u261\295\hotspot\src\share\vm\prims\jvm.cpp, line 1512]
Event: 152.654 Thread 0x00000196aace0800 Exception <a 'java/security/PrivilegedActionException'> (0x000000077fc65188) thrown at [C:\jenkins\workspace\8-2-build-windows-amd64-cygwin\jdk8u261\295\hotspot\src\share\vm\prims\jvm.cpp, line 1512]

Events (10 events):
Event: 152.650 Thread 0x00000196aace0800 Uncommon trap: trap_request=0xffffff65 fr.pc=0x0000019686e3fd84
Event: 152.650 Thread 0x00000196aace0800 DEOPT PACKING pc=0x0000019686e3fd84 sp=0x00000043a38fd620
Event: 152.650 Thread 0x00000196aace0800 DEOPT UNPACKING pc=0x0000019685ad5843 sp=0x00000043a38fd5d8 mode 2
Event: 152.654 Thread 0x00000196bb027000 Thread added: 0x00000196bb027000
Event: 152.659 loading class net/minecraft/client/renderer/block/model/multipart/Multipart
Event: 152.659 loading class net/minecraft/client/renderer/block/model/multipart/Multipart done
Event: 152.660 Executing VM operation: RevokeBias
Event: 152.663 Executing VM operation: RevokeBias done
Event: 152.665 loading class net/minecraft/client/renderer/block/model/VariantList
Event: 152.665 loading class net/minecraft/client/renderer/block/model/VariantList done


Dynamic libraries:
0x00007ff610d00000 - 0x00007ff610d47000 	C:\Program Files\Java\jre1.8.0_261\bin\javaw.exe
0x00007ffa00bd0000 - 0x00007ffa00dc8000 	C:\WINDOWS\SYSTEM32\ntdll.dll
0x00007ff9fef50000 - 0x00007ff9ff00f000 	C:\WINDOWS\System32\KERNEL32.DLL
0x00007ff9fe2b0000 - 0x00007ff9fe5a6000 	C:\WINDOWS\System32\KERNELBASE.dll
0x00007ff9feea0000 - 0x00007ff9fef4f000 	C:\WINDOWS\System32\ADVAPI32.dll
0x00007ff9fee00000 - 0x00007ff9fee9e000 	C:\WINDOWS\System32\msvcrt.dll
0x00007ffa00540000 - 0x00007ffa005dc000 	C:\WINDOWS\System32\sechost.dll
0x00007ff9ff010000 - 0x00007ff9ff136000 	C:\WINDOWS\System32\RPCRT4.dll
0x00007ffa00340000 - 0x00007ffa004dd000 	C:\WINDOWS\System32\USER32.dll
0x00007ff9fe870000 - 0x00007ff9fe892000 	C:\WINDOWS\System32\win32u.dll
0x00007ff9ff3d0000 - 0x00007ff9ff3fc000 	C:\WINDOWS\System32\GDI32.dll
0x00007ff9fe950000 - 0x00007ff9fea65000 	C:\WINDOWS\System32\gdi32full.dll
0x00007ff9fe670000 - 0x00007ff9fe70d000 	C:\WINDOWS\System32\msvcp_win.dll
0x00007ff9fea70000 - 0x00007ff9feb70000 	C:\WINDOWS\System32\ucrtbase.dll
0x00007ff9fd6a0000 - 0x00007ff9fd93a000 	C:\WINDOWS\WinSxS\amd64_microsoft.windows.common-controls_6595b64144ccf1df_6.0.19041.1110_none_60b5254171f9507e\COMCTL32.dll
0x00007ffa007a0000 - 0x00007ffa007d0000 	C:\WINDOWS\System32\IMM32.DLL
0x0000000180000000 - 0x0000000180007000 	C:\Program Files\Prio\prio.dll
0x00007ff9f8050000 - 0x00007ff9f8065000 	C:\Program Files\Java\jre1.8.0_261\bin\vcruntime140.dll
0x00007ff9e12a0000 - 0x00007ff9e133b000 	C:\Program Files\Java\jre1.8.0_261\bin\msvcp140.dll
0x000000006dc20000 - 0x000000006e48c000 	C:\Program Files\Java\jre1.8.0_261\bin\server\jvm.dll
0x00007ffa00330000 - 0x00007ffa00338000 	C:\WINDOWS\System32\PSAPI.DLL
0x00007ff9f5f60000 - 0x00007ff9f5f69000 	C:\WINDOWS\SYSTEM32\WSOCK32.dll
0x00007ff9ffe40000 - 0x00007ff9ffeab000 	C:\WINDOWS\System32\WS2_32.dll
0x00007ff9f3d00000 - 0x00007ff9f3d27000 	C:\WINDOWS\SYSTEM32\WINMM.dll
0x00007ff9fabf0000 - 0x00007ff9fabfa000 	C:\WINDOWS\SYSTEM32\VERSION.dll
0x00007ff9fc4a0000 - 0x00007ff9fc4b2000 	C:\WINDOWS\SYSTEM32\kernel.appcore.dll
0x00007ff9f1ab0000 - 0x00007ff9f1ac0000 	C:\Program Files\Java\jre1.8.0_261\bin\verify.dll
0x00007ff9ed9f0000 - 0x00007ff9eda1b000 	C:\Program Files\Java\jre1.8.0_261\bin\java.dll
0x00007ff9ee300000 - 0x00007ff9ee318000 	C:\Program Files\Java\jre1.8.0_261\bin\zip.dll
0x00007ff9ff5b0000 - 0x00007ff9ffcf4000 	C:\WINDOWS\System32\SHELL32.dll
0x00007ff9fbcf0000 - 0x00007ff9fc483000 	C:\WINDOWS\SYSTEM32\windows.storage.dll
0x00007ffa007d0000 - 0x00007ffa00b24000 	C:\WINDOWS\System32\combase.dll
0x00007ff9fd600000 - 0x00007ff9fd62e000 	C:\WINDOWS\SYSTEM32\Wldp.dll
0x00007ff9fec30000 - 0x00007ff9fecdd000 	C:\WINDOWS\System32\SHCORE.dll
0x00007ff9ffde0000 - 0x00007ff9ffe35000 	C:\WINDOWS\System32\shlwapi.dll
0x00007ff9fe1f0000 - 0x00007ff9fe20f000 	C:\WINDOWS\SYSTEM32\profapi.dll
0x00007ff9edf30000 - 0x00007ff9edf4c000 	C:\Program Files\Java\jre1.8.0_261\bin\net.dll
0x00007ff9fd210000 - 0x00007ff9fd27a000 	C:\WINDOWS\system32\mswsock.dll
0x00007ff9e22d0000 - 0x00007ff9e22e7000 	C:\WINDOWS\system32\napinsp.dll
0x00007ff9e22b0000 - 0x00007ff9e22cb000 	C:\WINDOWS\system32\pnrpnsp.dll
0x00007ff9f6d60000 - 0x00007ff9f6d75000 	C:\WINDOWS\system32\wshbth.dll
0x00007ff9f8c80000 - 0x00007ff9f8c9d000 	C:\WINDOWS\system32\NLAapi.dll
0x00007ff9fd020000 - 0x00007ff9fd05c000 	C:\WINDOWS\SYSTEM32\IPHLPAPI.DLL
0x00007ff9fd060000 - 0x00007ff9fd12a000 	C:\WINDOWS\SYSTEM32\DNSAPI.dll
0x00007ff9ffdd0000 - 0x00007ff9ffdd8000 	C:\WINDOWS\System32\NSI.dll
0x00007ff9e2290000 - 0x00007ff9e22a2000 	C:\WINDOWS\System32\winrnr.dll
0x00007ff9ee890000 - 0x00007ff9ee89a000 	C:\Windows\System32\rasadhlp.dll
0x00007ff9ee760000 - 0x00007ff9ee7e2000 	C:\WINDOWS\System32\fwpuclnt.dll
0x00007ff9fec00000 - 0x00007ff9fec27000 	C:\WINDOWS\System32\bcrypt.dll
0x00007ff9f5820000 - 0x00007ff9f5837000 	C:\WINDOWS\SYSTEM32\dhcpcsvc6.DLL
0x00007ff9f5270000 - 0x00007ff9f528d000 	C:\WINDOWS\SYSTEM32\dhcpcsvc.DLL
0x00007ff9edc60000 - 0x00007ff9edc6d000 	C:\Program Files\Java\jre1.8.0_261\bin\management.dll
0x00007ff9ed9c0000 - 0x00007ff9ed9d3000 	C:\Program Files\Java\jre1.8.0_261\bin\nio.dll
0x00007ff9fe040000 - 0x00007ff9fe058000 	C:\WINDOWS\SYSTEM32\CRYPTSP.dll
0x00007ff9fcce0000 - 0x00007ff9fcd14000 	C:\WINDOWS\system32\rsaenh.dll
0x00007ff9fe1b0000 - 0x00007ff9fe1de000 	C:\WINDOWS\SYSTEM32\USERENV.dll
0x00007ff9feb70000 - 0x00007ff9febf2000 	C:\WINDOWS\System32\bcryptprimitives.dll
0x00007ff9fd430000 - 0x00007ff9fd43c000 	C:\WINDOWS\SYSTEM32\CRYPTBASE.dll
0x00007ff9ed970000 - 0x00007ff9ed988000 	C:\Program Files\Java\jre1.8.0_261\bin\unpack.dll
0x0000019683f20000 - 0x0000019683f73000 	C:\Program Files (x86)\MultiMC\instances\1.12.2-Survival-Modpack\natives\lwjgl64.dll
0x00007ff9c1dc0000 - 0x00007ff9c1ee5000 	C:\WINDOWS\SYSTEM32\OPENGL32.dll
0x00007ff9c2490000 - 0x00007ff9c24bc000 	C:\WINDOWS\SYSTEM32\GLU32.dll
0x00007ff9f5c60000 - 0x00007ff9f5d0e000 	C:\WINDOWS\SYSTEM32\mscms.dll
0x00007ff9f5c40000 - 0x00007ff9f5c51000 	C:\WINDOWS\SYSTEM32\ColorAdapterClient.dll
0x00007ff9ffd00000 - 0x00007ff9ffdcd000 	C:\WINDOWS\System32\OLEAUT32.dll
0x00007ff9ff220000 - 0x00007ff9ff2c9000 	C:\WINDOWS\System32\clbcatq.dll
0x00007ff9fe5b0000 - 0x00007ff9fe5fe000 	C:\WINDOWS\System32\cfgmgr32.dll
0x00007ff9d2c00000 - 0x00007ff9d2d94000 	C:\Program Files\Java\jre1.8.0_261\bin\awt.dll
0x00007ff9fab30000 - 0x00007ff9fabc1000 	C:\WINDOWS\SYSTEM32\apphelp.dll
0x00007ff9faca0000 - 0x00007ff9fad3e000 	C:\WINDOWS\system32\uxtheme.dll
0x00007ff9fece0000 - 0x00007ff9fedf4000 	C:\WINDOWS\System32\MSCTF.dll
0x00007ff9f1160000 - 0x00007ff9f1259000 	C:\WINDOWS\SYSTEM32\textinputframework.dll
0x00007ff9fa4c0000 - 0x00007ff9fa81e000 	C:\WINDOWS\System32\CoreUIComponents.dll
0x00007ff9fa900000 - 0x00007ff9fa9f2000 	C:\WINDOWS\System32\CoreMessaging.dll
0x00007ff9fe000000 - 0x00007ff9fe033000 	C:\WINDOWS\SYSTEM32\ntmarta.dll
0x00007ff9f9df0000 - 0x00007ff9f9f44000 	C:\WINDOWS\SYSTEM32\wintypes.dll
0x00007ff9f1890000 - 0x00007ff9f18bd000 	C:\WINDOWS\System32\DriverStore\FileRepository\u0390451.inf_amd64_39377efdd62734d1\B390182\atig6pxx.dll
0x00007ff993790000 - 0x00007ff9973c5000 	C:\WINDOWS\System32\DriverStore\FileRepository\u0390451.inf_amd64_39377efdd62734d1\B390182\atio6axx.dll
0x00007ff9ffec0000 - 0x00007ffa00328000 	C:\WINDOWS\System32\SETUPAPI.dll
0x00007ff9fb170000 - 0x00007ff9fb19f000 	C:\WINDOWS\SYSTEM32\dwmapi.dll
0x00007ff9fe080000 - 0x00007ff9fe0ac000 	C:\WINDOWS\SYSTEM32\DEVOBJ.dll
0x00007ff9fe600000 - 0x00007ff9fe667000 	C:\WINDOWS\System32\WINTRUST.dll
0x00007ff9fe710000 - 0x00007ff9fe86e000 	C:\WINDOWS\System32\CRYPT32.dll
0x00007ff9fda50000 - 0x00007ff9fda62000 	C:\WINDOWS\SYSTEM32\MSASN1.dll
0x00007ff9a83a0000 - 0x00007ff9a83e3000 	C:\WINDOWS\SYSTEM32\icm32.dll
0x00007ff9e10f0000 - 0x00007ff9e1132000 	C:\Users\Jacob\AppData\Local\Temp\jna-71328959\jna7582135838119708127.dll
0x00007ff9ed940000 - 0x00007ff9ed964000 	C:\Program Files\Java\jre1.8.0_261\bin\sunec.dll
0x00007ff9ed9b0000 - 0x00007ff9ed9bd000 	C:\Program Files\Java\jre1.8.0_261\bin\sunmscapi.dll
0x00007ff9fd670000 - 0x00007ff9fd698000 	C:\WINDOWS\SYSTEM32\ncrypt.dll
0x00007ff9fd630000 - 0x00007ff9fd66b000 	C:\WINDOWS\SYSTEM32\NTASN1.dll
0x00000196afea0000 - 0x00000196aff04000 	C:\Program Files (x86)\MultiMC\instances\1.12.2-Survival-Modpack\natives\OpenAL64.dll
0x00007ffa00670000 - 0x00007ffa0079a000 	C:\WINDOWS\System32\ole32.dll
0x00007ff9e0970000 - 0x00007ff9e0a0c000 	C:\WINDOWS\SYSTEM32\dsound.dll
0x00007ff9fded0000 - 0x00007ff9fdf1b000 	C:\WINDOWS\SYSTEM32\powrprof.dll
0x00007ff9d8d60000 - 0x00007ff9d8d86000 	C:\WINDOWS\SYSTEM32\winmmbase.dll
0x00007ff9fd940000 - 0x00007ff9fd952000 	C:\WINDOWS\SYSTEM32\UMPDC.dll
0x00007ff9f7f90000 - 0x00007ff9f8015000 	C:\WINDOWS\System32\MMDevApi.dll
0x00007ff9f80b0000 - 0x00007ff9f8232000 	C:\WINDOWS\SYSTEM32\AUDIOSES.DLL
0x00007ff9fb070000 - 0x00007ff9fb084000 	C:\WINDOWS\SYSTEM32\resourcepolicyclient.dll
0x00007ff9fdce0000 - 0x00007ff9fdec4000 	C:\WINDOWS\SYSTEM32\dbghelp.dll

VM Arguments:
jvm_args: -XX:+UseG1GC -XX:+UnlockExperimentalVMOptions -XX:G1NewSizePercent=20 -XX:G1ReservePercent=20 -XX:MaxGCPauseMillis=50 -XX:G1HeapRegionSize=32M -XX:HeapDumpPath=MojangTricksIntelDriversForPerformance_javaw.exe_minecraft.exe.heapdump -Xms4976m -Xmx5067m -Duser.language=en -Djava.library.path=C:/Program Files (x86)/MultiMC/instances/1.12.2-Survival-Modpack/natives 
java_command: org.multimc.EntryPoint
java_class_path (initial): C:/Program Files (x86)/MultiMC/jars/NewLaunch.jar;C:/Program Files (x86)/MultiMC/libraries/net/java/jinput/jinput/2.0.5/jinput-2.0.5.jar;C:/Program Files (x86)/MultiMC/libraries/net/java/jutils/jutils/1.0.0/jutils-1.0.0.jar;C:/Program Files (x86)/MultiMC/libraries/org/lwjgl/lwjgl/lwjgl/2.9.4-nightly-20150209/lwjgl-2.9.4-nightly-20150209.jar;C:/Program Files (x86)/MultiMC/libraries/org/lwjgl/lwjgl/lwjgl_util/2.9.4-nightly-20150209/lwjgl_util-2.9.4-nightly-20150209.jar;C:/Program Files (x86)/MultiMC/libraries/com/mojang/patchy/1.3.9/patchy-1.3.9.jar;C:/Program Files (x86)/MultiMC/libraries/oshi-project/oshi-core/1.1/oshi-core-1.1.jar;C:/Program Files (x86)/MultiMC/libraries/net/java/dev/jna/jna/4.4.0/jna-4.4.0.jar;C:/Program Files (x86)/MultiMC/libraries/net/java/dev/jna/platform/3.4.0/platform-3.4.0.jar;C:/Program Files (x86)/MultiMC/libraries/com/ibm/icu/icu4j-core-mojang/51.2/icu4j-core-mojang-51.2.jar;C:/Program Files (x86)/MultiMC/libraries/net/sf/jopt-simple/jopt-simple/5.0.3/jopt-simple-5.0.3.jar;C:/Program Files (x86)/MultiMC/libraries/com/paulscode/codecjorbis/20101023/codecjorbis-20101023.jar;C:/Program Files (x86)/MultiMC/libraries/com/paulscode/codecwav/20101023/codecwav-20101023.jar;C:/Program Files (x86)/MultiMC/libraries/com/paulscode/libraryjavasound/20101123/libraryjavasound-20101123.jar;C:/Program Files (x86)/MultiMC/libraries/com/paulscode/librarylwjglopenal/20100824/librarylwjglopenal-20100824.jar;C:/Program Files (x86)/MultiMC/libraries/com/paulscode/soundsystem/20120107/soundsystem-20120107.jar;C:/Program Files (x86)/MultiMC/libraries/io/netty/netty-all/4.1.9.Final/netty-all-4.1.9.Final.jar;C:/Program Files (x86)/MultiMC/libraries/com/google/guava/guava/21.0/guava-21.0.jar;C:/Program Files (x86)/MultiMC/libraries/org/apache/commons/commons-lang3/3.5/commons-lang3-3.5.jar;C:/Program Files (x86)/MultiMC/libraries/commons-io/commons-io/2.5/commons-io-2.5.jar;C:/Program Files (x86)/MultiMC/libraries/commons-codec/commons-
Launcher Type: SUN_STANDARD

Environment Variables:
PATH=C:\Program Files\Common Files\Oracle\Java\javapath;C:\Program Files (x86)\NVIDIA Corporation\PhysX\Common;C:\Program Files (x86)\Razer Chroma SDK\bin;C:\Program Files\Razer Chroma SDK\bin;C:\Program Files (x86)\Razer\ChromaBroadcast\bin;C:\Program Files\Razer\ChromaBroadcast\bin;C:\Program Files (x86)\Common Files\Oracle\Java\javapath;C:\Windows\system32;C:\Windows;C:\Windows\System32\Wbem;C:\Windows\System32\WindowsPowerShell\v1.0\;C:\Windows\System32\OpenSSH\;C:\Windows\system32\config\systemprofile\AppData\Local\Microsoft\WindowsApps;;C:\WINDOWS\system32;C:\WINDOWS;C:\WINDOWS\System32\Wbem;C:\WINDOWS\System32\WindowsPowerShell\v1.0\;C:\WINDOWS\System32\OpenSSH\;C:\Program Files\Prio;C:\Program Files\dotnet\;C:\Users\Jacob\AppData\Local\Microsoft\WindowsApps;C:\Users\Jacob\AppData\Local\GitHubDesktop\bin
USERNAME=Jacob
OS=Windows_NT
PROCESSOR_IDENTIFIER=AMD64 Family 23 Model 24 Stepping 1, AuthenticAMD



---------------  S Y S T E M  ---------------

OS: Windows 10.0 , 64 bit Build 19041 (10.0.19041.3031)

CPU:total 4 (initial active 4) (4 cores per cpu, 1 threads per core) family 23 model 24 stepping 1, cmov, cx8, fxsr, mmx, sse, sse2, sse3, ssse3, sse4.1, sse4.2, popcnt, avx, avx2, aes, clmul, mmxext, 3dnowpref, lzcnt, sse4a, tsc, tscinvbit, tscinv, bmi1

Memory: 4k page, physical 16709764k(4695356k free), swap 24574084k(5451384k free)

vm_info: Java HotSpot(TM) 64-Bit Server VM (25.261-b12) for windows-amd64 JRE (1.8.0_261-b12), built on Jun 18 2020 06:56:32 by "" with unknown MS VC++:1916

time: Sun Jun 25 23:26:33 2023
timezone: Eastern Daylight Time
elapsed time: 152 seconds (0d 0h 2m 32s)

