#
# A fatal error has been detected by the Java Runtime Environment:
#
#  EXCEPTION_ACCESS_VIOLATION (0xc0000005) at pc=0x00000295a1441066, pid=22196, tid=0x0000000000004038
#
# JRE version: Java(TM) SE Runtime Environment (8.0_261-b12) (build 1.8.0_261-b12)
# Java VM: Java HotSpot(TM) 64-Bit Server VM (25.261-b12 mixed mode windows-amd64 compressed oops)
# Problematic frame:
# C  [OpenAL64.dll+0x11066]
#
# Failed to write core dump. Minidumps are not enabled by default on client versions of Windows
#
# If you would like to submit a bug report, please visit:
#   http://bugreport.java.com/bugreport/crash.jsp
# The crash happened outside the Java Virtual Machine in native code.
# See problematic frame for where to report the bug.
#

---------------  T H R E A D  ---------------

Current thread (0x00000295f6c1f000):  JavaThread "Client thread" [_thread_in_native, id=16440, stack(0x000000e14b000000,0x000000e14b100000)]

siginfo: ExceptionCode=0xc0000005, reading address 0x00000295beda8004

Registers:
RAX=0x0000000000000004, RBX=0x00000295b7ac0090, RCX=0x00000295beda8008, RDX=0x00000295beda8004
RSP=0x000000e14b0fd420, RBP=0x00000000000000ff, RSI=0x00000295beda774c, RDI=0x0000000000000000
R8 =0x000000000000022e, R9 =0x00000295beda774c, R10=0x0000029580019b02, R11=0x00000000681a9e30
R12=0x0000000000000001, R13=0x00000295cb93c308, R14=0x000000e14b0fd5b8, R15=0x00000295f6c1f000
RIP=0x00000295a1441066, EFLAGS=0x0000000000010202

Top of Stack: (sp=0x000000e14b0fd420)
0x000000e14b0fd420:   fffffffe00000000 00000295f6c1f000
0x000000e14b0fd430:   00000295cb93c308 0000000000000000
0x000000e14b0fd440:   00000295cb93c308 0000000000000000
0x000000e14b0fd450:   00000295f6c1f000 000000e14b0fd5b8
0x000000e14b0fd460:   000000e14b0fd580 00000000680428eb
0x000000e14b0fd470:   000000e14b0fd4a0 0000000000000013
0x000000e14b0fd480:   00000295f6bf1120 00000295f6c1f470
0x000000e14b0fd490:   00000295f6c1f000 000000e14b0fd5b8
0x000000e14b0fd4a0:   00000295cb93c308 0000000000000000
0x000000e14b0fd4b0:   00000295beda774c 00000006842c0cf0
0x000000e14b0fd4c0:   000000e14b0fd580 00000295a144248f
0x000000e14b0fd4d0:   00000295b7ac0090 00000295b7ac0090
0x000000e14b0fd4e0:   000002950000ac44 0000029500000004
0x000000e14b0fd4f0:   0000000000000010 0000029580019b2e
0x000000e14b0fd500:   00000295cb93c308 0000029580019825
0x000000e14b0fd510:   00000295cb93c308 000000e14b0fd580 

Instructions: (pc=0x00000295a1441066)
0x00000295a1441046:   41 2b ec 81 3a 03 00 02 00 75 09 8b 01 89 84 24
0x00000295a1441056:   c8 00 00 00 49 83 c0 02 48 83 c1 08 4a 8d 14 86
0x00000295a1441066:   39 3a 75 af 4c 8d 84 24 c0 00 00 00 48 8d 15 d7
0x00000295a1441076:   2b 03 00 33 c9 e8 58 5f 00 00 b8 40 1f 00 00 4c 


Register to memory mapping:

RAX=0x0000000000000004 is an unknown value
RBX=0x00000295b7ac0090 is an unknown value
RCX=0x00000295beda8008 is an unknown value
RDX=0x00000295beda8004 is an unknown value
RSP=0x000000e14b0fd420 is pointing into the stack for thread: 0x00000295f6c1f000
RBP=0x00000000000000ff is an unknown value
RSI=0x00000295beda774c is an unknown value
RDI=0x0000000000000000 is an unknown value
R8 =0x000000000000022e is an unknown value
R9 =0x00000295beda774c is an unknown value
R10=0x0000029580019b02 is at code_begin+962 in an Interpreter codelet
method entry point (kind = native)  [0x0000029580019740, 0x000002958001a260]  2848 bytes
R11=0x00000000681a9e30 is an unknown value
R12=0x0000000000000001 is an unknown value
R13={method} {0x00000295cb93c310} 'nalcCreateContext' '(JJ)J' in 'org/lwjgl/openal/ALC10'
R14=0x000000e14b0fd5b8 is pointing into the stack for thread: 0x00000295f6c1f000
R15=0x00000295f6c1f000 is a thread


Stack: [0x000000e14b000000,0x000000e14b100000],  sp=0x000000e14b0fd420,  free space=1013k
Native frames: (J=compiled Java code, j=interpreted, Vv=VM code, C=native code)
C  [OpenAL64.dll+0x11066]
C  [OpenAL64.dll+0x1248f]
C  0x0000029580019b2e

Java frames: (J=compiled Java code, j=interpreted, Vv=VM code)
j  org.lwjgl.openal.ALC10.nalcCreateContext(JJ)J+0
j  org.lwjgl.openal.ALC10.alcCreateContext(Lorg/lwjgl/openal/ALCdevice;Ljava/nio/IntBuffer;)Lorg/lwjgl/openal/ALCcontext;+8
j  org.lwjgl.openal.AL.init(Ljava/lang/String;IIZZ)V+69
j  org.lwjgl.openal.AL.create(Ljava/lang/String;IIZZ)V+246
j  org.lwjgl.openal.AL.create(Ljava/lang/String;IIZ)V+5
j  org.lwjgl.openal.AL.create()V+6
j  org.orecruncher.dsurround.client.sound.SoundEngine.configureSound(Lnet/minecraftforge/client/event/sound/SoundSetupEvent;)V+18
j  net.minecraftforge.fml.common.eventhandler.ASMEventHandler_573_SoundEngine_configureSound_SoundSetupEvent.invoke(Lnet/minecraftforge/fml/common/eventhandler/Event;)V+5
J 14569 C2 net.minecraftforge.fml.common.eventhandler.EventBus.post(Lnet/minecraftforge/fml/common/eventhandler/Event;)Z (99 bytes) @ 0x0000029582060d20 [0x0000029582060c20+0x100]
j  net.minecraft.client.audio.SoundManager.<init>(Lnet/minecraft/client/audio/SoundHandler;Lnet/minecraft/client/settings/GameSettings;)V+102
j  net.minecraft.client.audio.SoundHandler.<init>(Lnet/minecraft/client/resources/IResourceManager;Lnet/minecraft/client/settings/GameSettings;)V+27
j  net.minecraft.client.Minecraft.func_71384_a()V+380
j  net.minecraft.client.Minecraft.func_99999_d()V+6
j  net.minecraft.client.main.Main.main([Ljava/lang/String;)V+1094
v  ~StubRoutines::call_stub
J 4213  sun.reflect.NativeMethodAccessorImpl.invoke0(Ljava/lang/reflect/Method;Ljava/lang/Object;[Ljava/lang/Object;)Ljava/lang/Object; (0 bytes) @ 0x0000029580358c3f [0x0000029580358bc0+0x7f]
J 4212 C1 sun.reflect.NativeMethodAccessorImpl.invoke(Ljava/lang/Object;[Ljava/lang/Object;)Ljava/lang/Object; (104 bytes) @ 0x00000295804ec4fc [0x00000295804ec0e0+0x41c]
J 2001 C1 sun.reflect.DelegatingMethodAccessorImpl.invoke(Ljava/lang/Object;[Ljava/lang/Object;)Ljava/lang/Object; (10 bytes) @ 0x00000295806870cc [0x0000029580686fc0+0x10c]
J 2000 C1 java.lang.reflect.Method.invoke(Ljava/lang/Object;[Ljava/lang/Object;)Ljava/lang/Object; (62 bytes) @ 0x0000029580682a34 [0x0000029580682640+0x3f4]
j  net.minecraft.launchwrapper.Launch.launch([Ljava/lang/String;)V+661
j  net.minecraft.launchwrapper.Launch.main([Ljava/lang/String;)V+8
v  ~StubRoutines::call_stub
j  sun.reflect.NativeMethodAccessorImpl.invoke0(Ljava/lang/reflect/Method;Ljava/lang/Object;[Ljava/lang/Object;)Ljava/lang/Object;+0
j  sun.reflect.NativeMethodAccessorImpl.invoke(Ljava/lang/Object;[Ljava/lang/Object;)Ljava/lang/Object;+100
j  sun.reflect.DelegatingMethodAccessorImpl.invoke(Ljava/lang/Object;[Ljava/lang/Object;)Ljava/lang/Object;+6
j  java.lang.reflect.Method.invoke(Ljava/lang/Object;[Ljava/lang/Object;)Ljava/lang/Object;+56
j  org.multimc.onesix.OneSixLauncher.launchWithMainClass()I+232
j  org.multimc.onesix.OneSixLauncher.launch(Lorg/multimc/ParamBucket;)I+67
j  org.multimc.EntryPoint.listen()I+160
j  org.multimc.EntryPoint.main([Ljava/lang/String;)V+9
v  ~StubRoutines::call_stub

---------------  P R O C E S S  ---------------

Java Threads: ( => current thread )
  0x000002959d9d0800 JavaThread "Keep-Alive-SocketCleaner" daemon [_thread_blocked, id=16464, stack(0x000000e14ad00000,0x000000e14ae00000)]
  0x000002959d9cd000 JavaThread "Thread-11" daemon [_thread_blocked, id=20564, stack(0x000000e14af00000,0x000000e14b000000)]
  0x000002959d9ce800 JavaThread "Thread-10" daemon [_thread_blocked, id=5848, stack(0x000000e14ae00000,0x000000e14af00000)]
  0x000002959ce63800 JavaThread "File IO Thread" [_thread_blocked, id=24100, stack(0x000000e14d400000,0x000000e14d500000)]
  0x000002959ce68000 JavaThread "pool-2-thread-1" [_thread_blocked, id=23904, stack(0x000000e14c800000,0x000000e14c900000)]
  0x00000295a29fb800 JavaThread "Culling Thread" daemon [_thread_blocked, id=10308, stack(0x000000e14d100000,0x000000e14d200000)]
  0x00000295a2a00000 JavaThread "LWJGL Timer" daemon [_thread_blocked, id=23700, stack(0x000000e14d300000,0x000000e14d400000)]
  0x00000295a29fe800 JavaThread "Thread-3" [_thread_blocked, id=9800, stack(0x000000e14d200000,0x000000e14d300000)]
  0x000002959efb0800 JavaThread "Java2D Disposer" daemon [_thread_blocked, id=11708, stack(0x000000e14ca00000,0x000000e14cb00000)]
  0x000002959bbad800 JavaThread "Timer hack thread" daemon [_thread_blocked, id=20124, stack(0x000000e14c900000,0x000000e14ca00000)]
  0x00000295a0d32800 JavaThread "Snooper Timer" daemon [_thread_blocked, id=8040, stack(0x000000e14c700000,0x000000e14c800000)]
  0x00000295ff177800 JavaThread "Service Thread" daemon [_thread_blocked, id=14904, stack(0x000000e14c500000,0x000000e14c600000)]
  0x00000295fe6be800 JavaThread "C1 CompilerThread2" daemon [_thread_blocked, id=20980, stack(0x000000e14c400000,0x000000e14c500000)]
  0x00000295ff0f7000 JavaThread "C2 CompilerThread1" daemon [_thread_blocked, id=11728, stack(0x000000e14c300000,0x000000e14c400000)]
  0x00000295fe6bc800 JavaThread "C2 CompilerThread0" daemon [_thread_blocked, id=22144, stack(0x000000e14c200000,0x000000e14c300000)]
  0x00000295fe6b8000 JavaThread "Attach Listener" daemon [_thread_blocked, id=2664, stack(0x000000e14c100000,0x000000e14c200000)]
  0x00000295fe6b5000 JavaThread "Signal Dispatcher" daemon [_thread_blocked, id=8592, stack(0x000000e14c000000,0x000000e14c100000)]
  0x00000295fe6b4000 JavaThread "Surrogate Locker Thread (Concurrent GC)" daemon [_thread_blocked, id=15376, stack(0x000000e14bf00000,0x000000e14c000000)]
  0x00000295fe69a800 JavaThread "Finalizer" daemon [_thread_blocked, id=5736, stack(0x000000e14be00000,0x000000e14bf00000)]
  0x00000295fe690000 JavaThread "Reference Handler" daemon [_thread_blocked, id=15028, stack(0x000000e14bd00000,0x000000e14be00000)]
=>0x00000295f6c1f000 JavaThread "Client thread" [_thread_in_native, id=16440, stack(0x000000e14b000000,0x000000e14b100000)]

Other Threads:
  0x00000295fe68d800 VMThread [stack: 0x000000e14bc00000,0x000000e14bd00000] [id=24460]
  0x00000295ff19e000 WatcherThread [stack: 0x000000e14c600000,0x000000e14c700000] [id=1588]

VM state:not at safepoint (normal execution)

VM Mutex/Monitor currently owned by a thread: None

heap address: 0x0000000682000000, size: 5088 MB, Compressed Oops mode: Zero based, Oop shift amount: 3
Narrow klass base: 0x0000000000000000, Narrow klass shift: 3
Compressed class space size: 1073741824 Address: 0x00000007c0000000

Heap:
 garbage-first heap   total 5111808K, used 1166286K [0x0000000682000000, 0x00000006840004e0, 0x00000007c0000000)
  region size 32768K, 7 young (229376K), 3 survivors (98304K)
 Metaspace       used 195399K, capacity 199982K, committed 200064K, reserved 1212416K
  class space    used 35618K, capacity 37182K, committed 37248K, reserved 1048576K

Heap Regions: (Y=young(eden), SU=young(survivor), HS=humongous(starts), HC=humongous(continues), CS=collection set, F=free, TS=gc time stamp, PTAMS=previous top-at-mark-start, NTAMS=next top-at-mark-start)
AC   0  O    TS     0 PTAMS 0x0000000684000000 NTAMS 0x0000000684000000 space 32768K, 100% used [0x0000000682000000, 0x0000000684000000)
AC   0  O    TS     0 PTAMS 0x0000000686000000 NTAMS 0x0000000686000000 space 32768K, 100% used [0x0000000684000000, 0x0000000686000000)
AC   0  O    TS     0 PTAMS 0x0000000688000000 NTAMS 0x0000000688000000 space 32768K, 100% used [0x0000000686000000, 0x0000000688000000)
AC   0  O    TS     0 PTAMS 0x000000068a000000 NTAMS 0x000000068a000000 space 32768K, 100% used [0x0000000688000000, 0x000000068a000000)
AC   0  O    TS     0 PTAMS 0x000000068c000000 NTAMS 0x000000068c000000 space 32768K, 100% used [0x000000068a000000, 0x000000068c000000)
AC   0 HS    TS     0 PTAMS 0x000000068d000010 NTAMS 0x000000068d000010 space 32768K,  50% used [0x000000068c000000, 0x000000068e000000)
AC   0  O    TS     0 PTAMS 0x0000000690000000 NTAMS 0x0000000690000000 space 32768K, 100% used [0x000000068e000000, 0x0000000690000000)
AC   0  O    TS     0 PTAMS 0x0000000692000000 NTAMS 0x0000000692000000 space 32768K, 100% used [0x0000000690000000, 0x0000000692000000)
AC   0  O    TS     0 PTAMS 0x0000000694000000 NTAMS 0x0000000694000000 space 32768K, 100% used [0x0000000692000000, 0x0000000694000000)
AC   0  O    TS     0 PTAMS 0x0000000696000000 NTAMS 0x0000000696000000 space 32768K, 100% used [0x0000000694000000, 0x0000000696000000)
AC   0  O    TS     0 PTAMS 0x0000000698000000 NTAMS 0x0000000698000000 space 32768K, 100% used [0x0000000696000000, 0x0000000698000000)
AC   0  O    TS     0 PTAMS 0x000000069a000000 NTAMS 0x000000069a000000 space 32768K, 100% used [0x0000000698000000, 0x000000069a000000)
AC   0  O    TS     0 PTAMS 0x000000069c000000 NTAMS 0x000000069c000000 space 32768K, 100% used [0x000000069a000000, 0x000000069c000000)
AC   0  O    TS     0 PTAMS 0x000000069e000000 NTAMS 0x000000069e000000 space 32768K, 100% used [0x000000069c000000, 0x000000069e000000)
AC   0  O    TS     0 PTAMS 0x00000006a0000000 NTAMS 0x00000006a0000000 space 32768K, 100% used [0x000000069e000000, 0x00000006a0000000)
AC   0  O    TS     0 PTAMS 0x00000006a2000000 NTAMS 0x00000006a2000000 space 32768K, 100% used [0x00000006a0000000, 0x00000006a2000000)
AC   0  O    TS     0 PTAMS 0x00000006a4000000 NTAMS 0x00000006a4000000 space 32768K, 100% used [0x00000006a2000000, 0x00000006a4000000)
AC   0  O    TS     0 PTAMS 0x00000006a6000000 NTAMS 0x00000006a6000000 space 32768K, 100% used [0x00000006a4000000, 0x00000006a6000000)
AC   0  O    TS     0 PTAMS 0x00000006a8000000 NTAMS 0x00000006a8000000 space 32768K, 100% used [0x00000006a6000000, 0x00000006a8000000)
AC   0  O    TS     0 PTAMS 0x00000006aa000000 NTAMS 0x00000006aa000000 space 32768K, 100% used [0x00000006a8000000, 0x00000006aa000000)
AC   0  O    TS     0 PTAMS 0x00000006ac000000 NTAMS 0x00000006ac000000 space 32768K, 100% used [0x00000006aa000000, 0x00000006ac000000)
AC   0  O    TS     0 PTAMS 0x00000006ae000000 NTAMS 0x00000006ae000000 space 32768K, 100% used [0x00000006ac000000, 0x00000006ae000000)
AC   0  O    TS     0 PTAMS 0x00000006b0000000 NTAMS 0x00000006b0000000 space 32768K, 100% used [0x00000006ae000000, 0x00000006b0000000)
AC   0  O    TS     0 PTAMS 0x00000006b2000000 NTAMS 0x00000006b2000000 space 32768K, 100% used [0x00000006b0000000, 0x00000006b2000000)
AC   0  O    TS     0 PTAMS 0x00000006b4000000 NTAMS 0x00000006b4000000 space 32768K, 100% used [0x00000006b2000000, 0x00000006b4000000)
AC   0  O    TS     0 PTAMS 0x00000006b6000000 NTAMS 0x00000006b6000000 space 32768K, 100% used [0x00000006b4000000, 0x00000006b6000000)
AC   0  O    TS     0 PTAMS 0x00000006b8000000 NTAMS 0x00000006b8000000 space 32768K, 100% used [0x00000006b6000000, 0x00000006b8000000)
AC   0  O    TS     0 PTAMS 0x00000006ba000000 NTAMS 0x00000006ba000000 space 32768K, 100% used [0x00000006b8000000, 0x00000006ba000000)
AC   0  O    TS     0 PTAMS 0x00000006bc000000 NTAMS 0x00000006bc000000 space 32768K, 100% used [0x00000006ba000000, 0x00000006bc000000)
AC   0  O    TS     1 PTAMS 0x00000006bc245600 NTAMS 0x00000006be000000 space 32768K, 100% used [0x00000006bc000000, 0x00000006be000000)
AC   0  O    TS     1 PTAMS 0x00000006be000000 NTAMS 0x00000006be2f3800 space 32768K,   9% used [0x00000006be000000, 0x00000006c0000000)
AC   0  F    TS     0 PTAMS 0x00000006c0000000 NTAMS 0x00000006c0000000 space 32768K,   0% used [0x00000006c0000000, 0x00000006c2000000)
AC   0  F    TS     0 PTAMS 0x00000006c2000000 NTAMS 0x00000006c2000000 space 32768K,   0% used [0x00000006c2000000, 0x00000006c4000000)
AC   0  F    TS     0 PTAMS 0x00000006c4000000 NTAMS 0x00000006c4000000 space 32768K,   0% used [0x00000006c4000000, 0x00000006c6000000)
AC   0  F    TS     0 PTAMS 0x00000006c6000000 NTAMS 0x00000006c6000000 space 32768K,   0% used [0x00000006c6000000, 0x00000006c8000000)
AC   0  F    TS     0 PTAMS 0x00000006c8000000 NTAMS 0x00000006c8000000 space 32768K,   0% used [0x00000006c8000000, 0x00000006ca000000)
AC   0  F    TS     0 PTAMS 0x00000006ca000000 NTAMS 0x00000006ca000000 space 32768K,   0% used [0x00000006ca000000, 0x00000006cc000000)
AC   0  F    TS     0 PTAMS 0x00000006cc000000 NTAMS 0x00000006cc000000 space 32768K,   0% used [0x00000006cc000000, 0x00000006ce000000)
AC   0  F    TS     0 PTAMS 0x00000006ce000000 NTAMS 0x00000006ce000000 space 32768K,   0% used [0x00000006ce000000, 0x00000006d0000000)
AC   0  F    TS     0 PTAMS 0x00000006d0000000 NTAMS 0x00000006d0000000 space 32768K,   0% used [0x00000006d0000000, 0x00000006d2000000)
AC   0  F    TS     0 PTAMS 0x00000006d2000000 NTAMS 0x00000006d2000000 space 32768K,   0% used [0x00000006d2000000, 0x00000006d4000000)
AC   0  F    TS     0 PTAMS 0x00000006d4000000 NTAMS 0x00000006d4000000 space 32768K,   0% used [0x00000006d4000000, 0x00000006d6000000)
AC   0  F    TS     0 PTAMS 0x00000006d6000000 NTAMS 0x00000006d6000000 space 32768K,   0% used [0x00000006d6000000, 0x00000006d8000000)
AC   0  F    TS     0 PTAMS 0x00000006d8000000 NTAMS 0x00000006d8000000 space 32768K,   0% used [0x00000006d8000000, 0x00000006da000000)
AC   0  F    TS     0 PTAMS 0x00000006da000000 NTAMS 0x00000006da000000 space 32768K,   0% used [0x00000006da000000, 0x00000006dc000000)
AC   0  F    TS     0 PTAMS 0x00000006dc000000 NTAMS 0x00000006dc000000 space 32768K,   0% used [0x00000006dc000000, 0x00000006de000000)
AC   0  F    TS     0 PTAMS 0x00000006de000000 NTAMS 0x00000006de000000 space 32768K,   0% used [0x00000006de000000, 0x00000006e0000000)
AC   0  F    TS     0 PTAMS 0x00000006e0000000 NTAMS 0x00000006e0000000 space 32768K,   0% used [0x00000006e0000000, 0x00000006e2000000)
AC   0  F    TS     0 PTAMS 0x00000006e2000000 NTAMS 0x00000006e2000000 space 32768K,   0% used [0x00000006e2000000, 0x00000006e4000000)
AC   0  F    TS     0 PTAMS 0x00000006e4000000 NTAMS 0x00000006e4000000 space 32768K,   0% used [0x00000006e4000000, 0x00000006e6000000)
AC   0  F    TS     0 PTAMS 0x00000006e6000000 NTAMS 0x00000006e6000000 space 32768K,   0% used [0x00000006e6000000, 0x00000006e8000000)
AC   0  F    TS     0 PTAMS 0x00000006e8000000 NTAMS 0x00000006e8000000 space 32768K,   0% used [0x00000006e8000000, 0x00000006ea000000)
AC   0  F    TS     0 PTAMS 0x00000006ea000000 NTAMS 0x00000006ea000000 space 32768K,   0% used [0x00000006ea000000, 0x00000006ec000000)
AC   0  F    TS     0 PTAMS 0x00000006ec000000 NTAMS 0x00000006ec000000 space 32768K,   0% used [0x00000006ec000000, 0x00000006ee000000)
AC   0  F    TS     0 PTAMS 0x00000006ee000000 NTAMS 0x00000006ee000000 space 32768K,   0% used [0x00000006ee000000, 0x00000006f0000000)
AC   0  F    TS     0 PTAMS 0x00000006f0000000 NTAMS 0x00000006f0000000 space 32768K,   0% used [0x00000006f0000000, 0x00000006f2000000)
AC   0  F    TS     0 PTAMS 0x00000006f2000000 NTAMS 0x00000006f2000000 space 32768K,   0% used [0x00000006f2000000, 0x00000006f4000000)
AC   0  F    TS     0 PTAMS 0x00000006f4000000 NTAMS 0x00000006f4000000 space 32768K,   0% used [0x00000006f4000000, 0x00000006f6000000)
AC   0  F    TS     0 PTAMS 0x00000006f6000000 NTAMS 0x00000006f6000000 space 32768K,   0% used [0x00000006f6000000, 0x00000006f8000000)
AC   0  F    TS     0 PTAMS 0x00000006f8000000 NTAMS 0x00000006f8000000 space 32768K,   0% used [0x00000006f8000000, 0x00000006fa000000)
AC   0  F    TS     0 PTAMS 0x00000006fa000000 NTAMS 0x00000006fa000000 space 32768K,   0% used [0x00000006fa000000, 0x00000006fc000000)
AC   0  F    TS     0 PTAMS 0x00000006fc000000 NTAMS 0x00000006fc000000 space 32768K,   0% used [0x00000006fc000000, 0x00000006fe000000)
AC   0  F    TS     0 PTAMS 0x00000006fe000000 NTAMS 0x00000006fe000000 space 32768K,   0% used [0x00000006fe000000, 0x0000000700000000)
AC   0  F    TS     0 PTAMS 0x0000000700000000 NTAMS 0x0000000700000000 space 32768K,   0% used [0x0000000700000000, 0x0000000702000000)
AC   0  F    TS     0 PTAMS 0x0000000702000000 NTAMS 0x0000000702000000 space 32768K,   0% used [0x0000000702000000, 0x0000000704000000)
AC   0  F    TS     0 PTAMS 0x0000000704000000 NTAMS 0x0000000704000000 space 32768K,   0% used [0x0000000704000000, 0x0000000706000000)
AC   0  F    TS     0 PTAMS 0x0000000706000000 NTAMS 0x0000000706000000 space 32768K,   0% used [0x0000000706000000, 0x0000000708000000)
AC   0  F    TS     0 PTAMS 0x0000000708000000 NTAMS 0x0000000708000000 space 32768K,   0% used [0x0000000708000000, 0x000000070a000000)
AC   0  F    TS     0 PTAMS 0x000000070a000000 NTAMS 0x000000070a000000 space 32768K,   0% used [0x000000070a000000, 0x000000070c000000)
AC   0  F    TS     0 PTAMS 0x000000070c000000 NTAMS 0x000000070c000000 space 32768K,   0% used [0x000000070c000000, 0x000000070e000000)
AC   0  F    TS     0 PTAMS 0x000000070e000000 NTAMS 0x000000070e000000 space 32768K,   0% used [0x000000070e000000, 0x0000000710000000)
AC   0  F    TS     0 PTAMS 0x0000000710000000 NTAMS 0x0000000710000000 space 32768K,   0% used [0x0000000710000000, 0x0000000712000000)
AC   0  F    TS     0 PTAMS 0x0000000712000000 NTAMS 0x0000000712000000 space 32768K,   0% used [0x0000000712000000, 0x0000000714000000)
AC   0  F    TS     0 PTAMS 0x0000000714000000 NTAMS 0x0000000714000000 space 32768K,   0% used [0x0000000714000000, 0x0000000716000000)
AC   0  F    TS     0 PTAMS 0x0000000716000000 NTAMS 0x0000000716000000 space 32768K,   0% used [0x0000000716000000, 0x0000000718000000)
AC   0  F    TS     0 PTAMS 0x0000000718000000 NTAMS 0x0000000718000000 space 32768K,   0% used [0x0000000718000000, 0x000000071a000000)
AC   0  F    TS     0 PTAMS 0x000000071a000000 NTAMS 0x000000071a000000 space 32768K,   0% used [0x000000071a000000, 0x000000071c000000)
AC   0  F    TS     0 PTAMS 0x000000071c000000 NTAMS 0x000000071c000000 space 32768K,   0% used [0x000000071c000000, 0x000000071e000000)
AC   0  F    TS     0 PTAMS 0x000000071e000000 NTAMS 0x000000071e000000 space 32768K,   0% used [0x000000071e000000, 0x0000000720000000)
AC   0  F    TS     0 PTAMS 0x0000000720000000 NTAMS 0x0000000720000000 space 32768K,   0% used [0x0000000720000000, 0x0000000722000000)
AC   0  F    TS     0 PTAMS 0x0000000722000000 NTAMS 0x0000000722000000 space 32768K,   0% used [0x0000000722000000, 0x0000000724000000)
AC   0  F    TS     0 PTAMS 0x0000000724000000 NTAMS 0x0000000724000000 space 32768K,   0% used [0x0000000724000000, 0x0000000726000000)
AC   0  F    TS     0 PTAMS 0x0000000726000000 NTAMS 0x0000000726000000 space 32768K,   0% used [0x0000000726000000, 0x0000000728000000)
AC   0  F    TS     0 PTAMS 0x0000000728000000 NTAMS 0x0000000728000000 space 32768K,   0% used [0x0000000728000000, 0x000000072a000000)
AC   0  F    TS     0 PTAMS 0x000000072a000000 NTAMS 0x000000072a000000 space 32768K,   0% used [0x000000072a000000, 0x000000072c000000)
AC   0  F    TS     0 PTAMS 0x000000072c000000 NTAMS 0x000000072c000000 space 32768K,   0% used [0x000000072c000000, 0x000000072e000000)
AC   0  F    TS     0 PTAMS 0x000000072e000000 NTAMS 0x000000072e000000 space 32768K,   0% used [0x000000072e000000, 0x0000000730000000)
AC   0  F    TS     0 PTAMS 0x0000000730000000 NTAMS 0x0000000730000000 space 32768K,   0% used [0x0000000730000000, 0x0000000732000000)
AC   0  F    TS     0 PTAMS 0x0000000732000000 NTAMS 0x0000000732000000 space 32768K,   0% used [0x0000000732000000, 0x0000000734000000)
AC   0  F    TS     0 PTAMS 0x0000000734000000 NTAMS 0x0000000734000000 space 32768K,   0% used [0x0000000734000000, 0x0000000736000000)
AC   0  F    TS     0 PTAMS 0x0000000736000000 NTAMS 0x0000000736000000 space 32768K,   0% used [0x0000000736000000, 0x0000000738000000)
AC   0  F    TS     0 PTAMS 0x0000000738000000 NTAMS 0x0000000738000000 space 32768K,   0% used [0x0000000738000000, 0x000000073a000000)
AC   0  F    TS     0 PTAMS 0x000000073a000000 NTAMS 0x000000073a000000 space 32768K,   0% used [0x000000073a000000, 0x000000073c000000)
AC   0  F    TS     0 PTAMS 0x000000073c000000 NTAMS 0x000000073c000000 space 32768K,   0% used [0x000000073c000000, 0x000000073e000000)
AC   0  F    TS     0 PTAMS 0x000000073e000000 NTAMS 0x000000073e000000 space 32768K,   0% used [0x000000073e000000, 0x0000000740000000)
AC   0  F    TS     0 PTAMS 0x0000000740000000 NTAMS 0x0000000740000000 space 32768K,   0% used [0x0000000740000000, 0x0000000742000000)
AC   0  F    TS     0 PTAMS 0x0000000742000000 NTAMS 0x0000000742000000 space 32768K,   0% used [0x0000000742000000, 0x0000000744000000)
AC   0  F    TS     0 PTAMS 0x0000000744000000 NTAMS 0x0000000744000000 space 32768K,   0% used [0x0000000744000000, 0x0000000746000000)
AC   0  F    TS     0 PTAMS 0x0000000746000000 NTAMS 0x0000000746000000 space 32768K,   0% used [0x0000000746000000, 0x0000000748000000)
AC   0  F    TS     0 PTAMS 0x0000000748000000 NTAMS 0x0000000748000000 space 32768K,   0% used [0x0000000748000000, 0x000000074a000000)
AC   0  F    TS     0 PTAMS 0x000000074a000000 NTAMS 0x000000074a000000 space 32768K,   0% used [0x000000074a000000, 0x000000074c000000)
AC   0  F    TS     0 PTAMS 0x000000074c000000 NTAMS 0x000000074c000000 space 32768K,   0% used [0x000000074c000000, 0x000000074e000000)
AC   0  F    TS     0 PTAMS 0x000000074e000000 NTAMS 0x000000074e000000 space 32768K,   0% used [0x000000074e000000, 0x0000000750000000)
AC   0  F    TS     0 PTAMS 0x0000000750000000 NTAMS 0x0000000750000000 space 32768K,   0% used [0x0000000750000000, 0x0000000752000000)
AC   0  F    TS     0 PTAMS 0x0000000752000000 NTAMS 0x0000000752000000 space 32768K,   0% used [0x0000000752000000, 0x0000000754000000)
AC   0  F    TS     0 PTAMS 0x0000000754000000 NTAMS 0x0000000754000000 space 32768K,   0% used [0x0000000754000000, 0x0000000756000000)
AC   0  F    TS     0 PTAMS 0x0000000756000000 NTAMS 0x0000000756000000 space 32768K,   0% used [0x0000000756000000, 0x0000000758000000)
AC   0  F    TS     0 PTAMS 0x0000000758000000 NTAMS 0x0000000758000000 space 32768K,   0% used [0x0000000758000000, 0x000000075a000000)
AC   0  F    TS     0 PTAMS 0x000000075a000000 NTAMS 0x000000075a000000 space 32768K,   0% used [0x000000075a000000, 0x000000075c000000)
AC   0  F    TS     0 PTAMS 0x000000075c000000 NTAMS 0x000000075c000000 space 32768K,   0% used [0x000000075c000000, 0x000000075e000000)
AC   0  F    TS     0 PTAMS 0x000000075e000000 NTAMS 0x000000075e000000 space 32768K,   0% used [0x000000075e000000, 0x0000000760000000)
AC   0  F    TS     0 PTAMS 0x0000000760000000 NTAMS 0x0000000760000000 space 32768K,   0% used [0x0000000760000000, 0x0000000762000000)
AC   0  F    TS     0 PTAMS 0x0000000762000000 NTAMS 0x0000000762000000 space 32768K,   0% used [0x0000000762000000, 0x0000000764000000)
AC   0  F    TS     0 PTAMS 0x0000000764000000 NTAMS 0x0000000764000000 space 32768K,   0% used [0x0000000764000000, 0x0000000766000000)
AC   0  F    TS     0 PTAMS 0x0000000766000000 NTAMS 0x0000000766000000 space 32768K,   0% used [0x0000000766000000, 0x0000000768000000)
AC   0  F    TS     0 PTAMS 0x0000000768000000 NTAMS 0x0000000768000000 space 32768K,   0% used [0x0000000768000000, 0x000000076a000000)
AC   0  F    TS     0 PTAMS 0x000000076a000000 NTAMS 0x000000076a000000 space 32768K,   0% used [0x000000076a000000, 0x000000076c000000)
AC   0  F    TS     0 PTAMS 0x000000076c000000 NTAMS 0x000000076c000000 space 32768K,   0% used [0x000000076c000000, 0x000000076e000000)
AC   0  S CS TS     1 PTAMS 0x000000076e000000 NTAMS 0x000000076e000000 space 32768K,  99% used [0x000000076e000000, 0x0000000770000000)
AC   0  S CS TS     1 PTAMS 0x0000000770000000 NTAMS 0x0000000770000000 space 32768K, 100% used [0x0000000770000000, 0x0000000772000000)
AC   0  S CS TS     1 PTAMS 0x0000000772000000 NTAMS 0x0000000772000000 space 32768K, 100% used [0x0000000772000000, 0x0000000774000000)
AC   0  F    TS     0 PTAMS 0x0000000774000000 NTAMS 0x0000000774000000 space 32768K,   0% used [0x0000000774000000, 0x0000000776000000)
AC   0  F    TS     0 PTAMS 0x0000000776000000 NTAMS 0x0000000776000000 space 32768K,   0% used [0x0000000776000000, 0x0000000778000000)
AC   0  F    TS     0 PTAMS 0x0000000778000000 NTAMS 0x0000000778000000 space 32768K,   0% used [0x0000000778000000, 0x000000077a000000)
AC   0  F    TS     0 PTAMS 0x000000077a000000 NTAMS 0x000000077a000000 space 32768K,   0% used [0x000000077a000000, 0x000000077c000000)
AC   0  F    TS     0 PTAMS 0x000000077c000000 NTAMS 0x000000077c000000 space 32768K,   0% used [0x000000077c000000, 0x000000077e000000)
AC   0  F    TS     0 PTAMS 0x000000077e000000 NTAMS 0x000000077e000000 space 32768K,   0% used [0x000000077e000000, 0x0000000780000000)
AC   0  F    TS     0 PTAMS 0x0000000780000000 NTAMS 0x0000000780000000 space 32768K,   0% used [0x0000000780000000, 0x0000000782000000)
AC   0  F    TS     0 PTAMS 0x0000000782000000 NTAMS 0x0000000782000000 space 32768K,   0% used [0x0000000782000000, 0x0000000784000000)
AC   0  F    TS     0 PTAMS 0x0000000784000000 NTAMS 0x0000000784000000 space 32768K,   0% used [0x0000000784000000, 0x0000000786000000)
AC   0  F    TS     0 PTAMS 0x0000000786000000 NTAMS 0x0000000786000000 space 32768K,   0% used [0x0000000786000000, 0x0000000788000000)
AC   0  F    TS     0 PTAMS 0x0000000788000000 NTAMS 0x0000000788000000 space 32768K,   0% used [0x0000000788000000, 0x000000078a000000)
AC   0  F    TS     0 PTAMS 0x000000078a000000 NTAMS 0x000000078a000000 space 32768K,   0% used [0x000000078a000000, 0x000000078c000000)
AC   0  F    TS     0 PTAMS 0x000000078c000000 NTAMS 0x000000078c000000 space 32768K,   0% used [0x000000078c000000, 0x000000078e000000)
AC   0  F    TS     0 PTAMS 0x000000078e000000 NTAMS 0x000000078e000000 space 32768K,   0% used [0x000000078e000000, 0x0000000790000000)
AC   0  F    TS     0 PTAMS 0x0000000790000000 NTAMS 0x0000000790000000 space 32768K,   0% used [0x0000000790000000, 0x0000000792000000)
AC   0  F    TS     0 PTAMS 0x0000000792000000 NTAMS 0x0000000792000000 space 32768K,   0% used [0x0000000792000000, 0x0000000794000000)
AC   0  F    TS     0 PTAMS 0x0000000794000000 NTAMS 0x0000000794000000 space 32768K,   0% used [0x0000000794000000, 0x0000000796000000)
AC   0  F    TS     0 PTAMS 0x0000000796000000 NTAMS 0x0000000796000000 space 32768K,   0% used [0x0000000796000000, 0x0000000798000000)
AC   0  F    TS     0 PTAMS 0x0000000798000000 NTAMS 0x0000000798000000 space 32768K,   0% used [0x0000000798000000, 0x000000079a000000)
AC   0  F    TS     0 PTAMS 0x000000079a000000 NTAMS 0x000000079a000000 space 32768K,   0% used [0x000000079a000000, 0x000000079c000000)
AC   0  F    TS     0 PTAMS 0x000000079c000000 NTAMS 0x000000079c000000 space 32768K,   0% used [0x000000079c000000, 0x000000079e000000)
AC   0  F    TS     0 PTAMS 0x000000079e000000 NTAMS 0x000000079e000000 space 32768K,   0% used [0x000000079e000000, 0x00000007a0000000)
AC   0  F    TS     0 PTAMS 0x00000007a0000000 NTAMS 0x00000007a0000000 space 32768K,   0% used [0x00000007a0000000, 0x00000007a2000000)
AC   0  F    TS     0 PTAMS 0x00000007a2000000 NTAMS 0x00000007a2000000 space 32768K,   0% used [0x00000007a2000000, 0x00000007a4000000)
AC   0  F    TS     0 PTAMS 0x00000007a4000000 NTAMS 0x00000007a4000000 space 32768K,   0% used [0x00000007a4000000, 0x00000007a6000000)
AC   0  F    TS     0 PTAMS 0x00000007a6000000 NTAMS 0x00000007a6000000 space 32768K,   0% used [0x00000007a6000000, 0x00000007a8000000)
AC   0  F    TS     0 PTAMS 0x00000007a8000000 NTAMS 0x00000007a8000000 space 32768K,   0% used [0x00000007a8000000, 0x00000007aa000000)
AC   0  F    TS     0 PTAMS 0x00000007aa000000 NTAMS 0x00000007aa000000 space 32768K,   0% used [0x00000007aa000000, 0x00000007ac000000)
AC   0  F    TS     0 PTAMS 0x00000007ac000000 NTAMS 0x00000007ac000000 space 32768K,   0% used [0x00000007ac000000, 0x00000007ae000000)
AC   0  F    TS     0 PTAMS 0x00000007ae000000 NTAMS 0x00000007ae000000 space 32768K,   0% used [0x00000007ae000000, 0x00000007b0000000)
AC   0  F    TS     0 PTAMS 0x00000007b0000000 NTAMS 0x00000007b0000000 space 32768K,   0% used [0x00000007b0000000, 0x00000007b2000000)
AC   0  E    TS     0 PTAMS 0x00000007b2000000 NTAMS 0x00000007b2000000 space 32768K,   0% used [0x00000007b2000000, 0x00000007b4000000)
AC   0  E CS TS     0 PTAMS 0x00000007b4000000 NTAMS 0x00000007b4000000 space 32768K, 100% used [0x00000007b4000000, 0x00000007b6000000)
AC   0  E CS TS     0 PTAMS 0x00000007b6000000 NTAMS 0x00000007b6000000 space 32768K, 100% used [0x00000007b6000000, 0x00000007b8000000)
AC   0  E CS TS     0 PTAMS 0x00000007b8000000 NTAMS 0x00000007b8000000 space 32768K, 100% used [0x00000007b8000000, 0x00000007ba000000)

Card table byte_map: [0x00000295fa520000,0x00000295faf10000] byte_map_base: 0x00000295f7110000

Marking Bits (Prev, Next): (CMBitMap*) 0x00000295f6c7db80, (CMBitMap*) 0x00000295f6c7db28
 Prev Bits: [0x0000029593f80000, 0x0000029598f00000)
 Next Bits: [0x000002958f000000, 0x0000029593f80000)

Polling page: 0x00000295f6e00000

CodeCache: size=245760Kb used=39333Kb max_used=39719Kb free=206426Kb
 bounds [0x0000029580000000, 0x0000029582710000, 0x000002958f000000]
 total_blobs=11480 nmethods=10078 adapters=1312
 compilation: enabled

Compilation events (10 events):
Event: 120.405 Thread 0x00000295fe6be800 14927       3       com.google.common.base.Joiner::on (9 bytes)
Event: 120.406 Thread 0x00000295fe6be800 nmethod 14927 0x000002958054f750 code [0x000002958054f8e0, 0x000002958054fcf0]
Event: 120.407 Thread 0x00000295fe6be800 14928       3       net.minecraftforge.fml.common.FMLModContainer::getSharedModDescriptor (112 bytes)
Event: 120.410 Thread 0x00000295fe6be800 nmethod 14928 0x0000029581910690 code [0x0000029581910a80, 0x0000029581912df0]
Event: 120.414 Thread 0x00000295fe6be800 14929       1       net.minecraft.client.Minecraft::func_110442_L (5 bytes)
Event: 120.414 Thread 0x00000295fe6be800 nmethod 14929 0x00000295802be5d0 code [0x00000295802be720, 0x00000295802be838]
Event: 120.442 Thread 0x00000295fe6be800 14930       3       java.lang.ClassLoader::isAncestor (20 bytes)
Event: 120.442 Thread 0x00000295fe6be800 nmethod 14930 0x0000029580b77890 code [0x0000029580b77a00, 0x0000029580b77c58]
Event: 120.521 Thread 0x00000295fe6bc800 14931       4       java.nio.DirectIntBufferU::put (17 bytes)
Event: 120.522 Thread 0x00000295fe6bc800 nmethod 14931 0x00000295809d6850 code [0x00000295809d6980, 0x00000295809d6a38]

GC Heap History (10 events):
Event: 108.328 GC heap before
{Heap before GC invocations=46 (full 0):
 garbage-first heap   total 5111808K, used 1910546K [0x0000000682000000, 0x00000006840004e0, 0x00000007c0000000)
  region size 32768K, 31 young (1015808K), 3 survivors (98304K)
 Metaspace       used 176329K, capacity 179733K, committed 180200K, reserved 1196032K
  class space    used 31798K, capacity 32943K, committed 33000K, reserved 1048576K
Event: 108.367 GC heap after
Heap after GC invocations=47 (full 0):
 garbage-first heap   total 5111808K, used 1025810K [0x0000000682000000, 0x00000006840004e0, 0x00000007c0000000)
  region size 32768K, 4 young (131072K), 4 survivors (131072K)
 Metaspace       used 176329K, capacity 179733K, committed 180200K, reserved 1196032K
  class space    used 31798K, capacity 32943K, committed 33000K, reserved 1048576K
}
Event: 110.790 GC heap before
{Heap before GC invocations=47 (full 0):
 garbage-first heap   total 5111808K, used 1910546K [0x0000000682000000, 0x00000006840004e0, 0x00000007c0000000)
  region size 32768K, 31 young (1015808K), 4 survivors (131072K)
 Metaspace       used 180452K, capacity 184099K, committed 184296K, reserved 1200128K
  class space    used 32745K, capacity 34012K, committed 34024K, reserved 1048576K
Event: 110.837 GC heap after
Heap after GC invocations=48 (full 0):
 garbage-first heap   total 5111808K, used 1034517K [0x0000000682000000, 0x00000006840004e0, 0x00000007c0000000)
  region size 32768K, 3 young (98304K), 3 survivors (98304K)
 Metaspace       used 180452K, capacity 184099K, committed 184296K, reserved 1200128K
  class space    used 32745K, capacity 34012K, committed 34024K, reserved 1048576K
}
Event: 113.167 GC heap before
{Heap before GC invocations=48 (full 0):
 garbage-first heap   total 5111808K, used 1952021K [0x0000000682000000, 0x00000006840004e0, 0x00000007c0000000)
  region size 32768K, 31 young (1015808K), 3 survivors (98304K)
 Metaspace       used 184251K, capacity 188187K, committed 188520K, reserved 1202176K
  class space    used 33516K, capacity 34824K, committed 34920K, reserved 1048576K
Event: 113.210 GC heap after
Heap after GC invocations=49 (full 0):
 garbage-first heap   total 5111808K, used 1050901K [0x0000000682000000, 0x00000006840004e0, 0x00000007c0000000)
  region size 32768K, 4 young (131072K), 4 survivors (131072K)
 Metaspace       used 184251K, capacity 188187K, committed 188520K, reserved 1202176K
  class space    used 33516K, capacity 34824K, committed 34920K, reserved 1048576K
}
Event: 116.851 GC heap before
{Heap before GC invocations=49 (full 0):
 garbage-first heap   total 5111808K, used 2394389K [0x0000000682000000, 0x00000006840004e0, 0x00000007c0000000)
  region size 32768K, 46 young (1507328K), 4 survivors (131072K)
 Metaspace       used 189529K, capacity 193681K, committed 193880K, reserved 1208320K
  class space    used 34485K, capacity 35921K, committed 35944K, reserved 1048576K
Event: 116.897 GC heap after
Heap after GC invocations=50 (full 0):
 garbage-first heap   total 5111808K, used 1083669K [0x0000000682000000, 0x00000006840004e0, 0x00000007c0000000)
  region size 32768K, 5 young (163840K), 5 survivors (163840K)
 Metaspace       used 189529K, capacity 193681K, committed 193880K, reserved 1208320K
  class space    used 34485K, capacity 35921K, committed 35944K, reserved 1048576K
}
Event: 120.074 GC heap before
{Heap before GC invocations=51 (full 0):
 garbage-first heap   total 5111808K, used 2230549K [0x0000000682000000, 0x00000006840004e0, 0x00000007c0000000)
  region size 32768K, 40 young (1310720K), 5 survivors (163840K)
 Metaspace       used 194896K, capacity 199412K, committed 199680K, reserved 1212416K
  class space    used 35529K, capacity 37087K, committed 37120K, reserved 1048576K
Event: 120.138 GC heap after
Heap after GC invocations=52 (full 0):
 garbage-first heap   total 5111808K, used 1067982K [0x0000000682000000, 0x00000006840004e0, 0x00000007c0000000)
  region size 32768K, 3 young (98304K), 3 survivors (98304K)
 Metaspace       used 194896K, capacity 199412K, committed 199680K, reserved 1212416K
  class space    used 35529K, capacity 37087K, committed 37120K, reserved 1048576K
}

Deoptimization events (10 events):
Event: 119.238 Thread 0x00000295f6c1f000 Uncommon trap: reason=speculate_class_check action=maybe_recompile pc=0x0000029581fdccf4 method=com.google.common.reflect.TypeResolver$TypeTable.resolve(Ljava/lang/reflect/TypeVariable;)Ljava/lang/reflect/Type; @ 16
Event: 119.243 Thread 0x00000295f6c1f000 Uncommon trap: reason=class_check action=maybe_recompile pc=0x0000029581fdcf08 method=com.google.common.reflect.TypeResolver$TypeTable.resolveInternal(Ljava/lang/reflect/TypeVariable;Lcom/google/common/reflect/TypeResolver$TypeTable;)Ljava/lang/reflect/Ty
Event: 119.256 Thread 0x00000295f6c1f000 Uncommon trap: reason=class_check action=maybe_recompile pc=0x000002958232baf4 method=net.minecraftforge.fml.common.eventhandler.EventBus$1.invoke(Lnet/minecraftforge/fml/common/eventhandler/Event;)V @ 18
Event: 119.256 Thread 0x00000295f6c1f000 Uncommon trap: reason=class_check action=maybe_recompile pc=0x000002958232baf4 method=net.minecraftforge.fml.common.eventhandler.EventBus$1.invoke(Lnet/minecraftforge/fml/common/eventhandler/Event;)V @ 18
Event: 120.029 Thread 0x00000295f6c1f000 Uncommon trap: reason=class_check action=maybe_recompile pc=0x0000029582325d1c method=org.objectweb.asm.tree.InvokeDynamicInsnNode.accept(Lorg/objectweb/asm/MethodVisitor;)V @ 17
Event: 120.029 Thread 0x00000295f6c1f000 Uncommon trap: reason=class_check action=maybe_recompile pc=0x0000029582325d1c method=org.objectweb.asm.tree.InvokeDynamicInsnNode.accept(Lorg/objectweb/asm/MethodVisitor;)V @ 17
Event: 120.029 Thread 0x00000295f6c1f000 Uncommon trap: reason=class_check action=maybe_recompile pc=0x0000029582325d1c method=org.objectweb.asm.tree.InvokeDynamicInsnNode.accept(Lorg/objectweb/asm/MethodVisitor;)V @ 17
Event: 120.029 Thread 0x00000295f6c1f000 Uncommon trap: reason=class_check action=maybe_recompile pc=0x0000029582325d1c method=org.objectweb.asm.tree.InvokeDynamicInsnNode.accept(Lorg/objectweb/asm/MethodVisitor;)V @ 17
Event: 120.416 Thread 0x00000295f6c1f000 Uncommon trap: reason=predicate action=maybe_recompile pc=0x0000029580214a9c method=java.util.Properties.load0(Ljava/util/Properties$LineReader;)V @ 15
Event: 120.503 Thread 0x00000295f6c1f000 Uncommon trap: reason=unstable_if action=reinterpret pc=0x0000029581ec5244 method=net.minecraftforge.fml.common.LoadController.activeContainer()Lnet/minecraftforge/fml/common/ModContainer; @ 4

Classes redefined (0 events):
No events

Internal exceptions (10 events):
Event: 114.732 Thread 0x00000295f6c1f000 Exception <a 'java/lang/NoSuchMethodError': java.lang.Object.lambda$or$2(Ljava/util/function/BiPredicate;Ljava/lang/Object;Ljava/lang/Object;)Z> (0x0000000796cb54c8) thrown at [C:\jenkins\workspace\8-2-build-windows-amd64-cygwin\jdk8u261\295\hotspot\src\s
Event: 119.259 Thread 0x00000295f6c1f000 Exception <a 'java/lang/IncompatibleClassChangeError': Found class java.lang.Object, but interface was expected> (0x0000000787e67228) thrown at [C:\jenkins\workspace\8-2-build-windows-amd64-cygwin\jdk8u261\295\hotspot\src\share\vm\interpreter\linkResolver
Event: 119.827 Thread 0x000002959d9d0800 Exception <a 'java/security/PrivilegedActionException'> (0x00000007781069b8) thrown at [C:\jenkins\workspace\8-2-build-windows-amd64-cygwin\jdk8u261\295\hotspot\src\share\vm\prims\jvm.cpp, line 1512]
Event: 120.188 Thread 0x00000295f6c1f000 Exception <a 'java/lang/NoSuchMethodError': java.lang.Object.lambda$getResourceLocations$0(Ljava/util/List;Lcom/teamacronymcoders/base/IBaseMod;Ljava/lang/String;)V> (0x00000007b87aa498) thrown at [C:\jenkins\workspace\8-2-build-windows-amd64-cygwin\jdk8u
Event: 120.505 Thread 0x00000295f6c1f000 Exception <a 'java/security/PrivilegedActionException'> (0x00000007b54b4f60) thrown at [C:\jenkins\workspace\8-2-build-windows-amd64-cygwin\jdk8u261\295\hotspot\src\share\vm\prims\jvm.cpp, line 1512]
Event: 120.505 Thread 0x00000295f6c1f000 Exception <a 'java/security/PrivilegedActionException'> (0x00000007b54b6448) thrown at [C:\jenkins\workspace\8-2-build-windows-amd64-cygwin\jdk8u261\295\hotspot\src\share\vm\prims\jvm.cpp, line 1512]
Event: 120.505 Thread 0x00000295f6c1f000 Exception <a 'java/security/PrivilegedActionException'> (0x00000007b54b7ef0) thrown at [C:\jenkins\workspace\8-2-build-windows-amd64-cygwin\jdk8u261\295\hotspot\src\share\vm\prims\jvm.cpp, line 1512]
Event: 120.505 Thread 0x00000295f6c1f000 Exception <a 'java/security/PrivilegedActionException'> (0x00000007b54b96e8) thrown at [C:\jenkins\workspace\8-2-build-windows-amd64-cygwin\jdk8u261\295\hotspot\src\share\vm\prims\jvm.cpp, line 1512]
Event: 120.505 Thread 0x00000295f6c1f000 Exception <a 'java/security/PrivilegedActionException'> (0x00000007b54bab58) thrown at [C:\jenkins\workspace\8-2-build-windows-amd64-cygwin\jdk8u261\295\hotspot\src\share\vm\prims\jvm.cpp, line 1512]
Event: 120.505 Thread 0x00000295f6c1f000 Exception <a 'java/security/PrivilegedActionException'> (0x00000007b54bc140) thrown at [C:\jenkins\workspace\8-2-build-windows-amd64-cygwin\jdk8u261\295\hotspot\src\share\vm\prims\jvm.cpp, line 1512]

Events (10 events):
Event: 120.510 loading class org/lwjgl/openal/ALC10
Event: 120.510 loading class org/lwjgl/openal/ALC10 done
Event: 120.520 loading class org/lwjgl/openal/ALCdevice
Event: 120.520 loading class org/lwjgl/openal/ALCdevice done
Event: 120.521 loading class org/lwjgl/openal/ALCcontext
Event: 120.521 loading class org/lwjgl/openal/ALCcontext done
Event: 120.521 loading class org/lwjgl/openal/Util
Event: 120.521 loading class org/lwjgl/openal/Util done
Event: 120.521 loading class org/lwjgl/openal/OpenALException
Event: 120.521 loading class org/lwjgl/openal/OpenALException done


Dynamic libraries:
0x00007ff7773a0000 - 0x00007ff7773e7000 	C:\Program Files\Java\jre1.8.0_261\bin\javaw.exe
0x00007ff8f8e70000 - 0x00007ff8f9068000 	C:\WINDOWS\SYSTEM32\ntdll.dll
0x00007ff8f74a0000 - 0x00007ff8f755f000 	C:\WINDOWS\System32\KERNEL32.DLL
0x00007ff8f66a0000 - 0x00007ff8f6996000 	C:\WINDOWS\System32\KERNELBASE.dll
0x00007ff8f7840000 - 0x00007ff8f78ef000 	C:\WINDOWS\System32\ADVAPI32.dll
0x00007ff8f70e0000 - 0x00007ff8f717e000 	C:\WINDOWS\System32\msvcrt.dll
0x00007ff8f8d70000 - 0x00007ff8f8e0c000 	C:\WINDOWS\System32\sechost.dll
0x00007ff8f7240000 - 0x00007ff8f7366000 	C:\WINDOWS\System32\RPCRT4.dll
0x00007ff8f8930000 - 0x00007ff8f8acd000 	C:\WINDOWS\System32\USER32.dll
0x00007ff8f65c0000 - 0x00007ff8f65e2000 	C:\WINDOWS\System32\win32u.dll
0x00007ff8f7210000 - 0x00007ff8f723c000 	C:\WINDOWS\System32\GDI32.dll
0x00007ff8f69a0000 - 0x00007ff8f6ab5000 	C:\WINDOWS\System32\gdi32full.dll
0x00007ff8f6e30000 - 0x00007ff8f6ecd000 	C:\WINDOWS\System32\msvcp_win.dll
0x00007ff8f6ac0000 - 0x00007ff8f6bc0000 	C:\WINDOWS\System32\ucrtbase.dll
0x00007ff8e8d30000 - 0x00007ff8e8fca000 	C:\WINDOWS\WinSxS\amd64_microsoft.windows.common-controls_6595b64144ccf1df_6.0.19041.1110_none_60b5254171f9507e\COMCTL32.dll
0x00007ff8f7560000 - 0x00007ff8f7590000 	C:\WINDOWS\System32\IMM32.DLL
0x0000000180000000 - 0x0000000180007000 	C:\Program Files\Prio\prio.dll
0x00007ff8f1db0000 - 0x00007ff8f1dc5000 	C:\Program Files\Java\jre1.8.0_261\bin\vcruntime140.dll
0x00007ff8e70e0000 - 0x00007ff8e717b000 	C:\Program Files\Java\jre1.8.0_261\bin\msvcp140.dll
0x0000000067f70000 - 0x00000000687dc000 	C:\Program Files\Java\jre1.8.0_261\bin\server\jvm.dll
0x00007ff8f8d60000 - 0x00007ff8f8d68000 	C:\WINDOWS\System32\PSAPI.DLL
0x00007ff8f15c0000 - 0x00007ff8f15c9000 	C:\WINDOWS\SYSTEM32\WSOCK32.dll
0x00007ff8f77d0000 - 0x00007ff8f783b000 	C:\WINDOWS\System32\WS2_32.dll
0x00007ff8ec130000 - 0x00007ff8ec157000 	C:\WINDOWS\SYSTEM32\WINMM.dll
0x00007ff8ec160000 - 0x00007ff8ec16a000 	C:\WINDOWS\SYSTEM32\VERSION.dll
0x00007ff8f4de0000 - 0x00007ff8f4df2000 	C:\WINDOWS\SYSTEM32\kernel.appcore.dll
0x00007ff8f15b0000 - 0x00007ff8f15c0000 	C:\Program Files\Java\jre1.8.0_261\bin\verify.dll
0x00007ff8e8be0000 - 0x00007ff8e8c0b000 	C:\Program Files\Java\jre1.8.0_261\bin\java.dll
0x00007ff8f0200000 - 0x00007ff8f0218000 	C:\Program Files\Java\jre1.8.0_261\bin\zip.dll
0x00007ff8f7e80000 - 0x00007ff8f85c4000 	C:\WINDOWS\System32\SHELL32.dll
0x00007ff8f4280000 - 0x00007ff8f4a13000 	C:\WINDOWS\SYSTEM32\windows.storage.dll
0x00007ff8f85d0000 - 0x00007ff8f8924000 	C:\WINDOWS\System32\combase.dll
0x00007ff8f5fa0000 - 0x00007ff8f5fce000 	C:\WINDOWS\SYSTEM32\Wldp.dll
0x00007ff8f78f0000 - 0x00007ff8f799d000 	C:\WINDOWS\System32\SHCORE.dll
0x00007ff8f7080000 - 0x00007ff8f70d5000 	C:\WINDOWS\System32\shlwapi.dll
0x00007ff8f6490000 - 0x00007ff8f64af000 	C:\WINDOWS\SYSTEM32\profapi.dll
0x00007ff8ea030000 - 0x00007ff8ea04c000 	C:\Program Files\Java\jre1.8.0_261\bin\net.dll
0x00007ff8f5d00000 - 0x00007ff8f5d6a000 	C:\WINDOWS\system32\mswsock.dll
0x00007ff8f13c0000 - 0x00007ff8f13d7000 	C:\WINDOWS\system32\napinsp.dll
0x00007ff8e91c0000 - 0x00007ff8e91db000 	C:\WINDOWS\system32\pnrpnsp.dll
0x00007ff8d9760000 - 0x00007ff8d9775000 	C:\WINDOWS\system32\wshbth.dll
0x00007ff8efdc0000 - 0x00007ff8efddd000 	C:\WINDOWS\system32\NLAapi.dll
0x00007ff8f59a0000 - 0x00007ff8f59dc000 	C:\WINDOWS\SYSTEM32\IPHLPAPI.DLL
0x00007ff8f59f0000 - 0x00007ff8f5aba000 	C:\WINDOWS\SYSTEM32\DNSAPI.dll
0x00007ff8f7e10000 - 0x00007ff8f7e18000 	C:\WINDOWS\System32\NSI.dll
0x00007ff8e91a0000 - 0x00007ff8e91b2000 	C:\WINDOWS\System32\winrnr.dll
0x00007ff8e97a0000 - 0x00007ff8e97aa000 	C:\Windows\System32\rasadhlp.dll
0x00007ff8e9310000 - 0x00007ff8e9392000 	C:\WINDOWS\System32\fwpuclnt.dll
0x00007ff8f6c50000 - 0x00007ff8f6c77000 	C:\WINDOWS\System32\bcrypt.dll
0x00007ff8eee70000 - 0x00007ff8eee87000 	C:\WINDOWS\SYSTEM32\dhcpcsvc6.DLL
0x00007ff8eee50000 - 0x00007ff8eee6d000 	C:\WINDOWS\SYSTEM32\dhcpcsvc.DLL
0x00007ff8f11b0000 - 0x00007ff8f11bd000 	C:\Program Files\Java\jre1.8.0_261\bin\management.dll
0x00007ff8e8570000 - 0x00007ff8e8583000 	C:\Program Files\Java\jre1.8.0_261\bin\nio.dll
0x00007ff8f5ef0000 - 0x00007ff8f5f08000 	C:\WINDOWS\SYSTEM32\CRYPTSP.dll
0x00007ff8f55b0000 - 0x00007ff8f55e4000 	C:\WINDOWS\system32\rsaenh.dll
0x00007ff8f6450000 - 0x00007ff8f647e000 	C:\WINDOWS\SYSTEM32\USERENV.dll
0x00007ff8f6bc0000 - 0x00007ff8f6c42000 	C:\WINDOWS\System32\bcryptprimitives.dll
0x00007ff8f5f10000 - 0x00007ff8f5f1c000 	C:\WINDOWS\SYSTEM32\CRYPTBASE.dll
0x00007ff8e7710000 - 0x00007ff8e7728000 	C:\Program Files\Java\jre1.8.0_261\bin\unpack.dll
0x000002959b6a0000 - 0x000002959b6f3000 	C:\Program Files (x86)\MultiMC\instances\1.12.2-Survival-Modpack\natives\lwjgl64.dll
0x00007ff8cb830000 - 0x00007ff8cb955000 	C:\WINDOWS\SYSTEM32\OPENGL32.dll
0x00007ff8d4140000 - 0x00007ff8d416c000 	C:\WINDOWS\SYSTEM32\GLU32.dll
0x00007ff8d7710000 - 0x00007ff8d78a4000 	C:\Program Files\Java\jre1.8.0_261\bin\awt.dll
0x00007ff8f8b50000 - 0x00007ff8f8c1d000 	C:\WINDOWS\System32\OLEAUT32.dll
0x00007ff8f3920000 - 0x00007ff8f39b1000 	C:\WINDOWS\SYSTEM32\apphelp.dll
0x00007ff8eef50000 - 0x00007ff8eeffe000 	C:\WINDOWS\SYSTEM32\mscms.dll
0x00007ff8efd90000 - 0x00007ff8efda1000 	C:\WINDOWS\SYSTEM32\ColorAdapterClient.dll
0x00007ff8f76c0000 - 0x00007ff8f7769000 	C:\WINDOWS\System32\clbcatq.dll
0x00007ff8f6c80000 - 0x00007ff8f6cce000 	C:\WINDOWS\System32\cfgmgr32.dll
0x00007ff8f3a60000 - 0x00007ff8f3afe000 	C:\WINDOWS\system32\uxtheme.dll
0x00007ff8f7370000 - 0x00007ff8f7484000 	C:\WINDOWS\System32\MSCTF.dll
0x00007ff8e6430000 - 0x00007ff8e6529000 	C:\WINDOWS\SYSTEM32\textinputframework.dll
0x00007ff8f34e0000 - 0x00007ff8f35d2000 	C:\WINDOWS\System32\CoreMessaging.dll
0x00007ff8f3180000 - 0x00007ff8f34de000 	C:\WINDOWS\System32\CoreUIComponents.dll
0x00007ff8f56d0000 - 0x00007ff8f5703000 	C:\WINDOWS\SYSTEM32\ntmarta.dll
0x00007ff8f2ab0000 - 0x00007ff8f2c04000 	C:\WINDOWS\SYSTEM32\wintypes.dll
0x00007ff8dfdb0000 - 0x00007ff8dfddd000 	C:\WINDOWS\System32\DriverStore\FileRepository\u0390451.inf_amd64_39377efdd62734d1\B390182\atig6pxx.dll
0x00007ff89cb90000 - 0x00007ff8a07c5000 	C:\WINDOWS\System32\DriverStore\FileRepository\u0390451.inf_amd64_39377efdd62734d1\B390182\atio6axx.dll
0x00007ff8f79a0000 - 0x00007ff8f7e08000 	C:\WINDOWS\System32\SETUPAPI.dll
0x00007ff8f3cf0000 - 0x00007ff8f3d1f000 	C:\WINDOWS\SYSTEM32\dwmapi.dll
0x00007ff8f6300000 - 0x00007ff8f632c000 	C:\WINDOWS\SYSTEM32\DEVOBJ.dll
0x00007ff8f6550000 - 0x00007ff8f65b7000 	C:\WINDOWS\System32\WINTRUST.dll
0x00007ff8f6cd0000 - 0x00007ff8f6e2e000 	C:\WINDOWS\System32\CRYPT32.dll
0x00007ff8f6130000 - 0x00007ff8f6142000 	C:\WINDOWS\SYSTEM32\MSASN1.dll
0x00007ff8c9ad0000 - 0x00007ff8c9b13000 	C:\WINDOWS\SYSTEM32\icm32.dll
0x00007ff8e6f40000 - 0x00007ff8e6f82000 	C:\Users\Jacob\AppData\Local\Temp\jna-71328959\jna7082400003956306703.dll
0x00007ff8e72e0000 - 0x00007ff8e7304000 	C:\Program Files\Java\jre1.8.0_261\bin\sunec.dll
0x00007ff8e8560000 - 0x00007ff8e856d000 	C:\Program Files\Java\jre1.8.0_261\bin\sunmscapi.dll
0x00007ff8f6010000 - 0x00007ff8f6038000 	C:\WINDOWS\SYSTEM32\ncrypt.dll
0x00007ff8f5fd0000 - 0x00007ff8f600b000 	C:\WINDOWS\SYSTEM32\NTASN1.dll
0x00000295a1430000 - 0x00000295a1494000 	C:\Program Files (x86)\MultiMC\instances\1.12.2-Survival-Modpack\natives\OpenAL64.dll
0x00007ff8f7590000 - 0x00007ff8f76ba000 	C:\WINDOWS\System32\ole32.dll
0x00007ff8d8250000 - 0x00007ff8d82ec000 	C:\WINDOWS\SYSTEM32\dsound.dll
0x00007ff8f5b10000 - 0x00007ff8f5b5b000 	C:\WINDOWS\SYSTEM32\powrprof.dll
0x00007ff8dc220000 - 0x00007ff8dc246000 	C:\WINDOWS\SYSTEM32\winmmbase.dll
0x00007ff8f5980000 - 0x00007ff8f5992000 	C:\WINDOWS\SYSTEM32\UMPDC.dll
0x00007ff8f0ce0000 - 0x00007ff8f0d65000 	C:\WINDOWS\System32\MMDevApi.dll
0x00007ff8f1200000 - 0x00007ff8f1382000 	C:\WINDOWS\SYSTEM32\AUDIOSES.DLL
0x00007ff8f4a20000 - 0x00007ff8f4c04000 	C:\WINDOWS\SYSTEM32\dbghelp.dll

VM Arguments:
jvm_args: -XX:+UseG1GC -XX:+UnlockExperimentalVMOptions -XX:G1NewSizePercent=20 -XX:G1ReservePercent=20 -XX:MaxGCPauseMillis=50 -XX:G1HeapRegionSize=32M -XX:HeapDumpPath=MojangTricksIntelDriversForPerformance_javaw.exe_minecraft.exe.heapdump -Xms4976m -Xmx5067m -Duser.language=en -Djava.library.path=C:/Program Files (x86)/MultiMC/instances/1.12.2-Survival-Modpack/natives 
java_command: org.multimc.EntryPoint
java_class_path (initial): C:/Program Files (x86)/MultiMC/jars/NewLaunch.jar;C:/Program Files (x86)/MultiMC/libraries/net/java/jinput/jinput/2.0.5/jinput-2.0.5.jar;C:/Program Files (x86)/MultiMC/libraries/net/java/jutils/jutils/1.0.0/jutils-1.0.0.jar;C:/Program Files (x86)/MultiMC/libraries/org/lwjgl/lwjgl/lwjgl/2.9.4-nightly-20150209/lwjgl-2.9.4-nightly-20150209.jar;C:/Program Files (x86)/MultiMC/libraries/org/lwjgl/lwjgl/lwjgl_util/2.9.4-nightly-20150209/lwjgl_util-2.9.4-nightly-20150209.jar;C:/Program Files (x86)/MultiMC/libraries/com/mojang/patchy/1.3.9/patchy-1.3.9.jar;C:/Program Files (x86)/MultiMC/libraries/oshi-project/oshi-core/1.1/oshi-core-1.1.jar;C:/Program Files (x86)/MultiMC/libraries/net/java/dev/jna/jna/4.4.0/jna-4.4.0.jar;C:/Program Files (x86)/MultiMC/libraries/net/java/dev/jna/platform/3.4.0/platform-3.4.0.jar;C:/Program Files (x86)/MultiMC/libraries/com/ibm/icu/icu4j-core-mojang/51.2/icu4j-core-mojang-51.2.jar;C:/Program Files (x86)/MultiMC/libraries/net/sf/jopt-simple/jopt-simple/5.0.3/jopt-simple-5.0.3.jar;C:/Program Files (x86)/MultiMC/libraries/com/paulscode/codecjorbis/20101023/codecjorbis-20101023.jar;C:/Program Files (x86)/MultiMC/libraries/com/paulscode/codecwav/20101023/codecwav-20101023.jar;C:/Program Files (x86)/MultiMC/libraries/com/paulscode/libraryjavasound/20101123/libraryjavasound-20101123.jar;C:/Program Files (x86)/MultiMC/libraries/com/paulscode/librarylwjglopenal/20100824/librarylwjglopenal-20100824.jar;C:/Program Files (x86)/MultiMC/libraries/com/paulscode/soundsystem/20120107/soundsystem-20120107.jar;C:/Program Files (x86)/MultiMC/libraries/io/netty/netty-all/4.1.9.Final/netty-all-4.1.9.Final.jar;C:/Program Files (x86)/MultiMC/libraries/com/google/guava/guava/21.0/guava-21.0.jar;C:/Program Files (x86)/MultiMC/libraries/org/apache/commons/commons-lang3/3.5/commons-lang3-3.5.jar;C:/Program Files (x86)/MultiMC/libraries/commons-io/commons-io/2.5/commons-io-2.5.jar;C:/Program Files (x86)/MultiMC/libraries/commons-codec/commons-
Launcher Type: SUN_STANDARD

Environment Variables:
PATH=C:\Program Files\Common Files\Oracle\Java\javapath;C:\Program Files (x86)\NVIDIA Corporation\PhysX\Common;C:\Program Files (x86)\Razer Chroma SDK\bin;C:\Program Files\Razer Chroma SDK\bin;C:\Program Files (x86)\Razer\ChromaBroadcast\bin;C:\Program Files\Razer\ChromaBroadcast\bin;C:\Program Files (x86)\Common Files\Oracle\Java\javapath;C:\Windows\system32;C:\Windows;C:\Windows\System32\Wbem;C:\Windows\System32\WindowsPowerShell\v1.0\;C:\Windows\System32\OpenSSH\;C:\Windows\system32\config\systemprofile\AppData\Local\Microsoft\WindowsApps;;C:\WINDOWS\system32;C:\WINDOWS;C:\WINDOWS\System32\Wbem;C:\WINDOWS\System32\WindowsPowerShell\v1.0\;C:\WINDOWS\System32\OpenSSH\;C:\Program Files\Prio;C:\Program Files\dotnet\;C:\Users\Jacob\AppData\Local\Microsoft\WindowsApps;C:\Users\Jacob\AppData\Local\GitHubDesktop\bin
USERNAME=Jacob
OS=Windows_NT
PROCESSOR_IDENTIFIER=AMD64 Family 23 Model 24 Stepping 1, AuthenticAMD



---------------  S Y S T E M  ---------------

OS: Windows 10.0 , 64 bit Build 19041 (10.0.19041.3031)

CPU:total 4 (initial active 4) (4 cores per cpu, 1 threads per core) family 23 model 24 stepping 1, cmov, cx8, fxsr, mmx, sse, sse2, sse3, ssse3, sse4.1, sse4.2, popcnt, avx, avx2, aes, clmul, mmxext, 3dnowpref, lzcnt, sse4a, tsc, tscinvbit, tscinv, bmi1

Memory: 4k page, physical 16709764k(4705736k free), swap 24049796k(4285188k free)

vm_info: Java HotSpot(TM) 64-Bit Server VM (25.261-b12) for windows-amd64 JRE (1.8.0_261-b12), built on Jun 18 2020 06:56:32 by "" with unknown MS VC++:1916

time: Wed Jun 21 17:48:27 2023
timezone: Eastern Daylight Time
elapsed time: 120 seconds (0d 0h 2m 0s)

