#
# A fatal error has been detected by the Java Runtime Environment:
#
#  EXCEPTION_ACCESS_VIOLATION (0xc0000005) at pc=0x000001acbbc51066, pid=28244, tid=0x000000000000662c
#
# JRE version: Java(TM) SE Runtime Environment (8.0_261-b12) (build 1.8.0_261-b12)
# Java VM: Java HotSpot(TM) 64-Bit Server VM (25.261-b12 mixed mode windows-amd64 compressed oops)
# Problematic frame:
# C  [OpenAL64.dll+0x11066]
#
# Failed to write core dump. Minidumps are not enabled by default on client versions of Windows
#
# If you would like to submit a bug report, please visit:
#   http://bugreport.java.com/bugreport/crash.jsp
# The crash happened outside the Java Virtual Machine in native code.
# See problematic frame for where to report the bug.
#

---------------  T H R E A D  ---------------

Current thread (0x000001ac87960800):  JavaThread "Client thread" [_thread_in_native, id=26156, stack(0x00000023d8100000,0x00000023d8200000)]

siginfo: ExceptionCode=0xc0000005, reading address 0x000001acad6ab004

Registers:
RAX=0x0000000000000001, RBX=0x000001acce8e0090, RCX=0x000001acad6ab008, RDX=0x000001acad6ab004
RSP=0x00000023d81fd590, RBP=0x00000000000000ff, RSI=0x000001acad6a404c, RDI=0x0000000000000000
R8 =0x0000000000001bee, R9 =0x000001acad6a404c, R10=0x000001ac89669b02, R11=0x00000000681a9e30
R12=0x0000000000000001, R13=0x000001acdc77f3e8, R14=0x00000023d81fd728, R15=0x000001ac87960800
RIP=0x000001acbbc51066, EFLAGS=0x0000000000010202

Top of Stack: (sp=0x00000023d81fd590)
0x00000023d81fd590:   fffffffe00000000 000001ac87960800
0x00000023d81fd5a0:   000001acdc77f3e8 0000000000000000
0x00000023d81fd5b0:   000001acdc77f3e8 0000000000000000
0x00000023d81fd5c0:   000001ac87960800 00000023d81fd728
0x00000023d81fd5d0:   00000023d81fd6f0 00000000680428eb
0x00000023d81fd5e0:   00000023d81fd610 0000000000000013
0x00000023d81fd5f0:   000001ac87931930 000001ac879611f0
0x00000023d81fd600:   000001ac87960800 00000023d81fd728
0x00000023d81fd610:   000001acdc77f3e8 0000000000000000
0x00000023d81fd620:   000001acad6a404c 0000000684015030
0x00000023d81fd630:   00000023d81fd6f0 000001acbbc5248f
0x00000023d81fd640:   000001acce8e0090 000001acce8e0090
0x00000023d81fd650:   000001ac0000ac44 000001ac00000001
0x00000023d81fd660:   0000000000000010 000001ac89669b2e
0x00000023d81fd670:   000001acdc77f3e8 000001ac89669825
0x00000023d81fd680:   000001acdc77f3e8 00000023d81fd6f0 

Instructions: (pc=0x000001acbbc51066)
0x000001acbbc51046:   41 2b ec 81 3a 03 00 02 00 75 09 8b 01 89 84 24
0x000001acbbc51056:   c8 00 00 00 49 83 c0 02 48 83 c1 08 4a 8d 14 86
0x000001acbbc51066:   39 3a 75 af 4c 8d 84 24 c0 00 00 00 48 8d 15 d7
0x000001acbbc51076:   2b 03 00 33 c9 e8 58 5f 00 00 b8 40 1f 00 00 4c 


Register to memory mapping:

RAX=0x0000000000000001 is an unknown value
RBX=0x000001acce8e0090 is an unknown value
RCX=0x000001acad6ab008 is an unknown value
RDX=0x000001acad6ab004 is an unknown value
RSP=0x00000023d81fd590 is pointing into the stack for thread: 0x000001ac87960800
RBP=0x00000000000000ff is an unknown value
RSI=0x000001acad6a404c is an unknown value
RDI=0x0000000000000000 is an unknown value
R8 =0x0000000000001bee is an unknown value
R9 =0x000001acad6a404c is an unknown value
R10=0x000001ac89669b02 is at code_begin+962 in an Interpreter codelet
method entry point (kind = native)  [0x000001ac89669740, 0x000001ac8966a260]  2848 bytes
R11=0x00000000681a9e30 is an unknown value
R12=0x0000000000000001 is an unknown value
R13={method} {0x000001acdc77f3f0} 'nalcCreateContext' '(JJ)J' in 'org/lwjgl/openal/ALC10'
R14=0x00000023d81fd728 is pointing into the stack for thread: 0x000001ac87960800
R15=0x000001ac87960800 is a thread


Stack: [0x00000023d8100000,0x00000023d8200000],  sp=0x00000023d81fd590,  free space=1013k
Native frames: (J=compiled Java code, j=interpreted, Vv=VM code, C=native code)
C  [OpenAL64.dll+0x11066]
C  [OpenAL64.dll+0x1248f]
C  0x000001ac89669b2e

Java frames: (J=compiled Java code, j=interpreted, Vv=VM code)
j  org.lwjgl.openal.ALC10.nalcCreateContext(JJ)J+0
j  org.lwjgl.openal.ALC10.alcCreateContext(Lorg/lwjgl/openal/ALCdevice;Ljava/nio/IntBuffer;)Lorg/lwjgl/openal/ALCcontext;+8
j  org.lwjgl.openal.AL.init(Ljava/lang/String;IIZZ)V+69
j  org.lwjgl.openal.AL.create(Ljava/lang/String;IIZZ)V+246
j  org.lwjgl.openal.AL.create(Ljava/lang/String;IIZ)V+5
j  org.lwjgl.openal.AL.create()V+6
j  org.orecruncher.dsurround.client.sound.SoundEngine.configureSound(Lnet/minecraftforge/client/event/sound/SoundSetupEvent;)V+18
j  net.minecraftforge.fml.common.eventhandler.ASMEventHandler_559_SoundEngine_configureSound_SoundSetupEvent.invoke(Lnet/minecraftforge/fml/common/eventhandler/Event;)V+5
J 14647 C2 net.minecraftforge.fml.common.eventhandler.EventBus.post(Lnet/minecraftforge/fml/common/eventhandler/Event;)Z (99 bytes) @ 0x000001ac897602ac [0x000001ac897601a0+0x10c]
j  net.minecraft.client.audio.SoundManager.<init>(Lnet/minecraft/client/audio/SoundHandler;Lnet/minecraft/client/settings/GameSettings;)V+102
j  net.minecraft.client.audio.SoundHandler.<init>(Lnet/minecraft/client/resources/IResourceManager;Lnet/minecraft/client/settings/GameSettings;)V+27
j  net.minecraft.client.Minecraft.func_71384_a()V+380
j  net.minecraft.client.Minecraft.func_99999_d()V+6
j  net.minecraft.client.main.Main.main([Ljava/lang/String;)V+1094
v  ~StubRoutines::call_stub
j  sun.reflect.NativeMethodAccessorImpl.invoke0(Ljava/lang/reflect/Method;Ljava/lang/Object;[Ljava/lang/Object;)Ljava/lang/Object;+0
J 2663 C1 sun.reflect.NativeMethodAccessorImpl.invoke(Ljava/lang/Object;[Ljava/lang/Object;)Ljava/lang/Object; (104 bytes) @ 0x000001ac89f8cd5c [0x000001ac89f8bb40+0x121c]
J 1989 C1 sun.reflect.DelegatingMethodAccessorImpl.invoke(Ljava/lang/Object;[Ljava/lang/Object;)Ljava/lang/Object; (10 bytes) @ 0x000001ac89ccebcc [0x000001ac89cceac0+0x10c]
J 1988 C1 java.lang.reflect.Method.invoke(Ljava/lang/Object;[Ljava/lang/Object;)Ljava/lang/Object; (62 bytes) @ 0x000001ac89cc26b4 [0x000001ac89cc22c0+0x3f4]
j  net.minecraft.launchwrapper.Launch.launch([Ljava/lang/String;)V+661
j  net.minecraft.launchwrapper.Launch.main([Ljava/lang/String;)V+8
v  ~StubRoutines::call_stub
j  sun.reflect.NativeMethodAccessorImpl.invoke0(Ljava/lang/reflect/Method;Ljava/lang/Object;[Ljava/lang/Object;)Ljava/lang/Object;+0
j  sun.reflect.NativeMethodAccessorImpl.invoke(Ljava/lang/Object;[Ljava/lang/Object;)Ljava/lang/Object;+100
j  sun.reflect.DelegatingMethodAccessorImpl.invoke(Ljava/lang/Object;[Ljava/lang/Object;)Ljava/lang/Object;+6
j  java.lang.reflect.Method.invoke(Ljava/lang/Object;[Ljava/lang/Object;)Ljava/lang/Object;+56
j  org.multimc.onesix.OneSixLauncher.launchWithMainClass()I+232
j  org.multimc.onesix.OneSixLauncher.launch(Lorg/multimc/ParamBucket;)I+67
j  org.multimc.EntryPoint.listen()I+160
j  org.multimc.EntryPoint.main([Ljava/lang/String;)V+9
v  ~StubRoutines::call_stub

---------------  P R O C E S S  ---------------

Java Threads: ( => current thread )
  0x000001acc66b7000 JavaThread "Thread-11" daemon [_thread_blocked, id=32284, stack(0x00000023da600000,0x00000023da700000)]
  0x000001acc66b7800 JavaThread "Thread-10" daemon [_thread_blocked, id=30204, stack(0x00000023da100000,0x00000023da200000)]
  0x000001acc66ab800 JavaThread "File IO Thread" [_thread_blocked, id=15752, stack(0x00000023d9c00000,0x00000023d9d00000)]
  0x000001acc66b2800 JavaThread "pool-2-thread-1" [_thread_blocked, id=22676, stack(0x00000023d8000000,0x00000023d8100000)]
  0x000001acab82b800 JavaThread "Culling Thread" daemon [_thread_blocked, id=3156, stack(0x00000023d9800000,0x00000023d9900000)]
  0x000001acadc60000 JavaThread "LWJGL Timer" daemon [_thread_blocked, id=10196, stack(0x00000023da500000,0x00000023da600000)]
  0x000001acadc62800 JavaThread "Thread-3" [_thread_blocked, id=26144, stack(0x00000023da200000,0x00000023da300000)]
  0x000001acaeef3000 JavaThread "Java2D Disposer" daemon [_thread_blocked, id=6576, stack(0x00000023d9b00000,0x00000023d9c00000)]
  0x000001acaf51d000 JavaThread "Timer hack thread" daemon [_thread_blocked, id=16616, stack(0x00000023d9a00000,0x00000023d9b00000)]
  0x000001acab492000 JavaThread "Snooper Timer" daemon [_thread_blocked, id=25712, stack(0x00000023d9900000,0x00000023d9a00000)]
  0x000001aca8c87800 JavaThread "Service Thread" daemon [_thread_blocked, id=25236, stack(0x00000023d9600000,0x00000023d9700000)]
  0x000001aca8c7b800 JavaThread "C1 CompilerThread2" daemon [_thread_blocked, id=27336, stack(0x00000023d9500000,0x00000023d9600000)]
  0x000001aca8c7a000 JavaThread "C2 CompilerThread1" daemon [_thread_blocked, id=8592, stack(0x00000023d9400000,0x00000023d9500000)]
  0x000001aca8c1d800 JavaThread "C2 CompilerThread0" daemon [_thread_blocked, id=31532, stack(0x00000023d9300000,0x00000023d9400000)]
  0x000001aca8c19800 JavaThread "Attach Listener" daemon [_thread_blocked, id=27864, stack(0x00000023d9200000,0x00000023d9300000)]
  0x000001aca8c16800 JavaThread "Signal Dispatcher" daemon [_thread_blocked, id=25500, stack(0x00000023d9100000,0x00000023d9200000)]
  0x000001aca8c16000 JavaThread "Surrogate Locker Thread (Concurrent GC)" daemon [_thread_blocked, id=31704, stack(0x00000023d9000000,0x00000023d9100000)]
  0x000001aca8bfa000 JavaThread "Finalizer" daemon [_thread_blocked, id=26928, stack(0x00000023d8f00000,0x00000023d9000000)]
  0x000001aca8bf0000 JavaThread "Reference Handler" daemon [_thread_blocked, id=19452, stack(0x00000023d8e00000,0x00000023d8f00000)]
=>0x000001ac87960800 JavaThread "Client thread" [_thread_in_native, id=26156, stack(0x00000023d8100000,0x00000023d8200000)]

Other Threads:
  0x000001aca8be8000 VMThread [stack: 0x00000023d8d00000,0x00000023d8e00000] [id=32228]
  0x000001aca8ca9800 WatcherThread [stack: 0x00000023d9700000,0x00000023d9800000] [id=8076]

VM state:not at safepoint (normal execution)

VM Mutex/Monitor currently owned by a thread: None

heap address: 0x0000000682000000, size: 5088 MB, Compressed Oops mode: Zero based, Oop shift amount: 3
Narrow klass base: 0x0000000000000000, Narrow klass shift: 3
Compressed class space size: 1073741824 Address: 0x00000007c0000000

Heap:
 garbage-first heap   total 5111808K, used 1745964K [0x0000000682000000, 0x00000006840004e0, 0x00000007c0000000)
  region size 32768K, 26 young (851968K), 4 survivors (131072K)
 Metaspace       used 195902K, capacity 200549K, committed 200648K, reserved 1212416K
  class space    used 35640K, capacity 37214K, committed 37220K, reserved 1048576K

Heap Regions: (Y=young(eden), SU=young(survivor), HS=humongous(starts), HC=humongous(continues), CS=collection set, F=free, TS=gc time stamp, PTAMS=previous top-at-mark-start, NTAMS=next top-at-mark-start)
AC   0  O    TS     0 PTAMS 0x0000000684000000 NTAMS 0x0000000684000000 space 32768K, 100% used [0x0000000682000000, 0x0000000684000000)
AC   0  O    TS     0 PTAMS 0x0000000686000000 NTAMS 0x0000000686000000 space 32768K, 100% used [0x0000000684000000, 0x0000000686000000)
AC   0  O    TS     0 PTAMS 0x0000000688000000 NTAMS 0x0000000688000000 space 32768K, 100% used [0x0000000686000000, 0x0000000688000000)
AC   0  O    TS     0 PTAMS 0x000000068a000000 NTAMS 0x000000068a000000 space 32768K, 100% used [0x0000000688000000, 0x000000068a000000)
AC   0  O    TS     0 PTAMS 0x000000068c000000 NTAMS 0x000000068c000000 space 32768K, 100% used [0x000000068a000000, 0x000000068c000000)
AC   0  O    TS     0 PTAMS 0x000000068e000000 NTAMS 0x000000068e000000 space 32768K, 100% used [0x000000068c000000, 0x000000068e000000)
AC   0 HS    TS     0 PTAMS 0x000000068f000010 NTAMS 0x000000068f000010 space 32768K,  50% used [0x000000068e000000, 0x0000000690000000)
AC   0  O    TS     0 PTAMS 0x0000000692000000 NTAMS 0x0000000692000000 space 32768K, 100% used [0x0000000690000000, 0x0000000692000000)
AC   0  O    TS     0 PTAMS 0x0000000694000000 NTAMS 0x0000000694000000 space 32768K, 100% used [0x0000000692000000, 0x0000000694000000)
AC   0  O    TS     0 PTAMS 0x0000000696000000 NTAMS 0x0000000696000000 space 32768K, 100% used [0x0000000694000000, 0x0000000696000000)
AC   0  O    TS     0 PTAMS 0x0000000698000000 NTAMS 0x0000000698000000 space 32768K, 100% used [0x0000000696000000, 0x0000000698000000)
AC   0  O    TS     0 PTAMS 0x000000069a000000 NTAMS 0x000000069a000000 space 32768K, 100% used [0x0000000698000000, 0x000000069a000000)
AC   0  O    TS     0 PTAMS 0x000000069c000000 NTAMS 0x000000069c000000 space 32768K, 100% used [0x000000069a000000, 0x000000069c000000)
AC   0  O    TS     5 PTAMS 0x000000069c000000 NTAMS 0x000000069c000000 space 32768K,  28% used [0x000000069c000000, 0x000000069e000000)
AC   0  O    TS     0 PTAMS 0x00000006a0000000 NTAMS 0x00000006a0000000 space 32768K, 100% used [0x000000069e000000, 0x00000006a0000000)
AC   0  O    TS     0 PTAMS 0x00000006a2000000 NTAMS 0x00000006a2000000 space 32768K, 100% used [0x00000006a0000000, 0x00000006a2000000)
AC   0  O    TS     0 PTAMS 0x00000006a4000000 NTAMS 0x00000006a4000000 space 32768K, 100% used [0x00000006a2000000, 0x00000006a4000000)
AC   0  O    TS     0 PTAMS 0x00000006a6000000 NTAMS 0x00000006a6000000 space 32768K, 100% used [0x00000006a4000000, 0x00000006a6000000)
AC   0  O    TS     0 PTAMS 0x00000006a8000000 NTAMS 0x00000006a8000000 space 32768K, 100% used [0x00000006a6000000, 0x00000006a8000000)
AC   0  O    TS     0 PTAMS 0x00000006aa000000 NTAMS 0x00000006aa000000 space 32768K, 100% used [0x00000006a8000000, 0x00000006aa000000)
AC   0  O    TS     0 PTAMS 0x00000006ac000000 NTAMS 0x00000006ac000000 space 32768K, 100% used [0x00000006aa000000, 0x00000006ac000000)
AC   0  O    TS     0 PTAMS 0x00000006ae000000 NTAMS 0x00000006ae000000 space 32768K, 100% used [0x00000006ac000000, 0x00000006ae000000)
AC   0  O    TS     0 PTAMS 0x00000006b0000000 NTAMS 0x00000006b0000000 space 32768K, 100% used [0x00000006ae000000, 0x00000006b0000000)
AC   0  O    TS     0 PTAMS 0x00000006b2000000 NTAMS 0x00000006b2000000 space 32768K, 100% used [0x00000006b0000000, 0x00000006b2000000)
AC   0  O    TS     0 PTAMS 0x00000006b4000000 NTAMS 0x00000006b4000000 space 32768K, 100% used [0x00000006b2000000, 0x00000006b4000000)
AC   0  O    TS     0 PTAMS 0x00000006b6000000 NTAMS 0x00000006b6000000 space 32768K, 100% used [0x00000006b4000000, 0x00000006b6000000)
AC   0  O    TS     0 PTAMS 0x00000006b8000000 NTAMS 0x00000006b8000000 space 32768K, 100% used [0x00000006b6000000, 0x00000006b8000000)
AC   0  O    TS     0 PTAMS 0x00000006ba000000 NTAMS 0x00000006ba000000 space 32768K, 100% used [0x00000006b8000000, 0x00000006ba000000)
AC   0  O    TS     3 PTAMS 0x00000006ba1ba000 NTAMS 0x00000006ba1ba000 space 32768K, 100% used [0x00000006ba000000, 0x00000006bc000000)
AC   0  O    TS     5 PTAMS 0x00000006bc000000 NTAMS 0x00000006bc000000 space 32768K, 100% used [0x00000006bc000000, 0x00000006be000000)
AC   0  F    TS     0 PTAMS 0x00000006be000000 NTAMS 0x00000006be000000 space 32768K,   0% used [0x00000006be000000, 0x00000006c0000000)
AC   0  F    TS     0 PTAMS 0x00000006c0000000 NTAMS 0x00000006c0000000 space 32768K,   0% used [0x00000006c0000000, 0x00000006c2000000)
AC   0  F    TS     0 PTAMS 0x00000006c2000000 NTAMS 0x00000006c2000000 space 32768K,   0% used [0x00000006c2000000, 0x00000006c4000000)
AC   0  F    TS     0 PTAMS 0x00000006c4000000 NTAMS 0x00000006c4000000 space 32768K,   0% used [0x00000006c4000000, 0x00000006c6000000)
AC   0  F    TS     0 PTAMS 0x00000006c6000000 NTAMS 0x00000006c6000000 space 32768K,   0% used [0x00000006c6000000, 0x00000006c8000000)
AC   0  F    TS     0 PTAMS 0x00000006c8000000 NTAMS 0x00000006c8000000 space 32768K,   0% used [0x00000006c8000000, 0x00000006ca000000)
AC   0  F    TS     0 PTAMS 0x00000006ca000000 NTAMS 0x00000006ca000000 space 32768K,   0% used [0x00000006ca000000, 0x00000006cc000000)
AC   0  F    TS     0 PTAMS 0x00000006cc000000 NTAMS 0x00000006cc000000 space 32768K,   0% used [0x00000006cc000000, 0x00000006ce000000)
AC   0  F    TS     0 PTAMS 0x00000006ce000000 NTAMS 0x00000006ce000000 space 32768K,   0% used [0x00000006ce000000, 0x00000006d0000000)
AC   0  F    TS     0 PTAMS 0x00000006d0000000 NTAMS 0x00000006d0000000 space 32768K,   0% used [0x00000006d0000000, 0x00000006d2000000)
AC   0  F    TS     0 PTAMS 0x00000006d2000000 NTAMS 0x00000006d2000000 space 32768K,   0% used [0x00000006d2000000, 0x00000006d4000000)
AC   0  F    TS     0 PTAMS 0x00000006d4000000 NTAMS 0x00000006d4000000 space 32768K,   0% used [0x00000006d4000000, 0x00000006d6000000)
AC   0  F    TS     0 PTAMS 0x00000006d6000000 NTAMS 0x00000006d6000000 space 32768K,   0% used [0x00000006d6000000, 0x00000006d8000000)
AC   0  F    TS     0 PTAMS 0x00000006d8000000 NTAMS 0x00000006d8000000 space 32768K,   0% used [0x00000006d8000000, 0x00000006da000000)
AC   0  F    TS     0 PTAMS 0x00000006da000000 NTAMS 0x00000006da000000 space 32768K,   0% used [0x00000006da000000, 0x00000006dc000000)
AC   0  F    TS     0 PTAMS 0x00000006dc000000 NTAMS 0x00000006dc000000 space 32768K,   0% used [0x00000006dc000000, 0x00000006de000000)
AC   0  F    TS     0 PTAMS 0x00000006de000000 NTAMS 0x00000006de000000 space 32768K,   0% used [0x00000006de000000, 0x00000006e0000000)
AC   0  F    TS     0 PTAMS 0x00000006e0000000 NTAMS 0x00000006e0000000 space 32768K,   0% used [0x00000006e0000000, 0x00000006e2000000)
AC   0  F    TS     0 PTAMS 0x00000006e2000000 NTAMS 0x00000006e2000000 space 32768K,   0% used [0x00000006e2000000, 0x00000006e4000000)
AC   0  F    TS     0 PTAMS 0x00000006e4000000 NTAMS 0x00000006e4000000 space 32768K,   0% used [0x00000006e4000000, 0x00000006e6000000)
AC   0  F    TS     0 PTAMS 0x00000006e6000000 NTAMS 0x00000006e6000000 space 32768K,   0% used [0x00000006e6000000, 0x00000006e8000000)
AC   0  F    TS     0 PTAMS 0x00000006e8000000 NTAMS 0x00000006e8000000 space 32768K,   0% used [0x00000006e8000000, 0x00000006ea000000)
AC   0  F    TS     0 PTAMS 0x00000006ea000000 NTAMS 0x00000006ea000000 space 32768K,   0% used [0x00000006ea000000, 0x00000006ec000000)
AC   0  F    TS     0 PTAMS 0x00000006ec000000 NTAMS 0x00000006ec000000 space 32768K,   0% used [0x00000006ec000000, 0x00000006ee000000)
AC   0  F    TS     0 PTAMS 0x00000006ee000000 NTAMS 0x00000006ee000000 space 32768K,   0% used [0x00000006ee000000, 0x00000006f0000000)
AC   0  F    TS     0 PTAMS 0x00000006f0000000 NTAMS 0x00000006f0000000 space 32768K,   0% used [0x00000006f0000000, 0x00000006f2000000)
AC   0  F    TS     0 PTAMS 0x00000006f2000000 NTAMS 0x00000006f2000000 space 32768K,   0% used [0x00000006f2000000, 0x00000006f4000000)
AC   0  F    TS     0 PTAMS 0x00000006f4000000 NTAMS 0x00000006f4000000 space 32768K,   0% used [0x00000006f4000000, 0x00000006f6000000)
AC   0  F    TS     0 PTAMS 0x00000006f6000000 NTAMS 0x00000006f6000000 space 32768K,   0% used [0x00000006f6000000, 0x00000006f8000000)
AC   0  F    TS     0 PTAMS 0x00000006f8000000 NTAMS 0x00000006f8000000 space 32768K,   0% used [0x00000006f8000000, 0x00000006fa000000)
AC   0  F    TS     0 PTAMS 0x00000006fa000000 NTAMS 0x00000006fa000000 space 32768K,   0% used [0x00000006fa000000, 0x00000006fc000000)
AC   0  F    TS     0 PTAMS 0x00000006fc000000 NTAMS 0x00000006fc000000 space 32768K,   0% used [0x00000006fc000000, 0x00000006fe000000)
AC   0  F    TS     0 PTAMS 0x00000006fe000000 NTAMS 0x00000006fe000000 space 32768K,   0% used [0x00000006fe000000, 0x0000000700000000)
AC   0  F    TS     0 PTAMS 0x0000000700000000 NTAMS 0x0000000700000000 space 32768K,   0% used [0x0000000700000000, 0x0000000702000000)
AC   0  F    TS     0 PTAMS 0x0000000702000000 NTAMS 0x0000000702000000 space 32768K,   0% used [0x0000000702000000, 0x0000000704000000)
AC   0  F    TS     0 PTAMS 0x0000000704000000 NTAMS 0x0000000704000000 space 32768K,   0% used [0x0000000704000000, 0x0000000706000000)
AC   0  F    TS     0 PTAMS 0x0000000706000000 NTAMS 0x0000000706000000 space 32768K,   0% used [0x0000000706000000, 0x0000000708000000)
AC   0  F    TS     0 PTAMS 0x0000000708000000 NTAMS 0x0000000708000000 space 32768K,   0% used [0x0000000708000000, 0x000000070a000000)
AC   0  F    TS     0 PTAMS 0x000000070a000000 NTAMS 0x000000070a000000 space 32768K,   0% used [0x000000070a000000, 0x000000070c000000)
AC   0  F    TS     0 PTAMS 0x000000070c000000 NTAMS 0x000000070c000000 space 32768K,   0% used [0x000000070c000000, 0x000000070e000000)
AC   0  F    TS     0 PTAMS 0x000000070e000000 NTAMS 0x000000070e000000 space 32768K,   0% used [0x000000070e000000, 0x0000000710000000)
AC   0  F    TS     0 PTAMS 0x0000000710000000 NTAMS 0x0000000710000000 space 32768K,   0% used [0x0000000710000000, 0x0000000712000000)
AC   0  F    TS     0 PTAMS 0x0000000712000000 NTAMS 0x0000000712000000 space 32768K,   0% used [0x0000000712000000, 0x0000000714000000)
AC   0  F    TS     0 PTAMS 0x0000000714000000 NTAMS 0x0000000714000000 space 32768K,   0% used [0x0000000714000000, 0x0000000716000000)
AC   0  F    TS     0 PTAMS 0x0000000716000000 NTAMS 0x0000000716000000 space 32768K,   0% used [0x0000000716000000, 0x0000000718000000)
AC   0  F    TS     0 PTAMS 0x0000000718000000 NTAMS 0x0000000718000000 space 32768K,   0% used [0x0000000718000000, 0x000000071a000000)
AC   0  F    TS     0 PTAMS 0x000000071a000000 NTAMS 0x000000071a000000 space 32768K,   0% used [0x000000071a000000, 0x000000071c000000)
AC   0  F    TS     0 PTAMS 0x000000071c000000 NTAMS 0x000000071c000000 space 32768K,   0% used [0x000000071c000000, 0x000000071e000000)
AC   0  F    TS     0 PTAMS 0x000000071e000000 NTAMS 0x000000071e000000 space 32768K,   0% used [0x000000071e000000, 0x0000000720000000)
AC   0  F    TS     0 PTAMS 0x0000000720000000 NTAMS 0x0000000720000000 space 32768K,   0% used [0x0000000720000000, 0x0000000722000000)
AC   0  F    TS     0 PTAMS 0x0000000722000000 NTAMS 0x0000000722000000 space 32768K,   0% used [0x0000000722000000, 0x0000000724000000)
AC   0  F    TS     0 PTAMS 0x0000000724000000 NTAMS 0x0000000724000000 space 32768K,   0% used [0x0000000724000000, 0x0000000726000000)
AC   0  F    TS     0 PTAMS 0x0000000726000000 NTAMS 0x0000000726000000 space 32768K,   0% used [0x0000000726000000, 0x0000000728000000)
AC   0  F    TS     0 PTAMS 0x0000000728000000 NTAMS 0x0000000728000000 space 32768K,   0% used [0x0000000728000000, 0x000000072a000000)
AC   0  F    TS     0 PTAMS 0x000000072a000000 NTAMS 0x000000072a000000 space 32768K,   0% used [0x000000072a000000, 0x000000072c000000)
AC   0  F    TS     0 PTAMS 0x000000072c000000 NTAMS 0x000000072c000000 space 32768K,   0% used [0x000000072c000000, 0x000000072e000000)
AC   0  F    TS     0 PTAMS 0x000000072e000000 NTAMS 0x000000072e000000 space 32768K,   0% used [0x000000072e000000, 0x0000000730000000)
AC   0  F    TS     0 PTAMS 0x0000000730000000 NTAMS 0x0000000730000000 space 32768K,   0% used [0x0000000730000000, 0x0000000732000000)
AC   0  F    TS     0 PTAMS 0x0000000732000000 NTAMS 0x0000000732000000 space 32768K,   0% used [0x0000000732000000, 0x0000000734000000)
AC   0  F    TS     0 PTAMS 0x0000000734000000 NTAMS 0x0000000734000000 space 32768K,   0% used [0x0000000734000000, 0x0000000736000000)
AC   0  F    TS     0 PTAMS 0x0000000736000000 NTAMS 0x0000000736000000 space 32768K,   0% used [0x0000000736000000, 0x0000000738000000)
AC   0  F    TS     0 PTAMS 0x0000000738000000 NTAMS 0x0000000738000000 space 32768K,   0% used [0x0000000738000000, 0x000000073a000000)
AC   0  F    TS     0 PTAMS 0x000000073a000000 NTAMS 0x000000073a000000 space 32768K,   0% used [0x000000073a000000, 0x000000073c000000)
AC   0  F    TS     0 PTAMS 0x000000073c000000 NTAMS 0x000000073c000000 space 32768K,   0% used [0x000000073c000000, 0x000000073e000000)
AC   0  F    TS     0 PTAMS 0x000000073e000000 NTAMS 0x000000073e000000 space 32768K,   0% used [0x000000073e000000, 0x0000000740000000)
AC   0  F    TS     0 PTAMS 0x0000000740000000 NTAMS 0x0000000740000000 space 32768K,   0% used [0x0000000740000000, 0x0000000742000000)
AC   0  F    TS     0 PTAMS 0x0000000742000000 NTAMS 0x0000000742000000 space 32768K,   0% used [0x0000000742000000, 0x0000000744000000)
AC   0  F    TS     0 PTAMS 0x0000000744000000 NTAMS 0x0000000744000000 space 32768K,   0% used [0x0000000744000000, 0x0000000746000000)
AC   0  F    TS     0 PTAMS 0x0000000746000000 NTAMS 0x0000000746000000 space 32768K,   0% used [0x0000000746000000, 0x0000000748000000)
AC   0  F    TS     0 PTAMS 0x0000000748000000 NTAMS 0x0000000748000000 space 32768K,   0% used [0x0000000748000000, 0x000000074a000000)
AC   0  F    TS     0 PTAMS 0x000000074a000000 NTAMS 0x000000074a000000 space 32768K,   0% used [0x000000074a000000, 0x000000074c000000)
AC   0  F    TS     0 PTAMS 0x000000074c000000 NTAMS 0x000000074c000000 space 32768K,   0% used [0x000000074c000000, 0x000000074e000000)
AC   0  F    TS     0 PTAMS 0x000000074e000000 NTAMS 0x000000074e000000 space 32768K,   0% used [0x000000074e000000, 0x0000000750000000)
AC   0  F    TS     0 PTAMS 0x0000000750000000 NTAMS 0x0000000750000000 space 32768K,   0% used [0x0000000750000000, 0x0000000752000000)
AC   0  F    TS     0 PTAMS 0x0000000752000000 NTAMS 0x0000000752000000 space 32768K,   0% used [0x0000000752000000, 0x0000000754000000)
AC   0  F    TS     0 PTAMS 0x0000000754000000 NTAMS 0x0000000754000000 space 32768K,   0% used [0x0000000754000000, 0x0000000756000000)
AC   0  F    TS     0 PTAMS 0x0000000756000000 NTAMS 0x0000000756000000 space 32768K,   0% used [0x0000000756000000, 0x0000000758000000)
AC   0  F    TS     0 PTAMS 0x0000000758000000 NTAMS 0x0000000758000000 space 32768K,   0% used [0x0000000758000000, 0x000000075a000000)
AC   0  F    TS     0 PTAMS 0x000000075a000000 NTAMS 0x000000075a000000 space 32768K,   0% used [0x000000075a000000, 0x000000075c000000)
AC   0  F    TS     0 PTAMS 0x000000075c000000 NTAMS 0x000000075c000000 space 32768K,   0% used [0x000000075c000000, 0x000000075e000000)
AC   0  F    TS     0 PTAMS 0x000000075e000000 NTAMS 0x000000075e000000 space 32768K,   0% used [0x000000075e000000, 0x0000000760000000)
AC   0  F    TS     0 PTAMS 0x0000000760000000 NTAMS 0x0000000760000000 space 32768K,   0% used [0x0000000760000000, 0x0000000762000000)
AC   0  F    TS     0 PTAMS 0x0000000762000000 NTAMS 0x0000000762000000 space 32768K,   0% used [0x0000000762000000, 0x0000000764000000)
AC   0  F    TS     0 PTAMS 0x0000000764000000 NTAMS 0x0000000764000000 space 32768K,   0% used [0x0000000764000000, 0x0000000766000000)
AC   0  F    TS     0 PTAMS 0x0000000766000000 NTAMS 0x0000000766000000 space 32768K,   0% used [0x0000000766000000, 0x0000000768000000)
AC   0  F    TS     0 PTAMS 0x0000000768000000 NTAMS 0x0000000768000000 space 32768K,   0% used [0x0000000768000000, 0x000000076a000000)
AC   0  F    TS     0 PTAMS 0x000000076a000000 NTAMS 0x000000076a000000 space 32768K,   0% used [0x000000076a000000, 0x000000076c000000)
AC   0  F    TS     0 PTAMS 0x000000076c000000 NTAMS 0x000000076c000000 space 32768K,   0% used [0x000000076c000000, 0x000000076e000000)
AC   0  F    TS     0 PTAMS 0x000000076e000000 NTAMS 0x000000076e000000 space 32768K,   0% used [0x000000076e000000, 0x0000000770000000)
AC   0  F    TS     0 PTAMS 0x0000000770000000 NTAMS 0x0000000770000000 space 32768K,   0% used [0x0000000770000000, 0x0000000772000000)
AC   0  F    TS     0 PTAMS 0x0000000772000000 NTAMS 0x0000000772000000 space 32768K,   0% used [0x0000000772000000, 0x0000000774000000)
AC   0  F    TS     3 PTAMS 0x0000000774000000 NTAMS 0x0000000774000000 space 32768K,   0% used [0x0000000774000000, 0x0000000776000000)
AC   0  F    TS     3 PTAMS 0x0000000776000000 NTAMS 0x0000000776000000 space 32768K,   0% used [0x0000000776000000, 0x0000000778000000)
AC   0  F    TS     3 PTAMS 0x0000000778000000 NTAMS 0x0000000778000000 space 32768K,   0% used [0x0000000778000000, 0x000000077a000000)
AC   0  F    TS     3 PTAMS 0x000000077a000000 NTAMS 0x000000077a000000 space 32768K,   0% used [0x000000077a000000, 0x000000077c000000)
AC   0  S CS TS     5 PTAMS 0x000000077c000000 NTAMS 0x000000077c000000 space 32768K,  49% used [0x000000077c000000, 0x000000077e000000)
AC   0  S CS TS     5 PTAMS 0x000000077e000000 NTAMS 0x000000077e000000 space 32768K, 100% used [0x000000077e000000, 0x0000000780000000)
AC   0  S CS TS     5 PTAMS 0x0000000780000000 NTAMS 0x0000000780000000 space 32768K, 100% used [0x0000000780000000, 0x0000000782000000)
AC   0  S CS TS     5 PTAMS 0x0000000782000000 NTAMS 0x0000000782000000 space 32768K, 100% used [0x0000000782000000, 0x0000000784000000)
AC   0  F    TS     0 PTAMS 0x0000000784000000 NTAMS 0x0000000784000000 space 32768K,   0% used [0x0000000784000000, 0x0000000786000000)
AC   0  F    TS     0 PTAMS 0x0000000786000000 NTAMS 0x0000000786000000 space 32768K,   0% used [0x0000000786000000, 0x0000000788000000)
AC   0  F    TS     0 PTAMS 0x0000000788000000 NTAMS 0x0000000788000000 space 32768K,   0% used [0x0000000788000000, 0x000000078a000000)
AC   0  F    TS     0 PTAMS 0x000000078a000000 NTAMS 0x000000078a000000 space 32768K,   0% used [0x000000078a000000, 0x000000078c000000)
AC   0  F    TS     0 PTAMS 0x000000078c000000 NTAMS 0x000000078c000000 space 32768K,   0% used [0x000000078c000000, 0x000000078e000000)
AC   0  E    TS     0 PTAMS 0x000000078e000000 NTAMS 0x000000078e000000 space 32768K,  50% used [0x000000078e000000, 0x0000000790000000)
AC   0  E CS TS     0 PTAMS 0x0000000790000000 NTAMS 0x0000000790000000 space 32768K, 100% used [0x0000000790000000, 0x0000000792000000)
AC   0  E CS TS     0 PTAMS 0x0000000792000000 NTAMS 0x0000000792000000 space 32768K, 100% used [0x0000000792000000, 0x0000000794000000)
AC   0  E CS TS     0 PTAMS 0x0000000794000000 NTAMS 0x0000000794000000 space 32768K, 100% used [0x0000000794000000, 0x0000000796000000)
AC   0  E CS TS     0 PTAMS 0x0000000796000000 NTAMS 0x0000000796000000 space 32768K, 100% used [0x0000000796000000, 0x0000000798000000)
AC   0  E CS TS     0 PTAMS 0x0000000798000000 NTAMS 0x0000000798000000 space 32768K, 100% used [0x0000000798000000, 0x000000079a000000)
AC   0  E CS TS     0 PTAMS 0x000000079a000000 NTAMS 0x000000079a000000 space 32768K, 100% used [0x000000079a000000, 0x000000079c000000)
AC   0  E CS TS     0 PTAMS 0x000000079c000000 NTAMS 0x000000079c000000 space 32768K, 100% used [0x000000079c000000, 0x000000079e000000)
AC   0  E CS TS     0 PTAMS 0x000000079e000000 NTAMS 0x000000079e000000 space 32768K, 100% used [0x000000079e000000, 0x00000007a0000000)
AC   0  E CS TS     0 PTAMS 0x00000007a0000000 NTAMS 0x00000007a0000000 space 32768K, 100% used [0x00000007a0000000, 0x00000007a2000000)
AC   0  E CS TS     0 PTAMS 0x00000007a2000000 NTAMS 0x00000007a2000000 space 32768K, 100% used [0x00000007a2000000, 0x00000007a4000000)
AC   0  E CS TS     0 PTAMS 0x00000007a4000000 NTAMS 0x00000007a4000000 space 32768K, 100% used [0x00000007a4000000, 0x00000007a6000000)
AC   0  E CS TS     0 PTAMS 0x00000007a6000000 NTAMS 0x00000007a6000000 space 32768K, 100% used [0x00000007a6000000, 0x00000007a8000000)
AC   0  E CS TS     0 PTAMS 0x00000007a8000000 NTAMS 0x00000007a8000000 space 32768K, 100% used [0x00000007a8000000, 0x00000007aa000000)
AC   0  E CS TS     0 PTAMS 0x00000007aa000000 NTAMS 0x00000007aa000000 space 32768K, 100% used [0x00000007aa000000, 0x00000007ac000000)
AC   0  E CS TS     0 PTAMS 0x00000007ac000000 NTAMS 0x00000007ac000000 space 32768K, 100% used [0x00000007ac000000, 0x00000007ae000000)
AC   0  E CS TS     0 PTAMS 0x00000007ae000000 NTAMS 0x00000007ae000000 space 32768K, 100% used [0x00000007ae000000, 0x00000007b0000000)
AC   0  E CS TS     0 PTAMS 0x00000007b0000000 NTAMS 0x00000007b0000000 space 32768K, 100% used [0x00000007b0000000, 0x00000007b2000000)
AC   0  E CS TS     0 PTAMS 0x00000007b2000000 NTAMS 0x00000007b2000000 space 32768K, 100% used [0x00000007b2000000, 0x00000007b4000000)
AC   0  E CS TS     0 PTAMS 0x00000007b4000000 NTAMS 0x00000007b4000000 space 32768K, 100% used [0x00000007b4000000, 0x00000007b6000000)
AC   0  E CS TS     0 PTAMS 0x00000007b6000000 NTAMS 0x00000007b6000000 space 32768K, 100% used [0x00000007b6000000, 0x00000007b8000000)
AC   0  E CS TS     0 PTAMS 0x00000007b8000000 NTAMS 0x00000007b8000000 space 32768K, 100% used [0x00000007b8000000, 0x00000007ba000000)

Card table byte_map: [0x000001ac9a230000,0x000001ac9ac20000] byte_map_base: 0x000001ac96e20000

Marking Bits (Prev, Next): (CMBitMap*) 0x000001ac879b5700, (CMBitMap*) 0x000001ac879b56a8
 Prev Bits: [0x000001aca0590000, 0x000001aca5510000)
 Next Bits: [0x000001ac9b610000, 0x000001aca0590000)

Polling page: 0x000001ac87a30000

CodeCache: size=245760Kb used=39513Kb max_used=39525Kb free=206246Kb
 bounds [0x000001ac89650000, 0x000001ac8bd40000, 0x000001ac98650000]
 total_blobs=11574 nmethods=10175 adapters=1309
 compilation: enabled

Compilation events (10 events):
Event: 144.028 Thread 0x000001aca8c1d800 14987       4       com.google.common.base.Joiner::appendTo (73 bytes)
Event: 144.028 Thread 0x000001aca8c7b800 nmethod 14983 0x000001ac8b96ca10 code [0x000001ac8b96cba0, 0x000001ac8b96cfb0]
Event: 144.028 Thread 0x000001aca8c7b800 14984       3       net.minecraftforge.fml.common.FMLModContainer::getSharedModDescriptor (112 bytes)
Event: 144.031 Thread 0x000001aca8c7b800 nmethod 14984 0x000001ac8a2b2850 code [0x000001ac8a2b2c40, 0x000001ac8a2b4fb0]
Event: 144.031 Thread 0x000001aca8c7b800 14985       3       net.minecraftforge.fml.common.FMLModContainer::getDisplayVersion (8 bytes)
Event: 144.031 Thread 0x000001aca8c7b800 nmethod 14985 0x000001ac8badba50 code [0x000001ac8badbba0, 0x000001ac8badbd18]
Event: 144.038 Thread 0x000001aca8c1d800 nmethod 14987 0x000001ac8b635950 code [0x000001ac8b635bc0, 0x000001ac8b6365b8]
Event: 144.039 Thread 0x000001aca8c7b800 14988       1       net.minecraft.client.Minecraft::func_110442_L (5 bytes)
Event: 144.039 Thread 0x000001aca8c7b800 nmethod 14988 0x000001ac8b96ab90 code [0x000001ac8b96ace0, 0x000001ac8b96adf8]
Event: 144.044 Thread 0x000001aca8c7a000 nmethod 14986 0x000001ac8b7d8310 code [0x000001ac8b7d85c0, 0x000001ac8b7d9518]

GC Heap History (10 events):
Event: 129.761 GC heap before
{Heap before GC invocations=45 (full 0):
 garbage-first heap   total 5111808K, used 1263336K [0x0000000682000000, 0x00000006840004e0, 0x00000007c0000000)
  region size 32768K, 12 young (393216K), 3 survivors (98304K)
 Metaspace       used 178314K, capacity 181843K, committed 182320K, reserved 1198080K
  class space    used 32204K, capacity 33408K, committed 33484K, reserved 1048576K
Event: 129.793 GC heap after
Heap after GC invocations=46 (full 0):
 garbage-first heap   total 5111808K, used 1001192K [0x0000000682000000, 0x00000006840004e0, 0x00000007c0000000)
  region size 32768K, 3 young (98304K), 3 survivors (98304K)
 Metaspace       used 178314K, capacity 181843K, committed 182320K, reserved 1198080K
  class space    used 32204K, capacity 33408K, committed 33484K, reserved 1048576K
}
Event: 132.904 GC heap before
{Heap before GC invocations=47 (full 0):
 garbage-first heap   total 5111808K, used 1918696K [0x0000000682000000, 0x00000006840004e0, 0x00000007c0000000)
  region size 32768K, 31 young (1015808K), 3 survivors (98304K)
 Metaspace       used 182243K, capacity 186043K, committed 186568K, reserved 1202176K
  class space    used 33046K, capacity 34355K, committed 34404K, reserved 1048576K
Event: 132.951 GC heap after
Heap after GC invocations=48 (full 0):
 garbage-first heap   total 5111808K, used 1033960K [0x0000000682000000, 0x00000006840004e0, 0x00000007c0000000)
  region size 32768K, 4 young (131072K), 4 survivors (131072K)
 Metaspace       used 182243K, capacity 186043K, committed 186568K, reserved 1202176K
  class space    used 33046K, capacity 34355K, committed 34404K, reserved 1048576K
}
Event: 135.977 GC heap before
{Heap before GC invocations=49 (full 0):
 garbage-first heap   total 5111808K, used 1918696K [0x0000000682000000, 0x00000006840004e0, 0x00000007c0000000)
  region size 32768K, 31 young (1015808K), 4 survivors (131072K)
 Metaspace       used 185041K, capacity 189059K, committed 189512K, reserved 1204224K
  class space    used 33644K, capacity 34991K, committed 35044K, reserved 1048576K
Event: 136.036 GC heap after
Heap after GC invocations=50 (full 0):
 garbage-first heap   total 5111808K, used 1028767K [0x0000000682000000, 0x00000006840004e0, 0x00000007c0000000)
  region size 32768K, 3 young (98304K), 3 survivors (98304K)
 Metaspace       used 185041K, capacity 189059K, committed 189512K, reserved 1204224K
  class space    used 33644K, capacity 34991K, committed 35044K, reserved 1048576K
}
Event: 138.924 GC heap before
{Heap before GC invocations=50 (full 0):
 garbage-first heap   total 5111808K, used 1946271K [0x0000000682000000, 0x00000006840004e0, 0x00000007c0000000)
  region size 32768K, 31 young (1015808K), 3 survivors (98304K)
 Metaspace       used 188736K, capacity 192897K, committed 193096K, reserved 1206272K
  class space    used 34318K, capacity 35762K, committed 35812K, reserved 1048576K
Event: 138.973 GC heap after
Heap after GC invocations=51 (full 0):
 garbage-first heap   total 5111808K, used 1051513K [0x0000000682000000, 0x00000006840004e0, 0x00000007c0000000)
  region size 32768K, 4 young (131072K), 4 survivors (131072K)
 Metaspace       used 188736K, capacity 192897K, committed 193096K, reserved 1206272K
  class space    used 34318K, capacity 35762K, committed 35812K, reserved 1048576K
}
Event: 141.656 GC heap before
{Heap before GC invocations=51 (full 0):
 garbage-first heap   total 5111808K, used 1936249K [0x0000000682000000, 0x00000006840004e0, 0x00000007c0000000)
  region size 32768K, 31 young (1015808K), 4 survivors (131072K)
 Metaspace       used 193239K, capacity 197509K, committed 197832K, reserved 1210368K
  class space    used 35155K, capacity 36654K, committed 36708K, reserved 1048576K
Event: 141.704 GC heap after
Heap after GC invocations=52 (full 0):
 garbage-first heap   total 5111808K, used 1057836K [0x0000000682000000, 0x00000006840004e0, 0x00000007c0000000)
  region size 32768K, 4 young (131072K), 4 survivors (131072K)
 Metaspace       used 193239K, capacity 197509K, committed 197832K, reserved 1210368K
  class space    used 35155K, capacity 36654K, committed 36708K, reserved 1048576K
}

Deoptimization events (10 events):
Event: 142.811 Thread 0x000001ac87960800 Uncommon trap: reason=speculate_class_check action=maybe_recompile pc=0x000001ac8b7c0300 method=com.google.common.reflect.TypeResolver$TypeTable.resolve(Ljava/lang/reflect/TypeVariable;)Ljava/lang/reflect/Type; @ 16
Event: 142.816 Thread 0x000001ac87960800 Uncommon trap: reason=class_check action=maybe_recompile pc=0x000001ac8b7c0534 method=com.google.common.reflect.TypeResolver$TypeTable.resolveInternal(Ljava/lang/reflect/TypeVariable;Lcom/google/common/reflect/TypeResolver$TypeTable;)Ljava/lang/reflect/Ty
Event: 142.831 Thread 0x000001ac87960800 Uncommon trap: reason=class_check action=maybe_recompile pc=0x000001ac8aef7634 method=net.minecraftforge.fml.common.eventhandler.EventBus$1.invoke(Lnet/minecraftforge/fml/common/eventhandler/Event;)V @ 18
Event: 142.831 Thread 0x000001ac87960800 Uncommon trap: reason=class_check action=maybe_recompile pc=0x000001ac8aef7634 method=net.minecraftforge.fml.common.eventhandler.EventBus$1.invoke(Lnet/minecraftforge/fml/common/eventhandler/Event;)V @ 18
Event: 143.684 Thread 0x000001ac87960800 Uncommon trap: reason=class_check action=maybe_recompile pc=0x000001ac8b88075c method=org.objectweb.asm.tree.InvokeDynamicInsnNode.accept(Lorg/objectweb/asm/MethodVisitor;)V @ 17
Event: 143.684 Thread 0x000001ac87960800 Uncommon trap: reason=class_check action=maybe_recompile pc=0x000001ac8b88075c method=org.objectweb.asm.tree.InvokeDynamicInsnNode.accept(Lorg/objectweb/asm/MethodVisitor;)V @ 17
Event: 143.684 Thread 0x000001ac87960800 Uncommon trap: reason=class_check action=maybe_recompile pc=0x000001ac8b88075c method=org.objectweb.asm.tree.InvokeDynamicInsnNode.accept(Lorg/objectweb/asm/MethodVisitor;)V @ 17
Event: 143.684 Thread 0x000001ac87960800 Uncommon trap: reason=class_check action=maybe_recompile pc=0x000001ac8b88075c method=org.objectweb.asm.tree.InvokeDynamicInsnNode.accept(Lorg/objectweb/asm/MethodVisitor;)V @ 17
Event: 144.040 Thread 0x000001ac87960800 Uncommon trap: reason=predicate action=maybe_recompile pc=0x000001ac8a66e55c method=java.util.Properties.load0(Ljava/util/Properties$LineReader;)V @ 15
Event: 144.129 Thread 0x000001ac87960800 Uncommon trap: reason=unstable_if action=reinterpret pc=0x000001ac8b520918 method=net.minecraftforge.fml.common.LoadController.activeContainer()Lnet/minecraftforge/fml/common/ModContainer; @ 4

Classes redefined (0 events):
No events

Internal exceptions (10 events):
Event: 137.516 Thread 0x000001ac87960800 Exception <a 'java/lang/NoSuchMethodError': java.lang.Object.lambda$or$2(Ljava/util/function/BiPredicate;Ljava/lang/Object;Ljava/lang/Object;)Z> (0x00000007a0d350a0) thrown at [C:\jenkins\workspace\8-2-build-windows-amd64-cygwin\jdk8u261\295\hotspot\src\s
Event: 142.834 Thread 0x000001ac87960800 Exception <a 'java/lang/IncompatibleClassChangeError': Found class java.lang.Object, but interface was expected> (0x00000007a7227398) thrown at [C:\jenkins\workspace\8-2-build-windows-amd64-cygwin\jdk8u261\295\hotspot\src\share\vm\interpreter\linkResolver
Event: 143.377 Thread 0x000001acc66ac800 Exception <a 'java/security/PrivilegedActionException'> (0x000000079b10d0b8) thrown at [C:\jenkins\workspace\8-2-build-windows-amd64-cygwin\jdk8u261\295\hotspot\src\share\vm\prims\jvm.cpp, line 1512]
Event: 143.795 Thread 0x000001ac87960800 Exception <a 'java/lang/NoSuchMethodError': java.lang.Object.lambda$getResourceLocations$0(Ljava/util/List;Lcom/teamacronymcoders/base/IBaseMod;Ljava/lang/String;)V> (0x0000000795be6800) thrown at [C:\jenkins\workspace\8-2-build-windows-amd64-cygwin\jdk8u
Event: 144.131 Thread 0x000001ac87960800 Exception <a 'java/security/PrivilegedActionException'> (0x000000078e352f90) thrown at [C:\jenkins\workspace\8-2-build-windows-amd64-cygwin\jdk8u261\295\hotspot\src\share\vm\prims\jvm.cpp, line 1512]
Event: 144.131 Thread 0x000001ac87960800 Exception <a 'java/security/PrivilegedActionException'> (0x000000078e354478) thrown at [C:\jenkins\workspace\8-2-build-windows-amd64-cygwin\jdk8u261\295\hotspot\src\share\vm\prims\jvm.cpp, line 1512]
Event: 144.131 Thread 0x000001ac87960800 Exception <a 'java/security/PrivilegedActionException'> (0x000000078e355f20) thrown at [C:\jenkins\workspace\8-2-build-windows-amd64-cygwin\jdk8u261\295\hotspot\src\share\vm\prims\jvm.cpp, line 1512]
Event: 144.131 Thread 0x000001ac87960800 Exception <a 'java/security/PrivilegedActionException'> (0x000000078e357718) thrown at [C:\jenkins\workspace\8-2-build-windows-amd64-cygwin\jdk8u261\295\hotspot\src\share\vm\prims\jvm.cpp, line 1512]
Event: 144.131 Thread 0x000001ac87960800 Exception <a 'java/security/PrivilegedActionException'> (0x000000078e358b88) thrown at [C:\jenkins\workspace\8-2-build-windows-amd64-cygwin\jdk8u261\295\hotspot\src\share\vm\prims\jvm.cpp, line 1512]
Event: 144.131 Thread 0x000001ac87960800 Exception <a 'java/security/PrivilegedActionException'> (0x000000078e35a170) thrown at [C:\jenkins\workspace\8-2-build-windows-amd64-cygwin\jdk8u261\295\hotspot\src\share\vm\prims\jvm.cpp, line 1512]

Events (10 events):
Event: 144.137 loading class org/lwjgl/openal/ALC10
Event: 144.137 loading class org/lwjgl/openal/ALC10 done
Event: 144.152 loading class org/lwjgl/openal/ALCdevice
Event: 144.152 loading class org/lwjgl/openal/ALCdevice done
Event: 144.153 loading class org/lwjgl/openal/ALCcontext
Event: 144.153 loading class org/lwjgl/openal/ALCcontext done
Event: 144.153 loading class org/lwjgl/openal/Util
Event: 144.153 loading class org/lwjgl/openal/Util done
Event: 144.153 loading class org/lwjgl/openal/OpenALException
Event: 144.153 loading class org/lwjgl/openal/OpenALException done


Dynamic libraries:
0x00007ff767c80000 - 0x00007ff767cc7000 	C:\Program Files\Java\jre1.8.0_261\bin\javaw.exe
0x00007ff8f8e70000 - 0x00007ff8f9068000 	C:\WINDOWS\SYSTEM32\ntdll.dll
0x00007ff8f74a0000 - 0x00007ff8f755f000 	C:\WINDOWS\System32\KERNEL32.DLL
0x00007ff8f66a0000 - 0x00007ff8f6996000 	C:\WINDOWS\System32\KERNELBASE.dll
0x00007ff8f7840000 - 0x00007ff8f78ef000 	C:\WINDOWS\System32\ADVAPI32.dll
0x00007ff8f70e0000 - 0x00007ff8f717e000 	C:\WINDOWS\System32\msvcrt.dll
0x00007ff8f8d70000 - 0x00007ff8f8e0c000 	C:\WINDOWS\System32\sechost.dll
0x00007ff8f7240000 - 0x00007ff8f7366000 	C:\WINDOWS\System32\RPCRT4.dll
0x00007ff8f8930000 - 0x00007ff8f8acd000 	C:\WINDOWS\System32\USER32.dll
0x00007ff8f65c0000 - 0x00007ff8f65e2000 	C:\WINDOWS\System32\win32u.dll
0x00007ff8f7210000 - 0x00007ff8f723c000 	C:\WINDOWS\System32\GDI32.dll
0x00007ff8f69a0000 - 0x00007ff8f6ab5000 	C:\WINDOWS\System32\gdi32full.dll
0x00007ff8f6e30000 - 0x00007ff8f6ecd000 	C:\WINDOWS\System32\msvcp_win.dll
0x00007ff8f6ac0000 - 0x00007ff8f6bc0000 	C:\WINDOWS\System32\ucrtbase.dll
0x00007ff8e8d30000 - 0x00007ff8e8fca000 	C:\WINDOWS\WinSxS\amd64_microsoft.windows.common-controls_6595b64144ccf1df_6.0.19041.1110_none_60b5254171f9507e\COMCTL32.dll
0x00007ff8f7560000 - 0x00007ff8f7590000 	C:\WINDOWS\System32\IMM32.DLL
0x0000000180000000 - 0x0000000180007000 	C:\Program Files\Prio\prio.dll
0x00007ff8f1db0000 - 0x00007ff8f1dc5000 	C:\Program Files\Java\jre1.8.0_261\bin\vcruntime140.dll
0x00007ff8f1120000 - 0x00007ff8f11bb000 	C:\Program Files\Java\jre1.8.0_261\bin\msvcp140.dll
0x0000000067f70000 - 0x00000000687dc000 	C:\Program Files\Java\jre1.8.0_261\bin\server\jvm.dll
0x00007ff8f8d60000 - 0x00007ff8f8d68000 	C:\WINDOWS\System32\PSAPI.DLL
0x00007ff8f2aa0000 - 0x00007ff8f2aa9000 	C:\WINDOWS\SYSTEM32\WSOCK32.dll
0x00007ff8f77d0000 - 0x00007ff8f783b000 	C:\WINDOWS\System32\WS2_32.dll
0x00007ff8ec130000 - 0x00007ff8ec157000 	C:\WINDOWS\SYSTEM32\WINMM.dll
0x00007ff8ec160000 - 0x00007ff8ec16a000 	C:\WINDOWS\SYSTEM32\VERSION.dll
0x00007ff8f4de0000 - 0x00007ff8f4df2000 	C:\WINDOWS\SYSTEM32\kernel.appcore.dll
0x00007ff8f1570000 - 0x00007ff8f1580000 	C:\Program Files\Java\jre1.8.0_261\bin\verify.dll
0x00007ff8f10f0000 - 0x00007ff8f111b000 	C:\Program Files\Java\jre1.8.0_261\bin\java.dll
0x00007ff8f0fb0000 - 0x00007ff8f0fc8000 	C:\Program Files\Java\jre1.8.0_261\bin\zip.dll
0x00007ff8f7e80000 - 0x00007ff8f85c4000 	C:\WINDOWS\System32\SHELL32.dll
0x00007ff8f4280000 - 0x00007ff8f4a13000 	C:\WINDOWS\SYSTEM32\windows.storage.dll
0x00007ff8f85d0000 - 0x00007ff8f8924000 	C:\WINDOWS\System32\combase.dll
0x00007ff8f5fa0000 - 0x00007ff8f5fce000 	C:\WINDOWS\SYSTEM32\Wldp.dll
0x00007ff8f78f0000 - 0x00007ff8f799d000 	C:\WINDOWS\System32\SHCORE.dll
0x00007ff8f7080000 - 0x00007ff8f70d5000 	C:\WINDOWS\System32\shlwapi.dll
0x00007ff8f6490000 - 0x00007ff8f64af000 	C:\WINDOWS\SYSTEM32\profapi.dll
0x00007ff8efe90000 - 0x00007ff8efeac000 	C:\Program Files\Java\jre1.8.0_261\bin\net.dll
0x00007ff8f5d00000 - 0x00007ff8f5d6a000 	C:\WINDOWS\system32\mswsock.dll
0x00007ff8f13c0000 - 0x00007ff8f13d7000 	C:\WINDOWS\system32\napinsp.dll
0x00007ff8e91c0000 - 0x00007ff8e91db000 	C:\WINDOWS\system32\pnrpnsp.dll
0x00007ff8d9760000 - 0x00007ff8d9775000 	C:\WINDOWS\system32\wshbth.dll
0x00007ff8efdc0000 - 0x00007ff8efddd000 	C:\WINDOWS\system32\NLAapi.dll
0x00007ff8f59a0000 - 0x00007ff8f59dc000 	C:\WINDOWS\SYSTEM32\IPHLPAPI.DLL
0x00007ff8f59f0000 - 0x00007ff8f5aba000 	C:\WINDOWS\SYSTEM32\DNSAPI.dll
0x00007ff8f7e10000 - 0x00007ff8f7e18000 	C:\WINDOWS\System32\NSI.dll
0x00007ff8e91a0000 - 0x00007ff8e91b2000 	C:\WINDOWS\System32\winrnr.dll
0x00007ff8e97a0000 - 0x00007ff8e97aa000 	C:\Windows\System32\rasadhlp.dll
0x00007ff8e9310000 - 0x00007ff8e9392000 	C:\WINDOWS\System32\fwpuclnt.dll
0x00007ff8f6c50000 - 0x00007ff8f6c77000 	C:\WINDOWS\System32\bcrypt.dll
0x00007ff8eee70000 - 0x00007ff8eee87000 	C:\WINDOWS\SYSTEM32\dhcpcsvc6.DLL
0x00007ff8eee50000 - 0x00007ff8eee6d000 	C:\WINDOWS\SYSTEM32\dhcpcsvc.DLL
0x00007ff8f10c0000 - 0x00007ff8f10cd000 	C:\Program Files\Java\jre1.8.0_261\bin\management.dll
0x00007ff8e9e60000 - 0x00007ff8e9e73000 	C:\Program Files\Java\jre1.8.0_261\bin\nio.dll
0x00007ff8f5ef0000 - 0x00007ff8f5f08000 	C:\WINDOWS\SYSTEM32\CRYPTSP.dll
0x00007ff8f55b0000 - 0x00007ff8f55e4000 	C:\WINDOWS\system32\rsaenh.dll
0x00007ff8f6450000 - 0x00007ff8f647e000 	C:\WINDOWS\SYSTEM32\USERENV.dll
0x00007ff8f6bc0000 - 0x00007ff8f6c42000 	C:\WINDOWS\System32\bcryptprimitives.dll
0x00007ff8f5f10000 - 0x00007ff8f5f1c000 	C:\WINDOWS\SYSTEM32\CRYPTBASE.dll
0x00007ff8e99e0000 - 0x00007ff8e99f8000 	C:\Program Files\Java\jre1.8.0_261\bin\unpack.dll
0x000001aca8af0000 - 0x000001aca8b43000 	C:\Program Files (x86)\MultiMC\instances\1.12.2-Survival-Modpack\natives\lwjgl64.dll
0x00007ff8c95e0000 - 0x00007ff8c9705000 	C:\WINDOWS\SYSTEM32\OPENGL32.dll
0x00007ff8cd880000 - 0x00007ff8cd8ac000 	C:\WINDOWS\SYSTEM32\GLU32.dll
0x00007ff8eef50000 - 0x00007ff8eeffe000 	C:\WINDOWS\SYSTEM32\mscms.dll
0x00007ff8efd90000 - 0x00007ff8efda1000 	C:\WINDOWS\SYSTEM32\ColorAdapterClient.dll
0x00007ff8f8b50000 - 0x00007ff8f8c1d000 	C:\WINDOWS\System32\OLEAUT32.dll
0x00007ff8f76c0000 - 0x00007ff8f7769000 	C:\WINDOWS\System32\clbcatq.dll
0x00007ff8f6c80000 - 0x00007ff8f6cce000 	C:\WINDOWS\System32\cfgmgr32.dll
0x00007ff8d2a30000 - 0x00007ff8d2bc4000 	C:\Program Files\Java\jre1.8.0_261\bin\awt.dll
0x00007ff8f3920000 - 0x00007ff8f39b1000 	C:\WINDOWS\SYSTEM32\apphelp.dll
0x00007ff8f3a60000 - 0x00007ff8f3afe000 	C:\WINDOWS\system32\uxtheme.dll
0x00007ff8f7370000 - 0x00007ff8f7484000 	C:\WINDOWS\System32\MSCTF.dll
0x00007ff8e84c0000 - 0x00007ff8e85b9000 	C:\WINDOWS\SYSTEM32\textinputframework.dll
0x00007ff8f34e0000 - 0x00007ff8f35d2000 	C:\WINDOWS\System32\CoreMessaging.dll
0x00007ff8f3180000 - 0x00007ff8f34de000 	C:\WINDOWS\System32\CoreUIComponents.dll
0x00007ff8f56d0000 - 0x00007ff8f5703000 	C:\WINDOWS\SYSTEM32\ntmarta.dll
0x00007ff8f2ab0000 - 0x00007ff8f2c04000 	C:\WINDOWS\SYSTEM32\wintypes.dll
0x00007ff8dac90000 - 0x00007ff8dacbd000 	C:\WINDOWS\System32\DriverStore\FileRepository\u0390451.inf_amd64_39377efdd62734d1\B390182\atig6pxx.dll
0x00007ff893020000 - 0x00007ff896c55000 	C:\WINDOWS\System32\DriverStore\FileRepository\u0390451.inf_amd64_39377efdd62734d1\B390182\atio6axx.dll
0x00007ff8f79a0000 - 0x00007ff8f7e08000 	C:\WINDOWS\System32\SETUPAPI.dll
0x00007ff8f3cf0000 - 0x00007ff8f3d1f000 	C:\WINDOWS\SYSTEM32\dwmapi.dll
0x00007ff8f6300000 - 0x00007ff8f632c000 	C:\WINDOWS\SYSTEM32\DEVOBJ.dll
0x00007ff8f6550000 - 0x00007ff8f65b7000 	C:\WINDOWS\System32\WINTRUST.dll
0x00007ff8f6cd0000 - 0x00007ff8f6e2e000 	C:\WINDOWS\System32\CRYPT32.dll
0x00007ff8f6130000 - 0x00007ff8f6142000 	C:\WINDOWS\SYSTEM32\MSASN1.dll
0x00007ff8cf2d0000 - 0x00007ff8cf313000 	C:\WINDOWS\SYSTEM32\icm32.dll
0x00007ff8e8810000 - 0x00007ff8e8852000 	C:\Users\Jacob\AppData\Local\Temp\jna-71328959\jna2771971156895102285.dll
0x00007ff8e9800000 - 0x00007ff8e9824000 	C:\Program Files\Java\jre1.8.0_261\bin\sunec.dll
0x00007ff8f0fa0000 - 0x00007ff8f0fad000 	C:\Program Files\Java\jre1.8.0_261\bin\sunmscapi.dll
0x00007ff8f6010000 - 0x00007ff8f6038000 	C:\WINDOWS\SYSTEM32\ncrypt.dll
0x00007ff8f5fd0000 - 0x00007ff8f600b000 	C:\WINDOWS\SYSTEM32\NTASN1.dll
0x000001acbbc40000 - 0x000001acbbca4000 	C:\Program Files (x86)\MultiMC\instances\1.12.2-Survival-Modpack\natives\OpenAL64.dll
0x00007ff8f7590000 - 0x00007ff8f76ba000 	C:\WINDOWS\System32\ole32.dll
0x00007ff8d0820000 - 0x00007ff8d08bc000 	C:\WINDOWS\SYSTEM32\dsound.dll
0x00007ff8f5b10000 - 0x00007ff8f5b5b000 	C:\WINDOWS\SYSTEM32\powrprof.dll
0x00007ff8d9b50000 - 0x00007ff8d9b76000 	C:\WINDOWS\SYSTEM32\winmmbase.dll
0x00007ff8f5980000 - 0x00007ff8f5992000 	C:\WINDOWS\SYSTEM32\UMPDC.dll
0x00007ff8f0ce0000 - 0x00007ff8f0d65000 	C:\WINDOWS\System32\MMDevApi.dll
0x00007ff8f1200000 - 0x00007ff8f1382000 	C:\WINDOWS\SYSTEM32\AUDIOSES.DLL
0x00007ff8f4a20000 - 0x00007ff8f4c04000 	C:\WINDOWS\SYSTEM32\dbghelp.dll

VM Arguments:
jvm_args: -XX:+UseG1GC -XX:+UnlockExperimentalVMOptions -XX:G1NewSizePercent=20 -XX:G1ReservePercent=20 -XX:MaxGCPauseMillis=50 -XX:G1HeapRegionSize=32M -XX:HeapDumpPath=MojangTricksIntelDriversForPerformance_javaw.exe_minecraft.exe.heapdump -Xms4976m -Xmx5067m -Duser.language=en -Djava.library.path=C:/Program Files (x86)/MultiMC/instances/1.12.2-Survival-Modpack/natives 
java_command: org.multimc.EntryPoint
java_class_path (initial): C:/Program Files (x86)/MultiMC/jars/NewLaunch.jar;C:/Program Files (x86)/MultiMC/libraries/net/java/jinput/jinput/2.0.5/jinput-2.0.5.jar;C:/Program Files (x86)/MultiMC/libraries/net/java/jutils/jutils/1.0.0/jutils-1.0.0.jar;C:/Program Files (x86)/MultiMC/libraries/org/lwjgl/lwjgl/lwjgl/2.9.4-nightly-20150209/lwjgl-2.9.4-nightly-20150209.jar;C:/Program Files (x86)/MultiMC/libraries/org/lwjgl/lwjgl/lwjgl_util/2.9.4-nightly-20150209/lwjgl_util-2.9.4-nightly-20150209.jar;C:/Program Files (x86)/MultiMC/libraries/com/mojang/patchy/1.3.9/patchy-1.3.9.jar;C:/Program Files (x86)/MultiMC/libraries/oshi-project/oshi-core/1.1/oshi-core-1.1.jar;C:/Program Files (x86)/MultiMC/libraries/net/java/dev/jna/jna/4.4.0/jna-4.4.0.jar;C:/Program Files (x86)/MultiMC/libraries/net/java/dev/jna/platform/3.4.0/platform-3.4.0.jar;C:/Program Files (x86)/MultiMC/libraries/com/ibm/icu/icu4j-core-mojang/51.2/icu4j-core-mojang-51.2.jar;C:/Program Files (x86)/MultiMC/libraries/net/sf/jopt-simple/jopt-simple/5.0.3/jopt-simple-5.0.3.jar;C:/Program Files (x86)/MultiMC/libraries/com/paulscode/codecjorbis/20101023/codecjorbis-20101023.jar;C:/Program Files (x86)/MultiMC/libraries/com/paulscode/codecwav/20101023/codecwav-20101023.jar;C:/Program Files (x86)/MultiMC/libraries/com/paulscode/libraryjavasound/20101123/libraryjavasound-20101123.jar;C:/Program Files (x86)/MultiMC/libraries/com/paulscode/librarylwjglopenal/20100824/librarylwjglopenal-20100824.jar;C:/Program Files (x86)/MultiMC/libraries/com/paulscode/soundsystem/20120107/soundsystem-20120107.jar;C:/Program Files (x86)/MultiMC/libraries/io/netty/netty-all/4.1.9.Final/netty-all-4.1.9.Final.jar;C:/Program Files (x86)/MultiMC/libraries/com/google/guava/guava/21.0/guava-21.0.jar;C:/Program Files (x86)/MultiMC/libraries/org/apache/commons/commons-lang3/3.5/commons-lang3-3.5.jar;C:/Program Files (x86)/MultiMC/libraries/commons-io/commons-io/2.5/commons-io-2.5.jar;C:/Program Files (x86)/MultiMC/libraries/commons-codec/commons-
Launcher Type: SUN_STANDARD

Environment Variables:
PATH=C:\Program Files\Common Files\Oracle\Java\javapath;C:\Program Files (x86)\NVIDIA Corporation\PhysX\Common;C:\Program Files (x86)\Razer Chroma SDK\bin;C:\Program Files\Razer Chroma SDK\bin;C:\Program Files (x86)\Razer\ChromaBroadcast\bin;C:\Program Files\Razer\ChromaBroadcast\bin;C:\Program Files (x86)\Common Files\Oracle\Java\javapath;C:\Windows\system32;C:\Windows;C:\Windows\System32\Wbem;C:\Windows\System32\WindowsPowerShell\v1.0\;C:\Windows\System32\OpenSSH\;C:\Windows\system32\config\systemprofile\AppData\Local\Microsoft\WindowsApps;;C:\WINDOWS\system32;C:\WINDOWS;C:\WINDOWS\System32\Wbem;C:\WINDOWS\System32\WindowsPowerShell\v1.0\;C:\WINDOWS\System32\OpenSSH\;C:\Program Files\Prio;C:\Program Files\dotnet\;C:\Users\Jacob\AppData\Local\Microsoft\WindowsApps;C:\Users\Jacob\AppData\Local\GitHubDesktop\bin
USERNAME=Jacob
OS=Windows_NT
PROCESSOR_IDENTIFIER=AMD64 Family 23 Model 24 Stepping 1, AuthenticAMD



---------------  S Y S T E M  ---------------

OS: Windows 10.0 , 64 bit Build 19041 (10.0.19041.3031)

CPU:total 4 (initial active 4) (4 cores per cpu, 1 threads per core) family 23 model 24 stepping 1, cmov, cx8, fxsr, mmx, sse, sse2, sse3, ssse3, sse4.1, sse4.2, popcnt, avx, avx2, aes, clmul, mmxext, 3dnowpref, lzcnt, sse4a, tsc, tscinvbit, tscinv, bmi1

Memory: 4k page, physical 16709764k(4758352k free), swap 24049796k(5164908k free)

vm_info: Java HotSpot(TM) 64-Bit Server VM (25.261-b12) for windows-amd64 JRE (1.8.0_261-b12), built on Jun 18 2020 06:56:32 by "" with unknown MS VC++:1916

time: Sat Jun 24 14:44:43 2023
timezone: Eastern Daylight Time
elapsed time: 144 seconds (0d 0h 2m 24s)

